2022-03-10 23:34:52.313061
Split # 1
MSE: 49.780589675473514
MAE: 1.3332920738327902
MAPE: 0.3968214468064964
R2: 0.7072946401821398
      Topic  Frequency   Timestamp  Frequency_Next_Year  Lag-1  Diff-1  \
10      210          1  2020-01-01                  NaN    3.0    -2.0   
47      216          1  2021-01-01                  NaN    1.0     0.0   
73       78          9  2021-01-01                  NaN    5.0     4.0   
95      361          1  2019-01-01                  NaN    1.0     0.0   
100     238          1  2021-01-01                  NaN    1.0     0.0   
...     ...        ...         ...                  ...    ...     ...   
4939    177          1  2021-01-01                  NaN    2.0    -1.0   
4942    161          2  2021-01-01                  NaN    2.0     0.0   
4947    197          4  2021-01-01                  NaN    3.0     1.0   
4959    126          3  2021-01-01                  NaN    3.0     0.0   
4969    211          2  2021-01-01                  NaN    2.0     0.0   

      Rolling-4  
10         1.75  
47         1.00  
73         6.00  
95         1.00  
100        1.00  
...         ...  
4939       1.50  
4942       1.50  
4947       2.25  
4959       3.50  
4969       1.50  

[369 rows x 7 columns]
[  1.52         2.           6.           2.           1.
   1.           2.           1.           1.           1.
   1.           2.           5.           4.3          4.8
   1.           9.           2.           1.           1.
   3.           1.           1.           1.           1.33333333
   4.52         1.           1.           1.           1.22
   1.           3.88         1.           1.           2.
   6.54         1.          41.           6.64         2.
   3.           1.           1.           1.          10.
   1.           5.24       117.           1.           1.
   1.           1.           1.5          1.           2.
   3.           1.          41.           2.          16.
   2.           2.          16.           3.66         1.
   1.           2.           5.           4.76         4.
   5.62         1.           1.           1.           1.
   2.           1.           2.24         1.           1.
   2.           1.           1.           6.36         1.
   1.           1.           2.           1.           2.
   2.           1.           9.           2.           1.
   1.           3.           2.02         1.           1.
   3.74         2.           1.           1.           2.
   2.           1.           1.           2.18         2.
   3.12         1.           3.           1.           2.
   1.           2.           1.           1.           1.
   2.12         5.28         1.           1.           2.
   1.           1.           1.           1.           2.
   2.           1.           2.           1.           1.
   1.5          1.           6.           2.           3.
   2.           2.           3.           6.9          1.
   1.3          1.           2.           1.           2.
   1.           1.           1.           1.           1.
   1.           4.           4.8          1.           4.18
   1.           4.           2.           1.           1.
   1.          31.           1.           1.           2.68
   1.           2.           1.           1.           4.74
   1.           1.           1.           1.           1.
   1.           2.88         2.          41.           1.
   1.           1.           2.           1.          11.
   1.           2.62         1.           4.18         1.
   8.04         7.56         2.           3.           4.76
   1.           2.           2.           1.           2.
   2.9          1.           9.           2.           2.
   2.           4.52         2.           1.           8.04
   1.           2.48         1.           1.           1.
   1.9          1.           1.           1.5          4.44
   1.           2.           2.           1.           1.
   1.32         3.           7.           1.          11.52
   1.           1.           1.           3.           2.
   1.           2.36         1.           1.           2.16
   1.           1.           2.           3.          16.
   4.12         1.         117.           1.           3.12
   1.           1.           1.           1.           1.
   2.           5.           7.           1.           2.
   1.           1.          35.24         1.           2.
   1.           1.           1.           2.18         2.
   1.           7.           2.32         1.           1.5
   1.          16.           1.           7.48         1.
   1.           3.84         4.44         1.           1.
   6.9          1.           2.18         2.           2.
   1.           1.           1.           1.          32.8
   2.           1.           2.           1.           1.
   4.52         4.2          1.           1.           4.74
   1.           7.           2.           1.           7.
   1.           1.           2.           1.           2.
   2.88         2.           4.           3.84         2.
   1.           1.           1.           1.           1.
   1.6          1.          56.16         1.           4.
   1.           2.08         6.           1.           1.
  32.4          1.           6.84         1.           1.
   7.           2.           1.           1.           1.
   3.           1.           1.           1.           1.
   1.           1.           2.           1.           4.44
   1.           1.           1.           1.           1.08
   1.12         4.44         2.88         1.3       ]
Split # 2
MSE: 57.25979717206874
MAE: 1.265220796171416
MAPE: 0.36969121883587286
R2: 0.6642367535883855
      Topic  Frequency   Timestamp  Frequency_Next_Year  Lag-1  Diff-1  \
2       300          1  2021-01-01                  NaN    1.0     0.0   
31       60          1  2021-01-01                  NaN    2.0    -1.0   
103      77          3  2021-01-01                  NaN    2.0     1.0   
107      45         11  2021-01-01                  NaN   14.0    -3.0   
112     289          1  2021-01-01                  NaN    1.0     0.0   
...     ...        ...         ...                  ...    ...     ...   
4939    177          1  2021-01-01                  NaN    2.0    -1.0   
4942    161          2  2021-01-01                  NaN    2.0     0.0   
4947    197          4  2021-01-01                  NaN    3.0     1.0   
4959    126          3  2021-01-01                  NaN    3.0     0.0   
4969    211          2  2021-01-01                  NaN    2.0     0.0   

      Rolling-4  
2          1.00  
31         2.50  
103        2.00  
107        7.00  
112        1.00  
...         ...  
4939       1.50  
4942       1.50  
4947       2.25  
4959       3.50  
4969       1.50  

[377 rows x 7 columns]
[  1.     1.     5.84  11.86   1.     1.     1.     1.56   1.     3.
   1.     1.     3.     2.     3.     1.     1.52   1.     2.     1.
   5.52   1.     1.     1.     2.     1.     1.     1.     1.     1.
  11.2    2.48   1.     1.     1.     1.     1.     1.     5.    54.8
  15.28   1.     1.     6.     1.    24.     7.     3.     1.     1.
   1.     1.    13.8    1.     7.   102.     1.     3.     1.     1.
   1.5    1.     3.3    3.     2.4   32.     2.    19.     1.     1.
  18.82   6.84   1.     1.     1.     3.     3.54   9.88   7.     1.
   1.     1.     2.     1.     1.     4.     1.     1.     2.     3.
   1.     8.     3.3    1.     2.     1.     1.     2.     1.     1.
   6.     1.     1.     2.     3.46   1.     1.     1.     1.68   2.
   1.     1.58   1.     1.84   1.     3.     1.54   2.     1.68   1.
   2.     1.     1.     3.     1.     1.     1.     3.     1.     7.
   1.     1.     1.     1.     1.     2.     1.     1.     1.     1.
   1.     1.42   5.42   2.     1.     6.04   1.     1.     3.     3.
   3.     7.     1.     1.     1.     1.     1.     2.     1.     2.
   2.     1.     1.     1.     1.     3.     2.     1.     1.     3.
   1.     1.     1.     1.    20.1    1.     1.     2.     1.     3.
   1.     1.     4.     1.     1.     1.     1.     1.     1.     3.
   1.    32.     1.4    1.     2.     1.     1.    11.74   1.     2.04
   1.     1.     2.    10.26   8.     1.     3.     3.     3.     1.
   1.44   1.     1.     1.     1.     7.36   2.     5.     2.     5.8
   3.     1.     9.94   1.     3.     1.     1.     1.     1.     1.
   1.     1.     5.3    2.     2.     1.     1.     1.     1.     4.
   7.     2.    15.28   1.     1.     1.     3.54   3.3    1.     1.
   1.     1.     2.     1.     1.     2.     2.    18.5    5.     2.
 102.     1.     1.68   1.     1.     2.     1.     1.     2.     7.
   5.     1.     2.     1.     1.    30.24   1.     2.46   2.     1.82
   1.     1.54   1.     1.     2.     1.     1.     1.     1.    18.48
   1.    10.12   1.     1.     5.3    3.     1.     1.     7.     1.
   1.54   1.     3.     1.     1.     1.     1.    31.68   1.     1.
   1.     1.     1.     5.28   1.     1.     1.     6.     1.     3.54
   2.     1.     7.     7.     1.     2.     1.     2.58   7.     3.
   1.     5.3    1.     1.     3.     1.     1.     1.     3.     1.
 102.     1.     3.     1.     2.     4.     1.     1.    32.     1.
  11.44   1.     1.     3.54   1.     1.     1.     1.     5.84   1.
   1.     1.     1.58   1.     1.     1.     1.     3.54   1.     1.
   2.     1.     1.     1.     3.     3.54   1.  ]
Split # 3
MSE: 14.690852672216188
MAE: 1.1368541440463265
MAPE: 0.4144830007012847
R2: 0.901494177645012
      Topic  Frequency   Timestamp  Frequency_Next_Year  Lag-1  Diff-1  \
2       300          1  2021-01-01                  NaN    1.0     0.0   
31       60          1  2021-01-01                  NaN    2.0    -1.0   
103      77          3  2021-01-01                  NaN    2.0     1.0   
107      45         11  2021-01-01                  NaN   14.0    -3.0   
112     289          1  2021-01-01                  NaN    1.0     0.0   
...     ...        ...         ...                  ...    ...     ...   
4939    177          1  2021-01-01                  NaN    2.0    -1.0   
4942    161          2  2021-01-01                  NaN    2.0     0.0   
4947    197          4  2021-01-01                  NaN    3.0     1.0   
4959    126          3  2021-01-01                  NaN    3.0     0.0   
4969    211          2  2021-01-01                  NaN    2.0     0.0   

      Rolling-4  
2          1.00  
31         2.50  
103        2.00  
107        7.00  
112        1.00  
...         ...  
4939       1.50  
4942       1.50  
4947       2.25  
4959       3.50  
4969       1.50  

[369 rows x 7 columns]
[ 1.          4.          1.         16.          1.          3.52
  1.          1.4         1.          1.72        1.          1.
  2.          5.08        1.          1.          1.          1.
  2.          1.          6.38        1.          1.          2.
  1.          1.          1.          1.          1.          2.
  2.          2.58        1.          1.          3.          1.
  2.          4.          2.         57.12       15.12        2.
  1.          2.          1.          5.          1.          1.
  1.          6.          1.          1.          1.5         1.
  2.          4.52        5.14        6.          2.          2.58
  2.46        1.26666667  1.          1.          2.          1.
  1.          1.          4.8         1.          1.          1.
  2.          2.          5.          6.          1.          1.
  1.          1.          2.          1.          1.          2.
  1.          1.          3.68        1.          1.          1.
  1.          1.          2.58        1.          1.          3.
  2.          2.47        1.          1.          5.46        2.05
  1.          2.          1.          1.          6.          1.34
  1.          2.          1.          1.          1.18        1.
  6.          1.          1.          1.          3.          2.
  1.95        2.32        1.          1.          1.          1.
  2.          1.4         2.36        1.          1.          1.
  2.54        2.          1.          2.          1.4         6.18
  6.          2.          1.          3.44        5.64       11.
  2.          2.          1.          2.          1.          2.
  2.          1.          1.          1.          2.          1.
  1.          6.          2.          6.          1.          1.
  1.42        3.          1.          1.         18.98        2.
  3.          2.          1.          1.          1.          1.
  6.          1.          1.          2.          1.          1.
  1.          1.72        2.         29.          1.          2.
  1.55        2.          1.         16.          1.          1.72
  1.          6.          1.          2.          2.          1.42
  1.          6.          1.          4.48        3.          1.
  1.          1.          1.          2.          1.          3.4
  3.          1.          2.          1.          2.          1.
  2.          2.          1.          1.          1.72        1.
  1.          1.          6.          2.          1.          1.
  1.4         1.          2.31        1.          2.          6.
 19.32        2.          1.          1.          2.          1.
  1.          2.          1.          1.          1.          1.
  1.          2.          1.         18.88        5.          2.4
 83.68        2.44        6.          1.          1.          1.
  1.          1.2         1.          2.24        6.18        1.
  1.          1.          1.58       46.34        1.          2.
  1.          1.          2.          1.          2.          1.
  2.68        1.          1.          2.          1.         18.12
  1.          2.          1.          1.          2.          4.
  1.          1.          2.          1.          1.          2.
  2.          1.          1.          1.          1.         37.5
  1.          1.92        2.8         1.          1.          5.1
  2.          1.          1.          6.          1.          1.
  1.          1.          2.6         5.08        2.          1.
  1.          2.          3.          2.          4.          1.42
  2.46        1.          6.          1.          1.          1.
  3.32        1.         80.48        1.          1.          1.
  2.          2.          1.          1.         29.          1.
  2.          1.          1.          4.          6.          1.
  2.          2.          1.          1.          1.          1.
  2.          1.          2.          2.          1.          4.
  1.          1.          4.          1.          2.          2.22
  6.          2.          1.        ]
Split # 4
MSE: 92.29182992383024
MAE: 1.445177366702938
MAPE: 0.4164357921059194
R2: 0.46680871703267046
      Topic  Frequency   Timestamp  Frequency_Next_Year  Lag-1  Diff-1  \
2       300          1  2021-01-01                  NaN    1.0     0.0   
31       60          1  2021-01-01                  NaN    2.0    -1.0   
103      77          3  2021-01-01                  NaN    2.0     1.0   
107      45         11  2021-01-01                  NaN   14.0    -3.0   
112     289          1  2021-01-01                  NaN    1.0     0.0   
...     ...        ...         ...                  ...    ...     ...   
4939    177          1  2021-01-01                  NaN    2.0    -1.0   
4942    161          2  2021-01-01                  NaN    2.0     0.0   
4947    197          4  2021-01-01                  NaN    3.0     1.0   
4959    126          3  2021-01-01                  NaN    3.0     0.0   
4969    211          2  2021-01-01                  NaN    2.0     0.0   

      Rolling-4  
2          1.00  
31         2.50  
103        2.00  
107        7.00  
112        1.00  
...         ...  
4939       1.50  
4942       1.50  
4947       2.25  
4959       3.50  
4969       1.50  

[379 rows x 7 columns]
[ 1.    1.96  1.   10.32  1.    2.    1.    2.38  1.    3.    1.    2.
  2.    5.32  2.    1.    2.    1.    2.    1.    3.34  2.    1.    1.
  3.    2.    1.    1.    1.    3.    9.    2.    2.    1.    1.    1.
  2.    1.    2.   43.08 16.    1.    1.    1.    1.    2.    1.    2.
  1.    2.    1.    1.    1.64  2.    1.42  3.4   4.5   2.    1.    2.
  1.    1.    1.    1.    1.    1.    1.    1.5   3.54  1.    1.    1.
  1.    1.    6.32  3.08  1.    1.    5.7   1.   17.    3.12  1.88  2.
  1.    1.    1.   17.12  1.    3.   56.    1.    1.    1.    1.    1.
  1.    2.72  1.    2.   25.78  2.   17.68  1.    1.   17.68  6.2   1.
  1.    1.    3.46  4.   10.    6.06  1.    1.    1.    1.    1.    1.
  1.44  1.    1.    1.    2.12  1.    1.    1.    1.4   1.    1.4  14.
  1.    2.78  1.    1.    1.    1.    1.6   1.    1.    1.    1.    1.
  2.    2.    2.    4.    2.    2.    2.    1.    2.   14.5   1.    1.
  1.    2.    1.    2.72  1.    2.    1.    2.    1.    2.    1.    2.
  1.    2.    1.    2.    2.    1.    1.    2.   20.56  1.    2.    1.68
  1.    2.    1.    2.2   3.04  1.    1.    1.56  1.    1.36  1.    1.
  1.   27.5   1.    1.    1.68  2.    1.   11.68  1.    7.4   1.    2.
  2.    6.26  8.    2.    2.    4.    2.    2.08  5.    1.    1.    2.
  1.    8.    1.    3.2   2.    5.74  2.44  1.    6.    1.    2.    1.
  1.    2.    3.    1.    1.    1.    2.    2.    3.    1.    1.    2.
  1.    3.    9.    1.48 20.56  1.    1.    1.    2.44  1.4   2.    1.
  2.    2.    2.    1.    1.    1.6   1.   20.84  5.48  2.   56.    1.
  3.2   1.    1.    1.    1.    1.    1.    2.    2.44  1.    1.    1.
  1.   35.08  1.    2.    1.    1.    2.    1.    2.    1.    3.24  2.
  1.    1.    1.   14.08  1.    2.56  1.    1.    1.    2.    2.    1.
  9.    1.    1.    1.    1.92  1.    1.    3.28  1.   30.64  1.96  3.
  3.6   1.    1.    5.4   2.    1.    1.    2.8   1.    3.36  3.    1.
  4.54  2.    1.    2.    1.    2.    1.4   2.    2.    1.74  2.    1.
  1.    1.    1.    1.    3.2   1.   56.    1.    2.    1.    1.    2.
  2.    1.48 28.42  1.    8.    1.    1.    2.    2.    1.    2.    1.
  2.42  1.    1.    1.    2.    1.    2.    1.    1.    2.    1.    1.
  1.48  3.    1.72  1.36  2.    1.4   1.  ]
Split # 5
MSE: 69.07563228192298
MAE: 1.4548096584729169
MAPE: 0.4935891708622863
R2: 0.5936792116813755
      Topic  Frequency   Timestamp  Frequency_Next_Year  Lag-1  Diff-1  \
2       300          1  2021-01-01                  NaN    1.0     0.0   
31       60          1  2021-01-01                  NaN    2.0    -1.0   
103      77          3  2021-01-01                  NaN    2.0     1.0   
107      45         11  2021-01-01                  NaN   14.0    -3.0   
112     289          1  2021-01-01                  NaN    1.0     0.0   
...     ...        ...         ...                  ...    ...     ...   
4939    177          1  2021-01-01                  NaN    2.0    -1.0   
4942    161          2  2021-01-01                  NaN    2.0     0.0   
4947    197          4  2021-01-01                  NaN    3.0     1.0   
4959    126          3  2021-01-01                  NaN    3.0     0.0   
4969    211          2  2021-01-01                  NaN    2.0     0.0   

      Rolling-4  
2          1.00  
31         2.50  
103        2.00  
107        7.00  
112        1.00  
...         ...  
4939       1.50  
4942       1.50  
4947       2.25  
4959       3.50  
4969       1.50  

[377 rows x 7 columns]
[ 1.    3.    2.   13.64  2.    1.54  1.    2.    1.    3.    1.    1.
  4.    7.62  1.    1.    1.    1.    1.    1.    4.56  1.    1.    1.1
  1.    1.    1.    1.    1.    1.26 14.04  4.32  1.64  1.    2.    1.
  1.36  1.    5.34 84.56 35.66  1.48  1.    3.    1.    3.    1.    1.
  1.    1.    1.    1.    2.    1.    1.64  2.    4.    2.38  3.3   1.84
  4.    1.77  1.    2.    1.5   1.    1.54  1.    4.    2.    1.    1.
  1.    1.    4.    3.    1.06  1.    5.    1.   36.26  4.    1.    1.
  1.    1.    2.   26.    1.    3.62 83.44  1.74  1.    1.    1.    2.
  1.    2.    3.    4.36 28.36  3.   11.    2.34  3.   14.84  7.38  1.
  1.    1.    8.    3.84  4.    4.    1.    1.18  1.    1.    2.    1.
  3.    1.    1.    1.    1.    1.    4.88  1.    1.    2.68  1.    1.
  1.    2.94  1.    3.    1.    1.5   2.    3.68  1.14  1.    1.    2.36
  3.    1.    1.    2.    1.    1.    3.    1.    2.    7.08  2.    1.36
  1.    2.    2.    1.    1.    1.82  2.    1.    1.    2.6   2.    1.
  1.    1.    1.    2.    1.    1.   26.    1.    2.    3.    1.    2.
  1.    2.    3.    1.    1.    1.    2.    1.    1.    3.    1.   30.24
  1.36  1.    1.    1.    1.   16.3   1.    5.48  1.    4.    4.   10.
  6.08  1.    2.    3.84  2.    8.    5.62  1.    1.    1.    1.    5.92
  2.    5.    2.    3.    2.    1.   10.    1.82  3.22  2.94  2.    1.
  1.36  1.    1.    1.    1.    1.    1.    1.    2.    1.    1.14  2.
  4.72  2.   35.66  1.    1.    5.48  3.36  1.    1.    1.64  1.48  1.
  3.04  2.    1.    1.26  1.   17.48  7.    2.   80.92  1.    5.    1.
  1.    1.    1.    1.32  1.    3.68  5.    1.    2.    1.    1.   29.
  1.    1.    1.    3.    1.1   1.    1.    1.48  5.86  2.    1.    4.04
  1.   15.36  1.   10.    1.36  1.    2.    2.58  1.64  1.    5.36  1.
  1.94  3.56  1.    1.    1.    1.6   1.   40.6   2.    3.    1.    1.
  1.    7.62  4.36  2.    1.    3.    1.    3.66  2.    1.    3.28  3.
  2.    3.    1.    3.86  2.74  3.    1.    1.    2.    1.    2.44  1.
  1.    1.    3.    1.   83.44  1.    2.76  1.    1.    3.68  1.    1.36
 35.66  1.5  13.    2.    1.    3.    1.    2.    1.    1.    2.    1.
  1.    1.    1.    1.    1.    2.    1.    2.54  1.    1.5   1.    1.
  1.5   1.    3.04  3.78  3.  ]
Split # 6
MSE: 27.924639123834307
MAE: 1.3065885924962048
MAPE: 0.5243471542834754
R2: 0.8278971510375597
      Topic  Frequency   Timestamp  Frequency_Next_Year  Lag-1  Diff-1  \
2       300          1  2021-01-01                  NaN    1.0     0.0   
31       60          1  2021-01-01                  NaN    2.0    -1.0   
103      77          3  2021-01-01                  NaN    2.0     1.0   
107      45         11  2021-01-01                  NaN   14.0    -3.0   
112     289          1  2021-01-01                  NaN    1.0     0.0   
...     ...        ...         ...                  ...    ...     ...   
4939    177          1  2021-01-01                  NaN    2.0    -1.0   
4942    161          2  2021-01-01                  NaN    2.0     0.0   
4947    197          4  2021-01-01                  NaN    3.0     1.0   
4959    126          3  2021-01-01                  NaN    3.0     0.0   
4969    211          2  2021-01-01                  NaN    2.0     0.0   

      Rolling-4  
2          1.00  
31         2.50  
103        2.00  
107        7.00  
112        1.00  
...         ...  
4939       1.50  
4942       1.50  
4947       2.25  
4959       3.50  
4969       1.50  

[363 rows x 7 columns]
[  1.     3.     2.6   13.     1.     2.54   1.     1.48   1.     2.
   1.     1.     2.54   4.16   1.     1.     1.     2.44   2.     1.
  13.     1.     1.     2.     1.     1.46   1.     1.3    1.     1.
  13.56   4.78   1.     1.     1.     1.     2.     1.    13.    49.9
  18.08   1.     1.     1.     1.    13.     1.     1.     1.     1.
   1.     1.     1.92   1.     1.     2.     8.     1.44   2.64   2.6
   2.     1.     1.     1.     1.     1.     2.54   1.     8.     1.
   1.     1.     1.     1.    13.    13.     1.     1.     6.86   1.
  41.42   6.     2.     1.     1.     1.     1.    21.     1.     2.28
 180.     2.     1.     1.     1.     1.     1.     1.66   2.     3.
  30.     1.    21.62   2.58   1.    21.54   4.86   1.     1.     1.
   1.64   2.68  11.     7.26   1.     1.     1.     1.     1.     1.
   1.44   1.     2.44   2.     1.     1.     8.     1.     1.     2.48
   1.52   1.     2.     2.     1.     2.6    1.     1.     1.     3.
   3.     2.     1.     4.06   2.     1.     1.     1.     2.     2.
   1.     1.52   2.     3.7    1.     1.     1.     2.     1.     1.
   1.     2.34   1.     1.22   2.6    1.     2.     1.     1.     1.
   1.     1.     1.     1.52   1.     4.44   1.     2.     1.2    1.
   6.08   1.     1.     1.42   2.28   6.     8.46   1.12   1.2   13.
   7.     1.     1.     2.     6.     1.4    3.34   1.     1.     1.
   1.     8.     2.     6.48   1.     7.     1.62   1.    33.8    2.
   1.     1.     2.     6.     1.     1.     2.     1.     1.7    2.
   1.     1.     1.     1.     1.     1.    11.     2.    22.26   1.
   1.     1.     7.     2.9    1.     1.     1.     1.     1.     1.
   1.     1.     2.    21.64  13.     3.   108.44   2.     5.     1.
   1.     1.     1.     1.     1.     2.6    6.84   1.     1.     1.
   1.42  31.92   1.     3.     2.     3.     1.6    1.     2.     1.
  12.     2.     1.     1.     1.    21.62   1.    13.     2.     2.
   2.     1.     1.     1.     8.     1.     2.     1.     1.     1.
   1.     1.     1.    31.92   3.     1.     3.     1.     1.    13.
   1.     1.     1.     3.     1.     3.     2.     1.     2.6    2.28
   1.     2.     1.     1.     2.6    2.54   4.     1.     4.     1.
   3.     1.     1.     1.     4.54   1.    82.52   1.     1.     1.
   1.     1.     1.     1.    49.9    1.     7.     1.     2.    12.
   1.     2.     1.4    1.     2.86   2.     1.     1.     1.12   1.
   1.     2.     1.     3.     1.     1.     2.     2.     1.     1.44
   1.48   3.     1.  ]
Split # 7
MSE: 26.359839565689466
MAE: 1.332442996742671
MAPE: 0.36862038230086636
R2: 0.7840320689530857
      Topic  Frequency   Timestamp  Frequency_Next_Year  Lag-1  Diff-1  \
2       300          1  2021-01-01                  NaN    1.0     0.0   
31       60          1  2021-01-01                  NaN    2.0    -1.0   
103      77          3  2021-01-01                  NaN    2.0     1.0   
107      45         11  2021-01-01                  NaN   14.0    -3.0   
112     289          1  2021-01-01                  NaN    1.0     0.0   
...     ...        ...         ...                  ...    ...     ...   
4939    177          1  2021-01-01                  NaN    2.0    -1.0   
4942    161          2  2021-01-01                  NaN    2.0     0.0   
4947    197          4  2021-01-01                  NaN    3.0     1.0   
4959    126          3  2021-01-01                  NaN    3.0     0.0   
4969    211          2  2021-01-01                  NaN    2.0     0.0   

      Rolling-4  
2          1.00  
31         2.50  
103        2.00  
107        7.00  
112        1.00  
...         ...  
4939       1.50  
4942       1.50  
4947       2.25  
4959       3.50  
4969       1.50  

[369 rows x 7 columns]
[  1.     3.12   1.44   2.     1.     1.     1.     3.     1.     2.
   1.     1.     2.36   2.     1.     1.     1.     1.     1.     1.
   6.     1.     1.     1.     1.     1.56   1.     2.     1.     1.
   7.94   3.     3.     1.     3.     1.     1.     1.     2.    36.62
  21.74   1.     1.     1.     1.     5.56   1.     1.     1.     3.
   2.     1.     1.     1.     2.04   3.     6.12   2.48   1.     3.8
   2.     2.28   3.     2.48   2.     1.     1.     1.     5.28   3.
   1.5    1.     1.     2.     5.74   2.     2.48   1.     6.     1.
  18.34   6.     1.     2.     1.     1.     1.    22.1    1.     4.98
 365.     1.     1.     1.     1.     2.     1.     1.44   2.48   1.88
  25.76   1.    30.4    1.     3.    30.4    6.46   1.     1.     1.
   3.88   2.72  14.     5.6    1.     1.     1.     1.     2.72   1.
   2.52   1.     1.     1.     2.     1.     8.28   1.56   1.     1.7
   2.     2.     1.     1.     1.     6.36   1.     1.     1.     3.
   1.     1.     1.     3.74   1.     1.     1.     2.     1.44   2.
   1.     1.     1.     4.     1.5    2.     1.     2.96   1.     2.
   1.     1.52   1.     1.56   4.48   1.     1.     1.     1.     2.26
   1.     1.     1.     3.     1.     2.68   2.     1.3    1.     1.
   6.     3.     2.     1.     1.     3.5    8.22   2.     1.     3.
   1.     1.     1.     3.     2.     1.     2.     1.     1.     1.
   2.48   3.     2.     1.     2.     1.72   1.     2.     1.    20.
   1.     3.     2.     1.5    1.     1.     1.     3.52   1.     1.
   1.     1.     2.     1.     1.56   3.    36.8    2.     1.     1.
   1.     2.    14.46   1.     6.     1.     2.     1.     4.     1.
   1.     1.     1.     1.     2.8    1.     2.     1.     2.    31.58
   6.04   1.    85.06   1.     5.     1.     1.     1.5    1.     1.
   1.     4.58   2.     1.     1.     3.     1.    36.54   1.     3.
   1.     3.     3.     1.     1.     1.     5.     1.     1.     2.
   2.    28.14   1.     5.8    3.     1.     3.     2.     3.     1.
   8.12   1.     1.     4.08   1.72   2.     1.     1.     1.    40.28
   1.     1.92   3.66   1.     1.     5.32   2.8    1.5    3.     4.
   1.5    3.64   2.     1.     3.26   2.     1.     1.     1.     2.48
   3.74   1.     1.56   1.     2.     1.     3.22   1.     1.     1.
   5.     1.   133.5    1.     2.     1.     3.     2.94   1.     2.
  36.96   1.     7.     2.     1.     4.42   3.     1.     2.52   1.
   1.44   1.     1.     1.     3.     1.     1.     2.     2.     2.
   1.     1.     1.     1.     1.     1.     2.     2.92   2.  ]
Split # 8
MSE: 10.501826062445792
MAE: 1.1064570685169124
MAPE: 0.3750282048277407
R2: 0.9292006691990977
      Topic  Frequency   Timestamp  Frequency_Next_Year  Lag-1  Diff-1  \
2       300          1  2021-01-01                  NaN    1.0     0.0   
31       60          1  2021-01-01                  NaN    2.0    -1.0   
103      77          3  2021-01-01                  NaN    2.0     1.0   
107      45         11  2021-01-01                  NaN   14.0    -3.0   
112     289          1  2021-01-01                  NaN    1.0     0.0   
...     ...        ...         ...                  ...    ...     ...   
4939    177          1  2021-01-01                  NaN    2.0    -1.0   
4942    161          2  2021-01-01                  NaN    2.0     0.0   
4947    197          4  2021-01-01                  NaN    3.0     1.0   
4959    126          3  2021-01-01                  NaN    3.0     0.0   
4969    211          2  2021-01-01                  NaN    2.0     0.0   

      Rolling-4  
2          1.00  
31         2.50  
103        2.00  
107        7.00  
112        1.00  
...         ...  
4939       1.50  
4942       1.50  
4947       2.25  
4959       3.50  
4969       1.50  

[362 rows x 7 columns]
[  1.     2.24   2.    23.     1.     3.     1.     1.     1.     2.1
   1.     1.     1.     6.     1.     1.     1.     1.     3.     1.
   6.4    1.     1.     1.     1.     1.54   1.     1.     1.     1.
   8.     2.28   1.     1.     2.     1.     1.     1.     7.    62.62
  19.24   2.     1.     1.     1.     1.54   1.     1.     1.     2.
   1.     1.     1.6    1.     2.     2.     6.     3.     1.87   1.76
   4.74   2.     2.     1.     1.     1.     2.     1.     5.     2.
   1.     1.     2.     2.     6.     3.96   2.16   1.     8.04   1.
  29.7    9.     1.64   2.     1.     2.     1.    19.24   1.     1.
 308.     1.     1.84   1.     1.     1.     1.     1.     1.     2.
  29.2    1.42  13.     1.     2.    12.     5.     1.     1.     1.
   2.     1.    13.94   5.     1.     2.     1.     1.     2.     1.
   3.     2.     1.     3.     1.     1.     8.     1.     1.     2.6
   1.     1.     1.     2.     2.     1.54   2.     1.     1.     2.
   1.84   1.     1.     2.6    1.     1.     1.     2.2    1.56   2.
   1.     1.     2.    11.     1.     1.     1.     2.     1.     1.
   1.     3.     1.64   1.     2.08   1.     2.     1.     1.     1.
   1.     1.84   2.     1.     1.32   1.     1.     1.     2.     2.
   5.54   2.     1.     1.24   2.5    3.     8.78   1.     1.     2.
   1.     2.     2.     1.     2.86   1.22   1.     1.     1.     1.
   3.     1.     2.     1.     3.     1.     1.68   1.     1.    24.46
   1.     1.     3.     1.     1.     1.     2.     3.     1.     1.
   1.     1.     1.     1.     1.     1.    39.8    1.     1.     1.
   1.     2.    13.68   1.     5.     1.     2.     1.     7.78   7.58
   1.     1.     1.     3.     2.     2.8    1.     2.     2.     1.
   6.4    1.44   5.     1.     1.46   1.     1.     7.78   1.     2.16
   2.15   2.     3.     2.     1.     1.     1.     3.     4.74   1.
   2.     2.     1.     1.84   2.     8.8    1.56  20.92   2.     2.
   2.     1.     1.     6.4    1.     1.     2.     1.     1.     1.
   1.     1.    45.2    1.     1.22   1.     1.     1.     6.     2.
   2.     1.     2.52   1.     3.     5.     1.     1.     2.08   1.
   2.6    1.     1.4    3.     2.32   1.76   3.     4.74   1.     1.
   1.     1.     1.     3.     1.    99.36   1.     2.16   1.     2.
   2.     1.     1.    39.8    1.    13.     2.     1.     1.     2.
   1.     1.     1.     2.     1.     1.     1.     1.     1.     2.
   1.     1.     3.     1.     1.     1.56   1.32   1.     1.42   2.48
   1.24   1.  ]
Split # 9
MSE: 43.68070187037842
MAE: 1.1735624184428013
MAPE: 0.36628852551011315
R2: 0.7373247632205704
      Topic  Frequency   Timestamp  Frequency_Next_Year  Lag-1  Diff-1  \
2       300          1  2021-01-01                  NaN    1.0     0.0   
31       60          1  2021-01-01                  NaN    2.0    -1.0   
103      77          3  2021-01-01                  NaN    2.0     1.0   
107      45         11  2021-01-01                  NaN   14.0    -3.0   
112     289          1  2021-01-01                  NaN    1.0     0.0   
...     ...        ...         ...                  ...    ...     ...   
4939    177          1  2021-01-01                  NaN    2.0    -1.0   
4942    161          2  2021-01-01                  NaN    2.0     0.0   
4947    197          4  2021-01-01                  NaN    3.0     1.0   
4959    126          3  2021-01-01                  NaN    3.0     0.0   
4969    211          2  2021-01-01                  NaN    2.0     0.0   

      Rolling-4  
2          1.00  
31         2.50  
103        2.00  
107        7.00  
112        1.00  
...         ...  
4939       1.50  
4942       1.50  
4947       2.25  
4959       3.50  
4969       1.50  

[376 rows x 7 columns]
[  1.     1.     1.58  13.24   1.     2.     1.     1.     2.     3.
   1.     2.     1.74   7.62   1.     1.     2.     1.     1.52   1.
   8.96   1.     1.     1.     1.     1.     1.     2.     1.     1.
  10.     5.6    1.     1.     1.     1.5    1.54   1.24   8.7   55.
  16.22   1.     1.     1.     1.5    9.52   1.     1.     1.     4.
   1.     1.     2.     1.5    2.     1.     4.     3.38   2.     1.
   2.5    1.     1.     2.32   1.     1.     2.     1.     9.52   1.
   2.     1.     1.     2.86   7.62  11.     1.     1.     9.56   1.
  16.24   8.96   1.82   5.44   1.     1.     1.    16.22   1.     3.
 125.     1.     1.5    1.     1.     2.     1.     1.     1.     5.6
  21.74   2.56  17.98   1.     1.    15.96   4.26   1.     1.     1.
   2.     3.    10.7    9.52   1.     1.     1.     1.     1.     1.
   1.     1.     1.     1.78   2.     1.     9.     1.     1.     2.96
   1.54   1.     2.46   2.     1.     7.08   2.54   1.     1.     8.
   2.     1.     1.     4.     1.     1.     1.     1.28   1.     4.
   1.     1.     2.     4.     1.     1.     1.     4.     1.5    1.
   1.     1.     1.     1.     9.     1.5    1.     1.     1.     2.72
   1.     2.2    2.     1.54   1.     2.     1.5    2.     2.     1.
   8.     4.     2.     2.     2.     2.     9.     1.     1.     1.
   1.54   1.     2.     2.     1.     1.     1.     1.     1.     1.
   3.38   1.5    4.     1.     2.     2.     1.     1.     1.    20.
   1.     1.     1.     1.     1.     1.     1.     3.     1.     1.
   2.     1.     1.     1.     2.2    1.    38.     1.     1.     1.
   2.     1.    10.     1.     5.     1.5    4.     2.    12.    10.
   2.     1.     3.     3.48   2.     1.     1.     2.     1.     1.
  10.     2.     4.58   2.     8.     1.     1.    12.     2.     1.
   2.     1.     2.22   3.     2.     1.     1.     4.     2.76   1.
   2.     1.     1.72   2.2    1.     9.52   1.    18.56   2.     2.
   1.     4.     2.22   1.5    1.54   1.     1.     1.     1.     1.
   1.     1.    18.     7.62   2.22 118.56   1.     4.28   1.     1.
   1.     1.     1.     2.46   3.     8.32   1.     2.46   2.     1.
  38.     1.     2.     1.     2.     1.     1.     2.     1.     3.36
   2.     1.     1.     1.    18.74   1.    13.24   1.     1.     2.
   8.     2.5    1.     3.     1.     1.     1.     4.2    1.    99.68
   1.     1.     1.     2.     5.42   1.5    1.    57.2    1.    12.76
   1.     1.     2.84   4.     1.     1.     1.     2.16   1.     1.
   1.     1.     1.     2.     1.54   1.     8.2    1.     2.     1.
   1.     2.     1.     4.     1.     1.  ]
Split # 10
MSE: 10.979920615622135
MAE: 1.0827862208713273
MAPE: 0.41899258485849145
R2: 0.9242129080532013
      Topic  Frequency   Timestamp  Frequency_Next_Year  Lag-1  Diff-1  \
2       300          1  2021-01-01                  NaN    1.0     0.0   
31       60          1  2021-01-01                  NaN    2.0    -1.0   
103      77          3  2021-01-01                  NaN    2.0     1.0   
107      45         11  2021-01-01                  NaN   14.0    -3.0   
112     289          1  2021-01-01                  NaN    1.0     0.0   
...     ...        ...         ...                  ...    ...     ...   
4888    139          3  2020-01-01                  NaN    4.0    -1.0   
4912    114          1  2021-01-01                  NaN    3.0    -2.0   
4929    120          4  2021-01-01                  NaN    2.0     2.0   
4945    290          3  2021-01-01                  NaN    3.0     0.0   
4969    211          2  2021-01-01                  NaN    2.0     0.0   

      Rolling-4  
2          1.00  
31         2.50  
103        2.00  
107        7.00  
112        1.00  
...         ...  
4888       3.75  
4912       2.00  
4929       2.50  
4945       2.25  
4969       1.50  

[368 rows x 7 columns]
[  1.     3.26   3.     7.92   1.     2.     1.     1.     1.     2.
   1.     1.     1.54   7.58   1.     1.     1.     1.     2.     1.
   5.     1.     1.     1.     1.5    1.48   1.     1.     1.     1.68
   9.54   4.     1.     1.     1.     1.     1.     1.     7.66  42.34
  17.     2.     1.     1.42   1.     7.56   1.     1.     1.     1.
   1.     1.     1.     1.     1.     1.     7.     4.     2.     2.16
   2.     1.     1.     1.     2.     1.     1.     1.     6.     1.
   1.     1.     2.     3.     7.88   8.     4.     1.12   7.     1.
  17.     5.     3.38   2.     1.     1.     2.    17.     1.     7.
 252.     1.     1.     1.     1.     1.     1.     2.     1.     4.
  28.22   4.    17.     1.     1.    17.     7.26   1.     1.     1.
   5.     3.86   9.     6.     1.     1.     1.     1.     1.     1.
   3.     1.     1.     3.     1.     1.     9.     3.38   1.     3.5
   1.     1.     1.     1.     1.     7.26   1.     1.     1.     2.36
   4.     1.     1.     3.54   3.     1.     1.     2.     1.     3.
   1.58   1.     2.     3.54   1.     1.     1.     1.     1.     1.
   2.     3.     2.     4.     3.66   1.     2.     1.     1.     1.46
   1.     4.     1.     1.     2.     5.     2.     1.     5.     1.
   5.     2.     2.     1.     4.82   5.12   6.     2.     1.     1.
   1.     1.     2.     1.     1.     1.     2.     1.     1.     1.
   3.62   1.     3.36   1.     3.62   2.     1.     1.     1.    17.
   1.     2.     3.     1.     3.38   1.     1.     3.74   1.     1.
   1.     1.     1.     1.     1.54   1.    31.2    1.     1.     3.
   2.     1.24  14.     1.     5.12   1.     2.     1.     7.42   6.
   1.     1.46   4.54   1.     4.16   2.     1.     1.     1.     1.
   7.     1.84   3.7    1.     7.34   2.     1.     7.56   2.     3.62
   2.     1.     5.56   2.     1.     2.     1.     1.     2.     1.
   1.     1.     1.     4.     2.     6.     1.    17.     3.     3.
   1.     1.     3.38   1.     1.     1.     1.     2.     1.     1.
   4.     1.    17.     7.58   2.76  86.4    1.88   5.     1.     1.
   1.     1.     1.     1.84   4.     6.     1.     1.     1.     1.
  40.8    1.     3.     1.     1.54   1.     1.     2.     1.     5.1
   1.     1.     2.     1.    18.76   1.     7.68   1.     1.     1.
   3.     1.     1.     7.     1.     1.     2.     1.     1.     1.
   1.     1.    37.16   2.     3.     4.14   1.     1.     7.26   2.
   1.     2.     2.     1.     2.     2.     1.     3.32   7.58   1.
   1.54   1.     3.     4.     2.     2.     1.     2.  ]
