2022-03-10 14:54:58.021795
Split # 1
MSE: 30.053505924170615
MAE: 2.18239336492891
MAPE: 0.6433055334212552
R2: 0.9425771087332245
      Topic  Frequency   Timestamp  Frequency_Next_Year  Lag-1  Diff-1  \
10      104          1  2021-01-01                  NaN    3.0    -2.0   
45       70          3  2021-01-01                  NaN    2.0     1.0   
54       34          2  2021-01-01                  NaN    3.0    -1.0   
66       62          4  2021-01-01                  NaN    3.0     1.0   
74      132          1  2020-01-01                  NaN    1.0     0.0   
...     ...        ...         ...                  ...    ...     ...   
1341     46          2  2021-01-01                  NaN    1.0     1.0   
1349     53          3  2021-01-01                  NaN    1.0     2.0   
1359     37          1  2021-01-01                  NaN    4.0    -3.0   
1368     31          4  2021-01-01                  NaN    2.0     2.0   
1384     14         10  2021-01-01                  NaN    8.0     2.0   

      Rolling-4  
10         1.50  
45         1.75  
54         2.25  
66         2.25  
74         1.00  
...         ...  
1341       2.00  
1349       2.00  
1359       3.00  
1368       3.00  
1384       8.00  

[122 rows x 7 columns]
[  1.     1.     4.     1.     1.     8.     1.     1.    14.42   1.
   1.     1.82   2.     1.     4.     2.     1.     1.     1.8  146.
   1.     1.     1.     2.     1.     2.     1.     2.24   3.     3.42
   2.     1.     2.     1.   238.44   3.     1.    24.     2.     2.
   1.     1.     1.     1.     5.     1.    35.64   3.     2.     1.
   2.7    3.48  17.4    1.26   2.     1.     2.     2.     1.     1.
   3.38   8.     1.78   2.     1.82   2.    22.94   3.58   2.4    4.
   3.     1.66   2.3    1.     2.54   8.     8.     3.     1.     1.
   2.2    2.54   1.     1.     3.     2.46   1.68   1.     1.     3.
  53.72   1.     2.56   1.     1.     2.     1.     3.     1.     2.
   1.     1.     8.92   1.     1.     2.46   1.    14.16   2.     2.
 131.16   5.     8.4    1.     1.     2.     7.52   2.     2.     3.
   2.52   8.  ]
Split # 2
MSE: 34.746
MAE: 2.285063291139241
MAPE: 0.5791827323914909
R2: 0.9281381462964015
      Topic  Frequency   Timestamp  Frequency_Next_Year  Lag-1  Diff-1  \
0        93          5  2020-01-01                  NaN    1.0     4.0   
2        86          2  2021-01-01                  NaN    1.0     1.0   
17       43          1  2021-01-01                  NaN    3.0    -2.0   
24       97          3  2021-01-01                  NaN    1.0     2.0   
44       77          2  2021-01-01                  NaN    1.0     1.0   
...     ...        ...         ...                  ...    ...     ...   
1341     46          2  2021-01-01                  NaN    1.0     1.0   
1349     53          3  2021-01-01                  NaN    1.0     2.0   
1359     37          1  2021-01-01                  NaN    4.0    -3.0   
1368     31          4  2021-01-01                  NaN    2.0     2.0   
1384     14         10  2021-01-01                  NaN    8.0     2.0   

      Rolling-4  
0          2.25  
2          1.75  
17         2.00  
24         1.75  
44         1.75  
...         ...  
1341       2.00  
1349       2.00  
1359       3.00  
1368       3.00  
1384       8.00  

[124 rows x 7 columns]
[  1.     1.     1.     4.     2.34   1.46   1.     3.46   1.     2.
   1.     9.64   4.     6.     2.     3.     2.     3.     1.     2.
   1.   203.48   1.     1.     3.     2.     2.48   2.     2.84   3.
   1.     1.     1.     1.     1.     1.74 308.     2.48   1.    40.04
   5.     2.     2.     2.56   2.     1.     2.     1.    51.9    3.
   1.     1.     2.     2.    22.54   2.34   2.     3.     2.     1.
   1.     1.     2.     3.     3.52   1.     2.     2.    29.     2.48
   3.     2.     4.7    1.     3.     1.     2.    17.    12.68   6.
   1.     3.16   9.38   3.16   1.54   2.28   1.     2.     2.52   1.
   4.     4.8   15.16   1.     6.     1.     3.     2.     1.     3.
   1.     2.     2.     2.     9.56   2.48   1.     1.     1.    14.5
   2.     2.    78.     4.2    3.     1.     1.     3.16   3.     2.48
   3.     1.     3.28  10.  ]
Split # 3
MSE: 50.57334134387351
MAE: 2.377897233201581
MAPE: 0.6189135625258259
R2: 0.9053169991270494
      Topic  Frequency   Timestamp  Frequency_Next_Year  Lag-1  Diff-1  \
0        93          5  2020-01-01                  NaN    1.0     4.0   
2        86          2  2021-01-01                  NaN    1.0     1.0   
17       43          1  2021-01-01                  NaN    3.0    -2.0   
24       97          3  2021-01-01                  NaN    1.0     2.0   
44       77          2  2021-01-01                  NaN    1.0     1.0   
...     ...        ...         ...                  ...    ...     ...   
1341     46          2  2021-01-01                  NaN    1.0     1.0   
1349     53          3  2021-01-01                  NaN    1.0     2.0   
1359     37          1  2021-01-01                  NaN    4.0    -3.0   
1368     31          4  2021-01-01                  NaN    2.0     2.0   
1384     14         10  2021-01-01                  NaN    8.0     2.0   

      Rolling-4  
0          2.25  
2          1.75  
17         2.00  
24         1.75  
44         1.75  
...         ...  
1341       2.00  
1349       2.00  
1359       3.00  
1368       3.00  
1384       8.00  

[123 rows x 7 columns]
[  2.     1.     1.96   1.     2.     1.     1.     9.62   1.     4.
   1.     5.     1.     2.     2.     4.26   2.     1.     7.     3.16
   3.    21.2    1.     1.64   1.     1.64   2.     1.78   4.56   1.
   1.16   1.     2.     1.     1.   198.     1.     1.    26.96   2.
   1.     1.     1.     2.     3.     4.88   1.    26.     3.     1.5
   2.     4.34   4.56  25.74   1.     1.     2.     1.     2.     1.
   1.     1.    12.96   2.     1.     4.4    1.    27.02   3.     2.
   4.36   2.     1.     3.     2.     2.     8.78  12.96   4.46   1.
   3.     2.84   2.     1.     1.18   3.42   2.     2.     1.     3.
   4.2    7.4    1.     1.16   1.     2.84   1.     1.     3.68   1.
   1.     1.     2.     5.7    1.     1.     1.     1.     9.62   1.
   1.   128.56   8.6    5.     2.     2.     1.    12.22   2.     2.
   4.4    3.58   7.68]
Split # 4
MSE: 35.93099415019763
MAE: 2.029581027667984
MAPE: 0.5565986896766013
R2: 0.9335989565070985
      Topic  Frequency   Timestamp  Frequency_Next_Year  Lag-1  Diff-1  \
0        93          5  2020-01-01                  NaN    1.0     4.0   
2        86          2  2021-01-01                  NaN    1.0     1.0   
17       43          1  2021-01-01                  NaN    3.0    -2.0   
24       97          3  2021-01-01                  NaN    1.0     2.0   
44       77          2  2021-01-01                  NaN    1.0     1.0   
...     ...        ...         ...                  ...    ...     ...   
1341     46          2  2021-01-01                  NaN    1.0     1.0   
1349     53          3  2021-01-01                  NaN    1.0     2.0   
1359     37          1  2021-01-01                  NaN    4.0    -3.0   
1368     31          4  2021-01-01                  NaN    2.0     2.0   
1384     14         10  2021-01-01                  NaN    8.0     2.0   

      Rolling-4  
0          2.25  
2          1.75  
17         2.00  
24         1.75  
44         1.75  
...         ...  
1341       2.00  
1349       2.00  
1359       3.00  
1368       3.00  
1384       8.00  

[123 rows x 7 columns]
[  1.     1.34   3.     1.     1.52   1.8    1.     5.86   3.     4.
   3.     4.     1.     1.     2.12   2.04   1.58   1.     4.     3.
   1.    14.     1.     2.56   3.     2.04   1.56   2.46   2.2    1.28
   2.     1.   183.36   1.     3.     2.48   2.     1.    28.     3.
   1.     1.     1.     1.42   2.     3.     1.    49.46   1.58   1.96
   2.     1.26   4.1   25.2    1.     1.     1.     1.8    1.     1.28
   2.     2.     7.     4.     1.     3.     1.8   23.     2.     1.
   4.     2.28   1.34   2.66   1.     1.     7.6   12.62   1.     1.
   2.44   5.     2.     1.     1.32   1.     1.42   1.     1.     1.
   1.    23.     2.     2.8    1.     3.     1.     3.     2.66   1.
   3.     1.     1.58   5.     1.     2.     1.     1.    10.68   1.8
   1.   153.92   5.     4.     1.     2.88   2.44   5.58   2.48   1.58
   3.     4.    10.  ]
Split # 5
MSE: 49.761264088397795
MAE: 2.4716969218626677
MAPE: 0.5985060087911193
R2: 0.9021279167831913
      Topic  Frequency   Timestamp  Frequency_Next_Year  Lag-1  Diff-1  \
0        93          5  2020-01-01                  NaN    1.0     4.0   
2        86          2  2021-01-01                  NaN    1.0     1.0   
17       43          1  2021-01-01                  NaN    3.0    -2.0   
24       97          3  2021-01-01                  NaN    1.0     2.0   
44       77          2  2021-01-01                  NaN    1.0     1.0   
...     ...        ...         ...                  ...    ...     ...   
1341     46          2  2021-01-01                  NaN    1.0     1.0   
1349     53          3  2021-01-01                  NaN    1.0     2.0   
1359     37          1  2021-01-01                  NaN    4.0    -3.0   
1368     31          4  2021-01-01                  NaN    2.0     2.0   
1384     14         10  2021-01-01                  NaN    8.0     2.0   

      Rolling-4  
0          2.25  
2          1.75  
17         2.00  
24         1.75  
44         1.75  
...         ...  
1341       2.00  
1349       2.00  
1359       3.00  
1368       3.00  
1384       8.00  

[121 rows x 7 columns]
[  2.     2.     1.     2.     1.04   1.     1.     8.     2.9    1.
   1.     8.     1.48   1.     1.     1.     2.54   3.     8.     2.
   1.    29.96   1.48   2.     1.     2.     2.5    3.     2.24   2.4
   1.     3.   163.     3.     1.     1.     1.     2.     1.     2.
   8.     1.     3.74   1.     2.     3.     1.   231.08   2.     3.
   4.    21.8    3.     1.     1.16   1.     1.     2.4    1.     2.24
   8.     1.     2.     3.     1.    31.08   1.     2.46   1.     1.
   3.     1.     2.     1.     5.     5.2    3.66   2.4    1.     3.
   1.     1.     1.     2.6    1.     3.     1.     1.     3.56  25.8
   1.     2.26   2.     2.26   1.     1.     1.     1.     1.     1.
   4.     8.     1.     2.     1.     1.     5.     1.     3.   145.88
   3.66   8.     2.     1.     1.     8.     3.     1.     3.     1.
   8.  ]
Split # 6
MSE: 429.4222595879556
MAE: 4.520966719492868
MAPE: 0.7034832401958044
R2: 0.28068844304238516
      Topic  Frequency   Timestamp  Frequency_Next_Year  Lag-1  Diff-1  \
0        93          5  2020-01-01                  NaN    1.0     4.0   
2        86          2  2021-01-01                  NaN    1.0     1.0   
17       43          1  2021-01-01                  NaN    3.0    -2.0   
24       97          3  2021-01-01                  NaN    1.0     2.0   
44       77          2  2021-01-01                  NaN    1.0     1.0   
...     ...        ...         ...                  ...    ...     ...   
1341     46          2  2021-01-01                  NaN    1.0     1.0   
1349     53          3  2021-01-01                  NaN    1.0     2.0   
1359     37          1  2021-01-01                  NaN    4.0    -3.0   
1368     31          4  2021-01-01                  NaN    2.0     2.0   
1384     14         10  2021-01-01                  NaN    8.0     2.0   

      Rolling-4  
0          2.25  
2          1.75  
17         2.00  
24         1.75  
44         1.75  
...         ...  
1341       2.00  
1349       2.00  
1359       3.00  
1368       3.00  
1384       8.00  

[126 rows x 7 columns]
[ 2.    2.    1.    1.24  2.    4.    2.   14.    3.    5.    1.    5.
  1.54  1.    2.    5.    3.    1.    5.    3.    4.   27.8   1.24  1.
  1.    2.34  2.    3.    1.    2.    3.    1.   28.78  4.    1.    1.
  2.    1.    1.    2.52  5.    1.    1.    1.    4.    2.    4.   28.78
  1.    4.   28.62  1.    2.    4.    2.16  3.    1.    1.    1.   28.78
  2.    1.    2.    1.66  2.48 18.    2.52  1.    3.    1.   30.36  1.
  6.    5.    1.    2.    2.    1.24  2.52 12.62 18.    6.    1.    3.
  5.82  2.48  2.    2.    3.4   3.    1.    1.    1.4   6.   17.22  1.
  1.    1.    3.    1.    1.    1.    1.    1.    4.    3.    5.    1.
  1.    1.    4.   14.    1.    1.   28.78  5.7   1.64  4.    2.    3.
 12.7   1.    2.    6.    5.   14.  ]
Split # 7
MSE: 24.754114964370547
MAE: 1.9477434679334917
MAPE: 0.5104215947364898
R2: 0.9515821704945051
      Topic  Frequency   Timestamp  Frequency_Next_Year  Lag-1  Diff-1  \
0        93          5  2020-01-01                  NaN    1.0     4.0   
2        86          2  2021-01-01                  NaN    1.0     1.0   
17       43          1  2021-01-01                  NaN    3.0    -2.0   
24       97          3  2021-01-01                  NaN    1.0     2.0   
44       77          2  2021-01-01                  NaN    1.0     1.0   
...     ...        ...         ...                  ...    ...     ...   
1341     46          2  2021-01-01                  NaN    1.0     1.0   
1349     53          3  2021-01-01                  NaN    1.0     2.0   
1359     37          1  2021-01-01                  NaN    4.0    -3.0   
1368     31          4  2021-01-01                  NaN    2.0     2.0   
1384     14         10  2021-01-01                  NaN    8.0     2.0   

      Rolling-4  
0          2.25  
2          1.75  
17         2.00  
24         1.75  
44         1.75  
...         ...  
1341       2.00  
1349       2.00  
1359       3.00  
1368       3.00  
1384       8.00  

[125 rows x 7 columns]
[  1.     2.     1.52   1.38   1.     1.     2.    11.12   1.     2.
   2.     3.24   1.     1.     2.     1.     2.36   1.     7.     1.64
   2.    12.34   1.     1.96   2.68   3.     1.42   1.     1.     1.
   1.6    1.   162.     1.     1.     2.     1.     1.24   1.     1.
   1.     5.     4.     1.     1.     2.     2.   229.12   1.84   1.
  26.16   1.     1.     2.     2.     3.     1.38   4.8    1.    25.
   1.82   1.     1.     1.72   2.    21.12   1.     1.     1.4    1.
   1.     2.     2.     1.82   2.     3.2    1.     1.56  11.28  16.14
   2.     3.     1.6    2.     3.     1.     1.58   3.     3.     1.94
   1.     1.     6.54  31.16   2.     1.92   1.38   1.16   1.     1.
   4.46   1.     1.     1.     3.     2.     1.12   1.38   3.     1.
  10.72   1.     1.   101.     2.    11.64   2.     1.42   3.     6.78
   1.94   3.     4.88   5.     7.26]
Split # 8
MSE: 61.02190776470587
MAE: 2.560956862745098
MAPE: 0.7444630734179949
R2: 0.8843793254089847
      Topic  Frequency   Timestamp  Frequency_Next_Year  Lag-1  Diff-1  \
0        93          5  2020-01-01                  NaN    1.0     4.0   
2        86          2  2021-01-01                  NaN    1.0     1.0   
17       43          1  2021-01-01                  NaN    3.0    -2.0   
24       97          3  2021-01-01                  NaN    1.0     2.0   
44       77          2  2021-01-01                  NaN    1.0     1.0   
...     ...        ...         ...                  ...    ...     ...   
1341     46          2  2021-01-01                  NaN    1.0     1.0   
1349     53          3  2021-01-01                  NaN    1.0     2.0   
1359     37          1  2021-01-01                  NaN    4.0    -3.0   
1368     31          4  2021-01-01                  NaN    2.0     2.0   
1384     14         10  2021-01-01                  NaN    8.0     2.0   

      Rolling-4  
0          2.25  
2          1.75  
17         2.00  
24         1.75  
44         1.75  
...         ...  
1341       2.00  
1349       2.00  
1359       3.00  
1368       3.00  
1384       8.00  

[113 rows x 7 columns]
[  2.     1.     1.76   2.     1.     1.     2.     6.34   2.     4.6
   1.76   9.66   4.     1.76   2.72   4.     2.     1.     9.42   2.
   2.    26.     3.28   1.     2.     3.     1.     4.     1.     1.
   2.     2.   175.     1.     1.     1.6    1.5    2.     3.     1.
   5.     1.     1.6    1.     2.     2.     1.76 175.     1.     2.
  35.76   3.     1.5    3.     2.     4.54   1.52   4.6    1.54  48.96
   2.     1.46   2.     3.     4.    26.     1.     2.     2.     1.
   3.     1.     1.     4.4    3.84   3.     2.     4.6    1.    26.
   1.    35.36   1.76   1.52   2.     2.     1.     1.27   1.86   1.54
   1.     1.     4.82   5.     1.     2.     4.54   1.    10.52   1.
   1.   102.36   5.     3.56   2.     1.     3.28  50.     1.5    1.
   4.12   1.7    9.44]
Split # 9
MSE: 153.05878773584902
MAE: 3.3505345911949687
MAPE: 1.0421258101787714
R2: 0.7367363783377784
      Topic  Frequency   Timestamp  Frequency_Next_Year  Lag-1  Diff-1  \
0        93          5  2020-01-01                  NaN    1.0     4.0   
2        86          2  2021-01-01                  NaN    1.0     1.0   
17       43          1  2021-01-01                  NaN    3.0    -2.0   
24       97          3  2021-01-01                  NaN    1.0     2.0   
44       77          2  2021-01-01                  NaN    1.0     1.0   
...     ...        ...         ...                  ...    ...     ...   
1341     46          2  2021-01-01                  NaN    1.0     1.0   
1349     53          3  2021-01-01                  NaN    1.0     2.0   
1359     37          1  2021-01-01                  NaN    4.0    -3.0   
1368     31          4  2021-01-01                  NaN    2.0     2.0   
1384     14         10  2021-01-01                  NaN    8.0     2.0   

      Rolling-4  
0          2.25  
2          1.75  
17         2.00  
24         1.75  
44         1.75  
...         ...  
1341       2.00  
1349       2.00  
1359       3.00  
1368       3.00  
1384       8.00  

[116 rows x 7 columns]
[  4.     1.92   1.     1.     3.     1.2    3.     8.56   2.     3.52
   1.     4.56   1.     1.57   2.     1.66   1.     3.    10.     1.
   2.56  17.88   1.     1.48   3.44   2.     1.     3.16   1.     3.
   3.34   1.    97.8    3.     1.     3.     1.     1.18   1.     3.
   5.     2.76   4.62   1.24   1.     1.     1.   108.68   3.62   1.44
  26.4    1.     1.     1.76   1.     1.     2.06   3.42   1.5   44.96
   1.     1.76   1.     1.     4.44  26.3    2.52   1.54   1.     1.42
   1.     3.     3.     3.18   4.84   1.     1.     3.     1.    26.88
   4.     4.8    3.52   3.     2.52   3.     4.     3.56  10.    13.24
   3.46   1.2    3.74   4.96   1.     1.     3.38   1.94   3.     2.1
   2.     1.     3.18   1.44  82.84   4.9    4.08   2.24   1.     1.
   5.78   3.     3.     3.     4.     9.84]
Split # 10
MSE: 203.7505690363349
MAE: 3.218183254344391
MAPE: 0.6642316649755727
R2: 0.6560060217262108
      Topic  Frequency   Timestamp  Frequency_Next_Year  Lag-1  Diff-1  \
0        93          5  2020-01-01                  NaN    1.0     4.0   
2        86          2  2021-01-01                  NaN    1.0     1.0   
17       43          1  2021-01-01                  NaN    3.0    -2.0   
24       97          3  2021-01-01                  NaN    1.0     2.0   
44       77          2  2021-01-01                  NaN    1.0     1.0   
...     ...        ...         ...                  ...    ...     ...   
1357    112          3  2021-01-01                  NaN    1.0     2.0   
1359     57          1  2021-01-01                  NaN    1.0     0.0   
1369    127          2  2021-01-01                  NaN    1.0     1.0   
1372      8         13  2021-01-01                  NaN   12.0     1.0   
1377    119          1  2020-01-01                  NaN    1.0     0.0   

      Rolling-4  
0          2.25  
2          1.75  
17         2.00  
24         1.75  
44         1.75  
...         ...  
1357       1.75  
1359       1.75  
1369       1.25  
1372      11.25  
1377       1.00  

[122 rows x 7 columns]
[ 2.26  2.76  3.58  2.58  2.    1.    3.42  6.52  2.    4.    2.    9.
  2.74  1.    4.04  2.    1.    1.    6.64  1.    1.   27.34  1.    3.
  1.    3.    5.    2.    5.    1.    1.    3.   84.    1.    2.    3.
  1.    2.58  1.    2.    7.06  2.    2.6   1.    2.    2.58  1.44 84.
  1.54  1.74 27.86  1.    1.    1.    3.    1.    1.    2.    1.   27.4
  5.    1.    4.    3.    1.   22.02  3.    1.    5.    1.    2.22  1.
  2.76  1.    6.56  1.    2.58  2.    1.   28.    2.    3.5   4.84  3.28
  2.76  5.    2.5   1.    9.48 15.    3.    1.    2.    3.5   1.    3.46
  2.    5.    1.    2.38  1.    1.    3.32 41.56  1.    5.    2.58  2.
  1.    1.    5.    1.    1.    1.    1.    6.92  1.26  1.    1.56  1.
 15.    1.  ]
