2022-03-10 14:55:37.428613
Split # 1
MSE: 48.8226418528965
MAE: 1.2340052072032979
MAPE: 0.3827467395644161
R2: 0.7110583533019091
      Topic  Frequency   Timestamp  Frequency_Next_Year  Lag-1  Diff-1  \
20      333          1  2020-01-01                  NaN    1.0     0.0   
23      135          3  2021-01-01                  NaN    1.0     2.0   
70      270          1  2021-01-01                  NaN    1.0     0.0   
86       55          3  2021-01-01                  NaN    2.0     1.0   
135     341          1  2021-01-01                  NaN    1.0     0.0   
...     ...        ...         ...                  ...    ...     ...   
4904     26          6  2021-01-01                  NaN    6.0     0.0   
4905    237          1  2021-01-01                  NaN    1.0     0.0   
4924      1        102  2021-01-01                  NaN   77.0    25.0   
4934     49          4  2021-01-01                  NaN    4.0     0.0   
4971    298          1  2021-01-01                  NaN    1.0     0.0   

      Rolling-4  
20         1.00  
23         1.75  
70         1.00  
86         2.00  
135        1.00  
...         ...  
4904       7.00  
4905       1.00  
4924      71.25  
4934       3.75  
4971       1.00  

[365 rows x 7 columns]
[  1.     3.     1.     4.26   1.     1.84   1.     5.     1.     5.
   2.3    1.     1.     3.     1.82   3.46   1.     1.     1.86   3.
   3.62   1.     1.     1.     2.     2.48   1.     2.     1.     1.32
   6.04   1.     1.     6.44   1.     2.     6.16   2.58   1.     1.
   1.     2.     4.08   2.     1.     1.     1.     1.     1.     1.
   8.     4.    25.66   1.     2.     2.    14.1    1.     1.     1.
   2.     3.38   2.     3.46   1.     2.8    8.     4.32   1.     2.42
   2.68   1.     3.78   7.     2.     1.     2.86   2.     1.     1.
   1.     2.4    1.     2.    29.     1.     1.     1.     7.     5.
   2.     9.2    1.     1.     1.     1.5    1.     3.96   2.08   1.
   1.76   2.72   1.     2.     2.     5.04   6.44   1.     1.     1.
   2.     2.     1.     1.     2.     1.     1.     2.    16.     1.
   1.     2.     1.     3.18   3.34   1.     2.     1.     1.     1.
   1.     1.     1.     2.     2.86   2.     2.     1.     1.     1.12
   2.    16.     6.62   1.     5.04   1.     2.76   1.     1.     4.96
   1.     1.     6.16   1.     1.     1.     1.     1.     4.32   5.38
   8.     1.     1.     1.     3.     2.     1.     3.     1.     1.
   1.     1.     3.     1.     1.     1.    16.52   1.     1.     1.
   1.     1.47   1.     2.     1.     3.     1.     1.     1.     1.
  27.7    1.    16.76   1.     1.     1.     1.     1.     1.     2.
   5.     2.82   1.     3.     1.     2.     1.     6.6    1.     1.
   3.     2.3    3.    16.76 117.     2.68   1.     3.     5.04   2.48
   2.     1.44   1.     2.    30.28   2.54   1.     2.28   7.38   1.
   6.     1.     1.     1.     2.     1.     1.8    1.     2.     2.28
   1.     1.     2.     1.44   1.     9.56   1.     1.     4.08   1.
  14.02   1.     1.     3.96   1.     2.     2.     2.     3.     1.
   1.     2.     2.     1.     1.     1.     3.     2.7    1.     1.
   2.     1.     1.     1.     1.    85.92   1.     2.     1.     3.
   1.     1.     1.     1.     2.     1.     1.1    1.     3.     1.
   2.     1.56  29.92   1.    20.64   1.     1.     1.     2.16   1.
   1.32   7.38   1.     1.     1.     2.     1.     2.     2.     2.
   9.     3.36   1.     3.38   2.3    1.     2.22   1.     1.     1.
   3.58   1.     5.84   1.     1.     1.49   1.     2.68  13.     2.
   1.     3.     2.     1.     2.     2.     1.    16.76   1.     1.48
   2.     1.     1.     5.04   2.     1.     1.     1.     1.     2.
   1.     1.     1.     1.     1.     1.     2.     1.     1.     1.
   2.46   1.    91.84   5.     1.  ]
Split # 2
MSE: 14.285894240382524
MAE: 1.0475635731362747
MAPE: 0.36906894058030393
R2: 0.9080557248387285
      Topic  Frequency   Timestamp  Frequency_Next_Year  Lag-1  Diff-1  \
2       352          1  2021-01-01                  NaN    1.0     0.0   
8        44          8  2021-01-01                  NaN    5.0     3.0   
9       271          2  2021-01-01                  NaN    3.0    -1.0   
11      278          1  2021-01-01                  NaN    1.0     0.0   
17      384          1  2021-01-01                  NaN    1.0     0.0   
...     ...        ...         ...                  ...    ...     ...   
4904     26          6  2021-01-01                  NaN    6.0     0.0   
4905    237          1  2021-01-01                  NaN    1.0     0.0   
4924      1        102  2021-01-01                  NaN   77.0    25.0   
4934     49          4  2021-01-01                  NaN    4.0     0.0   
4971    298          1  2021-01-01                  NaN    1.0     0.0   

      Rolling-4  
2          1.00  
8          5.50  
9          1.75  
11         1.25  
17         1.00  
...         ...  
4904       7.00  
4905       1.00  
4924      71.25  
4934       3.75  
4971       1.00  

[373 rows x 7 columns]
[  1.     3.36   2.     1.     1.     1.    30.7    1.     1.     2.
   1.     1.     2.     1.32   2.     1.     1.     1.     1.     1.
   2.     1.    14.     1.     2.     1.     1.     1.72   1.     1.
   3.56   1.     4.     1.     4.36   3.     2.     3.     2.52   1.
  20.72   3.62   2.    20.18   1.     1.52   1.46   1.     1.     2.
   2.    10.     1.     1.     1.     1.     1.     2.     2.     3.
  29.6    1.     2.36   1.    14.     1.     1.     1.     1.     2.
   1.5    2.     1.     4.     4.     4.28   1.     3.56   4.     1.
   3.12   4.     1.     1.     4.     1.     2.     1.     2.     5.2
   1.22   3.    32.9    1.     2.     1.    14.     3.62   1.     3.
   1.     2.     1.     3.     2.     4.     1.     1.     1.     3.
   1.     3.     3.     8.     6.32   1.     1.     2.4    1.34   1.
   1.     1.     1.     1.     1.     1.    17.34   1.     1.     3.
   1.     1.56   6.9    1.     1.     1.     1.     1.     1.     1.
   1.     1.     4.24   1.     2.28   1.     1.54   1.     1.    22.18
  21.82   1.     8.     1.     4.     1.     1.     4.02   1.     1.
   6.     1.     1.     1.     1.     1.     3.38   4.     4.     1.
   1.     1.     2.28   3.     1.     2.     1.     2.     1.     1.5
   1.     1.     1.     3.    15.62   2.     1.     1.     1.     1.
   1.     1.     1.     1.     1.     1.     1.     1.    44.56   3.
  16.     1.     1.     2.     1.     1.     1.     1.34   2.     3.
   1.     3.     2.     2.66   1.     4.36   1.     3.     1.6    3.36
   1.22  15.84 234.     6.     1.     1.     8.     1.56   1.     2.66
   1.     3.    31.26   1.7    1.     1.     6.72   3.     3.     1.
   1.     1.     2.     3.     1.56   1.     2.     1.     1.     1.
   3.     2.38   1.     3.56   1.5    1.    14.     1.    11.8    1.
   1.     4.     2.     1.     1.     2.     6.36   1.     1.     1.
   1.     1.     1.56   1.     2.     2.     1.     1.     1.     2.
   1.     1.     1.    95.22   1.     1.32   1.     2.78   1.     1.
   1.     1.     1.     1.     1.     1.34   2.     1.     2.64   2.
  32.9    1.    25.46   1.     3.26   1.     1.     1.     1.     6.72
   1.     1.     1.     1.     1.     1.     1.     2.    14.     2.
   2.     3.     3.36   2.     1.     1.     3.12   1.     1.56   1.
   3.36   1.     1.     1.     1.     4.56  11.86   1.     1.     1.
   1.     1.     1.     1.     1.    17.06   3.     2.     1.     1.
   1.     4.24   2.     1.5    1.     1.     1.     1.     1.     1.
   1.     1.     1.     2.     1.12   1.     1.     1.     5.04   1.
  81.18   3.62   1.  ]
Split # 3
MSE: 19.543382407407407
MAE: 1.1570052083333335
MAPE: 0.4077884056624559
R2: 0.8795327600703431
      Topic  Frequency   Timestamp  Frequency_Next_Year  Lag-1  Diff-1  \
2       352          1  2021-01-01                  NaN    1.0     0.0   
8        44          8  2021-01-01                  NaN    5.0     3.0   
9       271          2  2021-01-01                  NaN    3.0    -1.0   
11      278          1  2021-01-01                  NaN    1.0     0.0   
17      384          1  2021-01-01                  NaN    1.0     0.0   
...     ...        ...         ...                  ...    ...     ...   
4904     26          6  2021-01-01                  NaN    6.0     0.0   
4905    237          1  2021-01-01                  NaN    1.0     0.0   
4924      1        102  2021-01-01                  NaN   77.0    25.0   
4934     49          4  2021-01-01                  NaN    4.0     0.0   
4971    298          1  2021-01-01                  NaN    1.0     0.0   

      Rolling-4  
2          1.00  
8          5.50  
9          1.75  
11         1.25  
17         1.00  
...         ...  
4904       7.00  
4905       1.00  
4924      71.25  
4934       3.75  
4971       1.00  

[366 rows x 7 columns]
[  1.     3.72   2.     2.     1.     3.    42.     2.     1.     2.
   2.     1.     3.     1.     1.02   1.     1.66   1.     1.     1.
   3.     1.    13.1    1.     1.     1.     1.     1.     4.     1.
   4.24   2.     8.88   2.     3.72   2.     2.     3.72   1.     1.
  18.8    2.     3.    20.     1.     1.     3.92   1.     1.     1.
   1.     1.     2.     1.    12.     1.    12.     3.52   4.     1.66
   2.     3.2    2.48   1.     2.     2.     1.     1.72   1.     1.
   1.     5.12   2.     1.     1.     2.     4.     9.     1.     1.66
   2.     1.     3.24  12.     2.     2.     1.     2.     1.     7.
   8.06   1.     3.72   1.     1.     1.     2.52   1.     1.52   1.
   1.     1.     1.     1.     2.     2.88   1.34   6.46   1.     1.
   1.3    2.     3.     1.     1.     1.     1.     2.     1.    17.44
   1.     1.     2.     1.     2.    10.     1.5    1.     2.     1.
   1.     1.     1.     1.3    1.     1.82   2.     1.7    1.     2.
   1.     1.    16.04  13.34   1.     2.     1.     9.08   1.     1.4
   3.     1.     1.    12.     1.     1.42   2.     1.     1.     2.
   9.28  12.     2.     1.     1.     1.     1.86   1.     2.88   2.
   1.     1.     1.     1.     1.     2.     1.    17.8    2.     1.42
   2.     2.     1.     1.     2.     2.     1.86   1.     1.     1.
   1.    44.38   2.    15.74   1.     1.     2.     1.     1.     2.
   2.     8.     1.36   1.     2.88   1.     1.24   1.     8.56   1.78
   1.     1.     4.24   2.    17.44 202.     2.     1.     2.     2.
   2.     2.     2.     2.38   2.    41.     3.     1.     1.     8.76
   1.     2.     1.     1.     1.     2.     2.     1.     1.     1.
   2.     3.     1.     2.     2.     2.     7.     1.     1.     5.
   1.     9.     1.     1.     1.52   1.     1.     2.     3.24   5.1
   1.     1.     2.     2.     1.     3.     1.     1.     2.     1.
   1.     1.     1.     1.     1.     1.    88.52   2.     1.     2.
   1.     1.     1.     1.     1.     1.     1.     3.92   1.     8.
   1.     1.4    2.    43.54   1.    17.44   1.     2.48   2.     1.
   1.     2.     8.76   1.     1.     1.     1.     1.     1.     1.
   3.68   7.     8.     1.66   1.     4.24   2.     1.     1.     1.86
   1.     1.     1.     8.88   1.     1.     2.     1.     5.     9.
   1.     1.     1.     1.     1.     1.     1.4    2.    17.44   1.3
   1.     1.     1.     2.     2.     2.     2.     1.     1.     4.
   2.     1.     1.     1.     1.     1.     1.     2.6    1.     1.
   1.     9.6    1.5  111.62   8.06   1.  ]
Split # 4
MSE: 11.917863084193616
MAE: 1.1204381200666234
MAPE: 0.40846166570327824
R2: 0.9195483861288041
      Topic  Frequency   Timestamp  Frequency_Next_Year  Lag-1  Diff-1  \
2       352          1  2021-01-01                  NaN    1.0     0.0   
8        44          8  2021-01-01                  NaN    5.0     3.0   
9       271          2  2021-01-01                  NaN    3.0    -1.0   
11      278          1  2021-01-01                  NaN    1.0     0.0   
17      384          1  2021-01-01                  NaN    1.0     0.0   
...     ...        ...         ...                  ...    ...     ...   
4904     26          6  2021-01-01                  NaN    6.0     0.0   
4905    237          1  2021-01-01                  NaN    1.0     0.0   
4924      1        102  2021-01-01                  NaN   77.0    25.0   
4934     49          4  2021-01-01                  NaN    4.0     0.0   
4971    298          1  2021-01-01                  NaN    1.0     0.0   

      Rolling-4  
2          1.00  
8          5.50  
9          1.75  
11         1.25  
17         1.00  
...         ...  
4904       7.00  
4905       1.00  
4924      71.25  
4934       3.75  
4971       1.00  

[371 rows x 7 columns]
[  1.           4.12         1.           1.           1.
   3.          33.88         1.           2.           1.5
   1.26         1.           1.           1.2          1.
   2.           1.36         1.           1.           1.
   2.22222222   1.          11.16         1.           1.56
   1.           1.           1.           4.           1.
   7.           1.26         4.12         1.           2.9
   2.           2.           3.           3.           3.
  29.           3.           5.04        30.12         2.22222222
   1.48         2.           1.           1.           1.
   2.           1.           4.           1.           5.28
   1.           5.28         7.42         1.           4.
   3.           1.           3.           1.           1.
   2.           1.           4.           3.           1.
   1.           2.22222222   2.           1.           1.36
   1.           2.           4.16         1.5          6.
   3.4          2.           2.           1.           4.
   1.           1.           1.           1.           6.
   7.2          2.           1.           1.           2.
   1.           2.           5.2          2.          32.44
   1.           2.           1.           7.64         2.
   1.           1.           1.           3.           2.
   1.           1.          10.16         5.5          3.08
   1.5          7.32         4.           1.           5.78
   4.12         1.           3.           3.54         1.5
   1.           1.           1.           4.           2.
   1.          61.02         1.           1.48         1.
   1.           1.           1.           1.44         2.
   3.54         2.           2.           1.           3.
   2.           1.          29.76         8.76         1.
   3.44         1.           8.           1.           1.
   5.48         1.           1.           2.           1.
   1.           1.           1.           1.           2.
   3.           2.           1.           1.           1.
   3.           1.5          1.           1.           1.
   1.           2.           2.           1.           1.
   1.           1.          16.52         2.           1.
   4.           1.           1.           1.           2.
   1.           1.           1.           1.           1.
   2.          77.           1.          11.14         1.
   1.           1.39         1.           1.           1.
   1.           3.           2.           1.           1.
   1.           2.           1.           3.           1.
   1.           1.68         6.62         2.          16.04
 308.           3.           1.           1.           3.44
   2.           1.03         2.22222222   1.           5.52
  33.52         3.           1.           1.           3.
   3.           3.36         1.           1.           2.
   1.           1.           3.56         1.           2.
   3.           1.           1.           1.           2.
   2.          11.4          1.           1.           7.8
   1.           7.44         1.           1.           4.
   2.           1.           1.32         2.           8.08
   1.           1.           1.           1.26         3.
   4.           1.           1.48         2.           1.32
   1.           1.           2.22222222   1.           1.
   2.          88.           1.           3.           1.
   2.22222222   1.           1.           1.           2.
   1.           1.           2.           1.           8.
   2.           1.48         4.          50.98         1.
  29.           1.           4.           1.           1.2
   1.           1.2          4.12         1.5          1.
   1.           1.03         1.           1.           1.5
   1.           6.           8.           3.7          3.72
   7.1          1.48         1.           3.           4.
   1.           3.16         1.           4.32         1.
   1.           1.           1.          10.9          6.94
   1.           4.           1.           1.           1.
   1.           1.11         1.5         16.04         2.48
   1.           1.           2.           1.           3.44
   2.           1.44         1.           1.           1.
   2.           1.           1.           1.           1.
   1.           2.58         1.           1.           1.
   1.           9.           1.          91.           2.
   1.        ]
Split # 5
MSE: 14.77209044169142
MAE: 1.0508708251829313
MAPE: 0.37138928425964596
R2: 0.9043531389074215
      Topic  Frequency   Timestamp  Frequency_Next_Year  Lag-1  Diff-1  \
2       352          1  2021-01-01                  NaN    1.0     0.0   
8        44          8  2021-01-01                  NaN    5.0     3.0   
9       271          2  2021-01-01                  NaN    3.0    -1.0   
11      278          1  2021-01-01                  NaN    1.0     0.0   
17      384          1  2021-01-01                  NaN    1.0     0.0   
...     ...        ...         ...                  ...    ...     ...   
4904     26          6  2021-01-01                  NaN    6.0     0.0   
4905    237          1  2021-01-01                  NaN    1.0     0.0   
4924      1        102  2021-01-01                  NaN   77.0    25.0   
4934     49          4  2021-01-01                  NaN    4.0     0.0   
4971    298          1  2021-01-01                  NaN    1.0     0.0   

      Rolling-4  
2          1.00  
8          5.50  
9          1.75  
11         1.25  
17         1.00  
...         ...  
4904       7.00  
4905       1.00  
4924      71.25  
4934       3.75  
4971       1.00  

[373 rows x 7 columns]
[  1.     7.18   2.     1.     1.     1.    31.48   1.     1.     1.
   1.     1.     1.     1.12   1.     1.     2.     1.     1.     1.
   2.     1.72  14.     1.38   2.     1.     1.     2.6    2.     1.
  11.04   1.     8.     1.     2.     4.8    1.     2.     2.38   1.
  20.     3.3    1.    20.     1.     1.     2.     1.     3.     2.
   3.     1.     2.     1.     7.     1.     4.62   6.28   1.     1.
   1.     1.     3.66   1.     1.     4.74   2.     1.     3.     1.
   1.     2.     2.     1.     2.     1.     3.     2.     1.     1.
   2.     2.     2.     1.52   1.     1.     3.     1.     1.     1.5
  11.04   3.     1.     1.     1.     1.     1.     4.38   2.    29.
   1.     2.     4.    10.08   3.     1.     2.     2.     1.66   2.
   1.     1.     8.     4.68   1.44   1.    10.     2.6    1.     2.58
   7.18   1.     2.     1.     2.     1.8    3.     1.     1.68   2.
   2.86  38.     1.     1.32   1.    10.56   4.     1.     5.2    1.
   3.     1.     1.     1.     2.24   1.     1.     2.     1.52   1.
   1.2    2.     2.     4.08   1.     1.     2.66   2.     1.     1.
   1.     1.     1.     3.     1.    19.72   1.     1.     2.     1.
   2.     6.     1.     2.     1.     2.     1.     1.     1.     1.
   1.     1.     1.     1.    20.     2.     1.     1.     1.     1.
   1.     2.     1.     2.     1.     1.     1.     1.    38.72   1.
  15.22   1.     1.     1.     1.     1.     1.     1.     8.     2.
   3.     2.     1.     4.     1.     6.6    1.     2.     1.     5.28
   1.    19.48 208.82   5.52   1.     3.     2.     3.     1.     1.
   1.     1.    28.12   2.     1.     1.2    2.     3.64   2.     1.
   1.     1.62   1.     2.     2.48   1.     1.     2.72   4.     1.
   1.     2.     2.    11.04   1.     1.    11.24   1.    10.08   1.
   3.     1.     1.8    2.     1.     2.     5.     1.     1.     2.
   2.     2.     2.     1.     1.     1.     1.     2.     1.     3.
   1.     1.     1.    69.32   1.62   1.     1.     1.     1.     2.
   1.     1.     1.     1.     1.     2.     4.38   1.25   1.     1.76
  48.5    1.    19.72   1.     4.74   2.     1.     1.     1.     6.68
   1.     1.     1.     1.     1.     1.     1.     1.     4.88   6.
   2.     1.     2.     1.     1.6    1.     2.     1.     1.     1.5
   8.     1.     1.     1.     1.     2.96  10.08   1.     1.     3.
   1.     2.     1.31   1.     1.    19.76   1.     1.     1.     1.
   1.     1.     1.22   1.     1.     1.     1.     1.     1.     1.
   1.     1.     2.     2.     3.     1.     2.     1.     6.18   1.
 103.72   2.     1.  ]
Split # 6
MSE: 29.755709980430527
MAE: 1.2947466840617525
MAPE: 0.4998186755507185
R2: 0.8195267165411215
      Topic  Frequency   Timestamp  Frequency_Next_Year  Lag-1  Diff-1  \
2       352          1  2021-01-01                  NaN    1.0     0.0   
8        44          8  2021-01-01                  NaN    5.0     3.0   
9       271          2  2021-01-01                  NaN    3.0    -1.0   
11      278          1  2021-01-01                  NaN    1.0     0.0   
17      384          1  2021-01-01                  NaN    1.0     0.0   
...     ...        ...         ...                  ...    ...     ...   
4904     26          6  2021-01-01                  NaN    6.0     0.0   
4905    237          1  2021-01-01                  NaN    1.0     0.0   
4924      1        102  2021-01-01                  NaN   77.0    25.0   
4934     49          4  2021-01-01                  NaN    4.0     0.0   
4971    298          1  2021-01-01                  NaN    1.0     0.0   

      Rolling-4  
2          1.00  
8          5.50  
9          1.75  
11         1.25  
17         1.00  
...         ...  
4904       7.00  
4905       1.00  
4924      71.25  
4934       3.75  
4971       1.00  

[375 rows x 7 columns]
[  1.     7.     1.     1.     1.     1.4   55.     1.     1.     1.
   1.77   1.     3.3    2.     2.     1.     1.     1.     1.     3.
   4.     2.    11.     1.     1.     1.     1.     2.     3.     2.04
   7.     2.     6.     2.     3.     2.     2.98   3.     2.     1.
  28.82   1.     6.44  18.     6.     1.     1.     1.     1.     1.
   1.72   1.     3.     1.     4.48   1.     5.08   4.72   1.     3.
   2.     1.2    1.     1.5    1.     7.     1.     3.02   2.     1.
   1.     4.     1.     1.5    1.     1.     6.68   3.     1.     1.08
   1.72   1.     2.     2.     2.     1.     1.     1.     2.48   2.
   6.7    1.     1.     1.     1.     1.     1.     8.     1.    18.96
   2.86   1.     2.     6.7    1.5    2.     1.     1.     1.     2.
   2.59   1.     7.     4.64   2.64   1.     7.     2.     1.     5.
   6.     1.     1.     2.     1.     1.5    1.5    2.     2.     1.
   2.    45.4    1.     1.     3.     6.7    3.12   1.     7.     1.
   3.     1.     6.44   1.     1.     2.92   1.5    3.     2.     2.
   2.74   3.     2.     2.     1.     1.     2.     1.     1.     1.
   1.     1.     1.     1.     2.    16.72   1.     1.     2.     1.
   1.     6.7    1.     1.     1.     1.     1.     1.     1.     1.
   2.44   1.     2.12   2.26   1.     1.     2.24   1.    28.18  15.
   1.5    2.     1.     6.     1.     1.     2.     2.     2.     2.
   1.     1.5    1.     1.     1.5    5.     7.04   3.     1.     2.
   1.5    2.     1.     2.     1.     4.16   1.     6.     2.     1.
   3.     7.     1.    14.88 161.28   2.     1.     6.     2.     1.
   1.     2.     1.     5.    44.18   3.14   1.     3.94   3.     3.04
   2.     1.     1.     1.     1.     1.     2.     1.     1.     1.
   1.     1.     1.     1.14   2.     7.     1.     1.    11.     3.
   6.     1.     1.     1.     2.     2.     2.     2.     4.52   2.
   1.     1.     1.     1.     3.13   1.     1.     1.     2.     1.
   1.     1.     1.     1.     3.   119.16   2.     4.16   1.     3.
   2.     1.     1.     1.     2.76   1.     1.     2.     8.     1.
   2.26   1.    52.6    2.     6.34   1.     3.     1.     2.     1.
   2.     6.     1.     1.     1.     1.     3.     1.     1.     2.27
   7.     8.     1.52   1.     3.     1.     2.94   1.     3.04   1.
   2.     1.     4.32   1.     1.     1.     1.     7.     6.     1.56
   1.     2.     1.     1.     1.     1.     2.    17.04   1.52   1.56
   1.     1.     1.     1.     3.     1.     1.     1.     1.     1.
   1.     1.     1.     1.     3.42   1.     3.     1.     2.     1.
   7.     1.   102.     3.12   1.  ]
Split # 7
MSE: 10.833249445772656
MAE: 1.011073679634862
MAPE: 0.341578044690241
R2: 0.9013453558547331
      Topic  Frequency   Timestamp  Frequency_Next_Year  Lag-1  Diff-1  \
2       352          1  2021-01-01                  NaN    1.0     0.0   
8        44          8  2021-01-01                  NaN    5.0     3.0   
9       271          2  2021-01-01                  NaN    3.0    -1.0   
11      278          1  2021-01-01                  NaN    1.0     0.0   
17      384          1  2021-01-01                  NaN    1.0     0.0   
...     ...        ...         ...                  ...    ...     ...   
4904     26          6  2021-01-01                  NaN    6.0     0.0   
4905    237          1  2021-01-01                  NaN    1.0     0.0   
4924      1        102  2021-01-01                  NaN   77.0    25.0   
4934     49          4  2021-01-01                  NaN    4.0     0.0   
4971    298          1  2021-01-01                  NaN    1.0     0.0   

      Rolling-4  
2          1.00  
8          5.50  
9          1.75  
11         1.25  
17         1.00  
...         ...  
4904       7.00  
4905       1.00  
4924      71.25  
4934       3.75  
4971       1.00  

[373 rows x 7 columns]
[ 1.    6.    1.38  1.    1.    1.75 35.    1.    1.    1.    1.    1.5
  2.    3.    1.    1.    1.    1.    1.    1.    2.68  2.    9.    1.
  1.5   1.    1.    1.    2.84  1.    4.46  1.    5.5   1.    1.    3.68
  4.    2.    1.    1.   21.96  1.    2.   27.    2.12  2.    2.    1.
  2.    1.    2.    1.    2.84  1.    1.    1.    1.    7.    1.    1.
  1.    1.    2.2   1.48  1.    1.12  2.    2.84  1.    1.    1.    2.68
  2.34  1.    1.    2.    1.    2.    1.    1.    8.    1.    2.68  1.
  1.76  1.    1.    2.    1.    3.32  7.    2.    1.    1.    1.    1.
  1.    7.32  1.   27.8   2.    2.    1.    7.    2.    1.    1.    1.
  1.7   2.    1.    1.    6.06  5.92  2.36  2.    4.46  1.3   1.    3.32
  6.    1.    1.    2.84  1.    2.    2.    2.    2.84  1.    1.   48.22
  1.    1.6   2.32  7.    5.36  3.    1.    2.    4.    1.    2.78  1.
  2.84  1.    1.48  1.92  1.    1.    2.    4.    2.84  8.    1.    1.
  1.    1.    1.    1.    1.    1.    1.    1.    4.   16.86  1.    1.
  2.68  1.    4.16  7.    1.    1.5   1.    1.    1.    1.    1.    1.
  1.    2.84  2.    2.    1.    1.    1.    1.   16.92 11.68  1.    2.84
  1.    7.    1.    1.    2.8   1.    1.    1.    1.    1.46  1.    1.
  1.    2.    7.68  1.    2.    1.    1.    1.    1.5   1.    2.    1.
  1.    2.    1.    1.    1.    1.    1.   27.    1.    3.    1.    1.
  3.    1.    3.    1.    1.64  1.    1.    1.    1.   60.8   1.   21.26
  2.    1.    1.    1.    1.    1.    1.    6.    2.08  1.    1.    1.
  2.    4.46  1.    1.    4.    1.    7.    1.    2.    2.84  2.    2.68
  1.    2.68  4.    2.32  1.    1.    1.    1.    2.84  1.    1.    1.
  1.    1.    1.9   1.5   2.    1.    1.   83.3   1.    2.32  1.    2.8
  1.    1.    1.    1.    1.9   1.    2.12  1.    7.    1.    4.    1.
 54.12  2.    7.    1.    1.24  2.    3.    1.    3.    5.42  1.    1.
  1.    1.    1.    1.    1.5   4.    7.    7.7   1.    1.    5.5   1.
  1.    1.    2.48  1.    4.16  1.    5.96  1.5   1.    1.    1.    4.46
 12.78  1.62  1.    2.    1.    1.    1.5   1.    2.   20.88  1.    1.
  1.    2.    1.    2.84  1.    1.    1.    1.    1.    2.    1.    1.
  1.    2.    2.    4.    2.52  1.    2.    1.    7.    1.   83.3   2.
  1.  ]
Split # 8
MSE: 98.74901365217391
MAE: 2.024082608695652
MAPE: 0.9167167566097811
R2: 0.42839700941090464
      Topic  Frequency   Timestamp  Frequency_Next_Year  Lag-1  Diff-1  \
2       352          1  2021-01-01                  NaN    1.0     0.0   
8        44          8  2021-01-01                  NaN    5.0     3.0   
9       271          2  2021-01-01                  NaN    3.0    -1.0   
11      278          1  2021-01-01                  NaN    1.0     0.0   
17      384          1  2021-01-01                  NaN    1.0     0.0   
...     ...        ...         ...                  ...    ...     ...   
4904     26          6  2021-01-01                  NaN    6.0     0.0   
4905    237          1  2021-01-01                  NaN    1.0     0.0   
4924      1        102  2021-01-01                  NaN   77.0    25.0   
4934     49          4  2021-01-01                  NaN    4.0     0.0   
4971    298          1  2021-01-01                  NaN    1.0     0.0   

      Rolling-4  
2          1.00  
8          5.50  
9          1.75  
11         1.25  
17         1.00  
...         ...  
4904       7.00  
4905       1.00  
4924      71.25  
4934       3.75  
4971       1.00  

[374 rows x 7 columns]
[ 1.    3.24  1.    1.    1.    2.   42.38  1.    2.    2.92  1.    1.
  2.    4.64  2.    1.    1.    1.    1.    1.    1.6   2.   14.92  1.
  1.    2.    1.    4.3   4.3   1.    2.9   1.    5.92  1.    3.2   3.46
  2.    3.5   1.24  2.   17.16  1.    2.7  12.2   3.    3.    1.    2.
  2.28  1.    3.    1.    4.    1.    6.    1.    6.    4.    1.    1.
  1.    1.    3.    1.    1.    1.    2.    1.    1.    1.    1.    1.6
  1.4   1.    1.    1.78  1.    5.    1.    1.    2.8   1.    2.    4.58
  2.    1.    1.    1.    1.    1.   13.    2.    2.    2.    2.    1.
  1.    5.    3.04 12.2   1.    2.    1.2   9.    1.4   1.    1.    2.
  2.    1.    2.    1.    6.6   6.    3.2   1.    2.8   1.    1.    2.
  3.24  1.    1.    4.    3.    1.4   1.4   2.    3.4   1.    1.   40.22
  1.    1.    1.    9.    1.72  1.    2.62  1.    1.    1.    3.    1.
  2.34  1.    1.    1.    4.76  1.    2.    1.4   1.    2.8   1.    1.
  1.    1.    3.    1.    1.    1.    1.    2.    1.    9.5   2.    1.
  2.    1.    4.54  9.    1.    1.    1.    1.    1.    1.    1.    1.
  2.    4.3   2.76  1.    1.    2.    2.    1.   10.94 13.    1.    1.
  1.    5.    1.    2.14  2.    1.    1.    1.    2.    1.    1.    1.
  1.    2.    2.8   3.    1.17  1.68  1.    4.58  2.58  1.    2.28  1.
  1.    1.    1.    1.    2.    1.    1.   11.    1.    1.    1.    1.5
  1.46  1.    2.    1.    1.    1.    1.    1.    1.   39.66  1.   12.2
  1.    1.    1.    1.    1.    1.    1.    4.    4.28  1.    1.    1.
  1.44  1.    2.8   1.    3.96  1.    7.66  1.   12.8  52.24  1.    1.
  3.    1.    1.    1.    1.    1.    2.1  43.22  1.    1.    2.46  2.8
  3.7   2.38  1.    1.    1.    1.    2.    5.    2.    2.    1.    1.
  2.    1.    4.3   1.    2.    1.    1.    1.    2.72  5.    2.    1.
  1.   25.68  1.24  8.66  1.    2.    3.    2.    1.    1.    3.    1.
  1.    2.    1.74  1.    1.    1.    2.    9.    6.    1.    4.3   3.2
  1.    2.    1.28  2.    1.    5.    1.    4.    1.    1.    1.    2.
  6.6   8.22  1.    1.    1.    3.    1.    2.    1.    1.   12.2   4.28
  1.    1.    2.    1.    1.    2.    1.    1.    1.    1.    2.    1.
  1.    1.    1.    2.    1.    1.    1.    1.    1.    4.    1.   48.84
  1.    1.  ]
Split # 9
MSE: 89.3575827863508
MAE: 1.4978743751358399
MAPE: 0.44968748733166186
R2: 0.4832626540407837
      Topic  Frequency   Timestamp  Frequency_Next_Year  Lag-1  Diff-1  \
2       352          1  2021-01-01                  NaN    1.0     0.0   
8        44          8  2021-01-01                  NaN    5.0     3.0   
9       271          2  2021-01-01                  NaN    3.0    -1.0   
11      278          1  2021-01-01                  NaN    1.0     0.0   
17      384          1  2021-01-01                  NaN    1.0     0.0   
...     ...        ...         ...                  ...    ...     ...   
4904     26          6  2021-01-01                  NaN    6.0     0.0   
4905    237          1  2021-01-01                  NaN    1.0     0.0   
4924      1        102  2021-01-01                  NaN   77.0    25.0   
4934     49          4  2021-01-01                  NaN    4.0     0.0   
4971    298          1  2021-01-01                  NaN    1.0     0.0   

      Rolling-4  
2          1.00  
8          5.50  
9          1.75  
11         1.25  
17         1.00  
...         ...  
4904       7.00  
4905       1.00  
4924      71.25  
4934       3.75  
4971       1.00  

[373 rows x 7 columns]
[ 1.    9.    2.    2.    1.    2.   35.18  1.    2.    1.    1.    1.
  1.9   1.    1.    1.    2.    1.    1.    1.    1.    2.   16.    1.
  1.    1.    1.    1.    1.    1.   12.2   1.    9.    1.   11.    4.82
  3.   11.    2.    1.   25.78  2.    2.   25.52  1.16  1.    9.    1.
  1.    1.    2.    1.    2.86  1.    4.48  1.    5.92  9.    1.    1.
  1.    1.    3.    1.    2.    1.    1.    3.58  2.    1.    1.    1.
  1.88  1.    1.    1.    1.16  2.54  1.    1.    4.    1.    2.    3.52
  1.    1.    1.    1.5   2.    4.    9.    1.    1.    1.    2.    1.
  1.    7.94  2.   25.12  1.    1.    1.   10.9   1.    1.    1.    1.
  2.    1.    1.    1.    9.    9.    1.54  1.5  10.9   1.    1.    3.64
  9.    1.    1.    1.    1.    2.    1.    2.    3.    1.    3.   36.
  1.    1.    1.    8.44  3.    2.   11.    1.    1.    1.    1.78  1.
  2.68  2.    1.    2.74  5.    2.    3.16  1.    1.    2.54  1.    1.
  1.    2.    2.    1.    1.    1.    1.    1.22  1.   12.    1.    1.
  1.    1.    2.8   6.2   1.    1.    1.6   1.    1.    1.    1.    1.
  2.    2.    2.    2.86  1.    1.    2.    1.   25.78  8.92  1.    1.48
  1.    9.    1.    1.    4.    1.    1.    3.52  1.    1.    1.    1.
  1.    3.    9.    3.08  2.    1.    1.    1.    1.    1.    1.    1.
  1.    1.    2.    1.    1.    1.    1.   22.    1.    1.    1.    1.
  1.    1.    1.5   1.3   2.    1.    1.    1.    1.   45.12  1.   12.72
  2.    1.    1.    1.    1.    2.    1.    4.74  1.    1.    1.    1.
  2.44  1.    4.4   1.    1.    2.84  9.    1.   19.44 60.    4.66  1.
  3.    1.48  1.    1.5   1.    1.    1.5  41.28  5.    1.    1.54  2.42
  4.42  1.36  1.    1.    1.    1.48  1.    3.    2.    1.5   1.    1.9
  1.    2.    1.    1.    9.9   1.    1.   10.9   1.   16.28  1.    1.
  3.04  1.    3.    1.    2.    3.    1.    1.    1.    1.    1.    3.
  1.    2.86  1.    1.    1.    1.48  1.    1.    1.    1.   60.    1.
  2.52  1.    2.    1.    3.    1.    9.    1.    1.    2.    1.    6.18
  8.    1.    1.    1.    2.    1.    1.    1.    1.   22.    2.    2.
  1.    1.    1.    1.96  2.    1.    1.    1.    1.    1.    1.    1.
  1.    1.    1.96  1.    1.    1.    1.    1.    6.28  1.   54.72  4.66
  1.  ]
Split # 10
MSE: 37.05060763888889
MAE: 1.2498741319444444
MAPE: 0.40295131987328725
R2: 0.7780493874734317
      Topic  Frequency   Timestamp  Frequency_Next_Year  Lag-1  Diff-1  \
2       352          1  2021-01-01                  NaN    1.0     0.0   
8        44          8  2021-01-01                  NaN    5.0     3.0   
9       271          2  2021-01-01                  NaN    3.0    -1.0   
11      278          1  2021-01-01                  NaN    1.0     0.0   
17      384          1  2021-01-01                  NaN    1.0     0.0   
...     ...        ...         ...                  ...    ...     ...   
4918     78          9  2021-01-01                  NaN    5.0     4.0   
4921    127          1  2021-01-01                  NaN    1.0     0.0   
4936    129          2  2021-01-01                  NaN    2.0     0.0   
4960    167          2  2021-01-01                  NaN    1.0     1.0   
4971    298          1  2021-01-01                  NaN    1.0     0.0   

      Rolling-4  
2          1.00  
8          5.50  
9          1.75  
11         1.25  
17         1.00  
...         ...  
4918       6.00  
4921       1.00  
4936       1.50  
4960       1.25  
4971       1.00  

[366 rows x 7 columns]
[  1.     2.     1.     2.     1.     1.    30.08   1.     1.     2.
   1.     1.     2.     2.     1.     1.     1.     1.     1.     1.
   2.     1.    13.64   1.     2.     1.     1.     3.12   1.28   1.
  17.     1.     7.     1.     2.     3.6    2.     2.     1.27   1.
  18.52   4.04   3.    20.36   2.2    1.     2.     1.     1.56   1.
   2.     1.     1.7    1.     4.44   1.     4.     7.16   1.     1.
   1.     1.     2.     1.     2.     3.     2.     1.7    1.     1.
   1.     1.     2.     1.     1.     1.     4.14   3.96   1.1    1.
   2.     2.     3.78   1.     3.48   1.     1.     1.     1.56   1.32
  10.74   1.     1.     1.     1.6    1.     1.     4.56   1.    26.
   1.     3.     1.     8.66   2.     1.     1.     1.     2.     1.44
   3.84   1.     7.     5.     2.     1.     2.     4.     1.     2.
   2.     1.     1.58   1.78   1.1    1.     2.     2.     2.     1.
   1.    32.     1.     2.     2.     8.68   5.88   1.     2.     1.
   2.     1.     3.     1.     1.54   1.     1.     1.     1.     1.
   1.     1.     2.     2.     1.     1.     1.58   1.     1.     1.
   1.     1.     1.     2.     6.    12.44   1.     1.     2.     1.
   1.     8.66   1.     1.     2.     1.     1.     1.     1.     2.
   1.     1.78   1.     1.     3.     3.     2.     1.    12.44   4.
   1.     1.38   1.     7.16   1.     2.     1.4    1.     1.     3.
   1.     1.     3.     1.     1.     2.     2.     3.46   1.     1.
   1.     1.     1.     1.     1.     1.     1.     2.     1.     2.
   1.     1.     1.    22.44   1.     1.23   1.     3.     2.     1.
   4.     1.     1.     1.     1.     1.     1.    30.08   1.    22.
   1.     1.     2.     1.     1.     1.     1.     5.12   1.     2.
   1.     1.     2.     2.     2.     2.     1.     1.     3.     1.
  22.44 143.     1.     1.     3.     1.38   2.     1.     2.     1.
   3.    30.08   4.     1.     2.     2.     1.     1.38   1.     1.
   1.     1.     1.     1.68   1.     1.5    1.     1.     1.     1.
   1.     1.    16.8    1.     1.     2.     1.    11.6    1.     2.
   1.54   3.     1.     3.     1.     6.3    1.     1.     1.     2.
   1.     1.28   1.     2.     1.     3.     1.     2.     1.12   1.
   1.     1.   119.32   1.9    2.46   1.     2.     1.     2.08   1.
   1.     1.     1.     1.     1.     6.     1.     2.     1.    32.
   2.    16.2    1.     3.     1.     1.     1.     2.62   2.     1.
   1.     1.     1.     1.     1.     1.     3.78   5.06   2.     1.
   1.     2.     2.     1.2    1.     1.  ]
