2022-03-12 14:32:57.134517
Split # 1
MSE: 0.7583674733211756
MAE: 0.12387400274835515
MAPE: 0.9715068055216952
R2: 0.362817676022815
      Topic  Frequency   Timestamp  Frequency_Next_Year     Lag-1    Diff-1  \
3       131  -0.010444  2020-01-01                  NaN -0.093131  0.082686   
24       68  -0.093131  2021-01-01                  NaN -0.175817  0.082686   
25      326  -0.175817  2021-01-01                  NaN -0.175817  0.000000   
31        2   2.139403  2021-01-01                  NaN  3.297012 -1.157610   
35      384  -0.175817  2021-01-01                  NaN -0.175817  0.000000   
...     ...        ...         ...                  ...       ...       ...   
4903    270  -0.175817  2021-01-01                  NaN -0.175817  0.000000   
4914    166  -0.175817  2020-01-01                  NaN -0.093131 -0.082686   
4938     18   0.733733  2021-01-01                  NaN  0.237615  0.496118   
4940    310  -0.175817  2020-01-01                  NaN -0.175817  0.000000   
4953     45   0.651047  2021-01-01                  NaN  0.899106 -0.248059   

      Rolling-4  
3     -0.072459  
24    -0.051787  
25    -0.175817  
31     2.656193  
35    -0.175817  
...         ...  
4903  -0.175817  
4914  -0.155146  
4938   0.485674  
4940  -0.155146  
4953   0.320301  

[378 rows x 7 columns]
[-1.01399343e-01 -8.89963804e-02 -9.31307013e-02  2.52389438e+00
 -1.75817118e-01  8.05107730e-02 -1.59279834e-01 -2.28472474e-02
 -1.75817118e-01 -1.04442849e-02 -1.75817118e-01 -1.75817118e-01
 -1.75817118e-01 -1.01399343e-01 -1.75817118e-01 -1.75817118e-01
 -1.75817118e-01 -1.75817118e-01  1.75600152e-01 -1.75817118e-01
  1.96576107e+00  1.01182377e-01 -1.04442849e-02 -1.75817118e-01
 -9.31307013e-02 -1.75817118e-01 -1.75817118e-01 -1.75817118e-01
 -1.75817118e-01 -6.41904556e-02 -1.75817118e-01 -1.75817118e-01
 -1.75817118e-01 -1.75817118e-01 -1.75817118e-01  1.21853981e-01
 -1.75817118e-01 -1.67548476e-01 -8.89963804e-02 -1.51011193e-01
  6.39734897e-02 -1.09667985e-01 -1.75817118e-01 -7.24590972e-02
  6.39734897e-02 -1.01399343e-01  1.30122623e-01 -1.75817118e-01
 -1.34473909e-01 -1.75817118e-01 -1.71682797e-01 -1.55145514e-01
 -1.75817118e-01 -1.75817118e-01 -6.83247764e-02 -1.75817118e-01
 -1.75817118e-01 -6.83247764e-02 -1.59279834e-01 -1.75817118e-01
 -1.75817118e-01 -1.75817118e-01  2.88358029e+00 -1.75817118e-01
 -1.51011193e-01 -8.07277388e-02 -1.75817118e-01  1.13585340e-01
 -1.34473909e-01 -1.75817118e-01 -1.75817118e-01  5.76629271e-01
 -1.75817118e-01 -8.48620596e-02 -1.09667985e-01  1.30426973e+00
  1.34256944e-01 -1.42742551e-01 -1.55145514e-01 -1.75817118e-01
 -1.75817118e-01  1.99056699e+00 -7.24590972e-02 -1.71682797e-01
 -8.07277388e-02 -1.05533664e-01  2.37614964e-01 -1.75817118e-01
 -1.67548476e-01  2.66555210e-01 -3.11158890e-02 -1.75817118e-01
 -1.59279834e-01 -9.31307013e-02 -9.72650221e-02 -1.75817118e-01
 -1.75817118e-01 -1.75817118e-01 -1.75817118e-01 -1.75817118e-01
 -1.26205268e-01 -1.75817118e-01 -1.75817118e-01  1.30426973e+00
 -1.75817118e-01 -1.75817118e-01 -2.69815682e-02 -1.75817118e-01
 -1.51011193e-01  5.15705273e-02 -1.46876872e-01 -1.75817118e-01
 -1.75817118e-01 -3.93845307e-02 -1.75817118e-01  8.46450938e-02
 -1.75817118e-01 -1.30339589e-01  4.48465326e-01 -1.17936626e-01
 -1.75817118e-01 -1.75817118e-01  1.02273191e-02  1.17719660e-01
 -1.75817118e-01  2.80916251e+00  2.21077681e-01 -1.75817118e-01
 -1.42742551e-01 -1.09667985e-01 -1.75817118e-01  7.00658895e-01
 -1.75817118e-01 -7.65934180e-02 -6.41904556e-02 -1.75817118e-01
  1.39522479e+00 -1.75817118e-01 -1.05533664e-01 -2.69815682e-02
  8.46450938e-02 -1.75817118e-01 -1.17936626e-01 -9.72650221e-02
  1.38695615e+00 -1.38608230e-01 -1.34473909e-01  2.95495455e-01
 -1.71682797e-01 -1.75817118e-01 -1.75817118e-01 -1.75817118e-01
  2.88358029e+00  1.67331510e-01 -1.75817118e-01 -1.75817118e-01
 -1.75817118e-01 -1.75817118e-01  1.27532949e+00 -9.72650221e-02
 -1.71682797e-01 -1.75817118e-01 -1.75817118e-01 -9.31307013e-02
 -1.75817118e-01 -1.34473909e-01 -1.75817118e-01 -1.75817118e-01
 -1.75817118e-01 -1.75817118e-01 -1.75817118e-01  3.49241626e-01
 -1.75817118e-01 -1.75817118e-01 -7.24590972e-02 -1.04442849e-02
 -1.46876872e-01  4.74362065e-02  1.50794227e-01 -1.75817118e-01
 -1.75817118e-01 -1.75817118e-01 -1.75817118e-01 -1.09667985e-01
  2.39986475e+00 -1.75817118e-01 -1.75817118e-01 -1.75817118e-01
 -1.75817118e-01  1.46659906e-01 -1.75817118e-01 -1.75817118e-01
 -1.75817118e-01 -1.75817118e-01 -1.75817118e-01 -1.75817118e-01
 -1.71682797e-01 -1.09667985e-01 -1.51011193e-01  3.91675649e-02
  5.10480138e-01 -1.75817118e-01 -1.75817118e-01 -1.22070947e-01
  1.13585340e-01 -1.75817118e-01 -1.46876872e-01 -1.75817118e-01
 -1.51011193e-01  1.67331510e-01 -7.24590972e-02 -1.75817118e-01
  2.70689531e-01 -1.75817118e-01 -1.17936626e-01  2.67646024e-02
  7.22421314e-02 -1.75817118e-01  2.69753585e+00 -1.71682797e-01
 -1.75817118e-01  5.15705273e-02 -9.72650221e-02  1.43616400e-02
 -1.63414155e-01 -1.75817118e-01 -1.04442849e-02 -1.34473909e-01
 -1.75817118e-01 -4.35188515e-02 -9.31307013e-02 -1.75817118e-01
  2.45883606e-01 -1.75817118e-01  1.84959608e-02 -4.76531723e-02
 -6.83247764e-02 -1.75817118e-01 -1.59279834e-01  1.18850875e+00
 -1.75817118e-01 -1.71682797e-01 -1.75817118e-01 -1.75817118e-01
  2.95495455e-01  7.22421314e-02 -6.41904556e-02 -1.75817118e-01
 -1.75817118e-01 -7.24590972e-02 -1.09667985e-01 -1.75817118e-01
 -1.05533664e-01 -1.59279834e-01 -1.75817118e-01  5.55957667e-01
 -1.55145514e-01 -1.75817118e-01  9.70480563e-02 -1.75817118e-01
 -1.75817118e-01  7.63764522e-02 -1.75817118e-01  3.49241626e-01
 -1.75817118e-01 -1.75817118e-01 -1.75817118e-01 -2.28472474e-02
 -1.75817118e-01  1.21853981e-01 -1.75817118e-01 -1.75817118e-01
 -1.17936626e-01  7.22421314e-02 -6.00561347e-02  9.73524069e-01
  1.08101641e+00 -1.34473909e-01  8.87794146e-02 -1.75817118e-01
 -1.63414155e-01 -1.75817118e-01  9.70480563e-02 -1.67548476e-01
 -1.87129266e-02 -9.31307013e-02 -1.75817118e-01 -1.09667985e-01
 -1.75817118e-01  2.37614964e-01  1.25988302e-01 -8.48620596e-02
 -1.75817118e-01 -1.05533664e-01 -9.31307013e-02 -9.31307013e-02
 -1.75817118e-01 -1.34473909e-01 -7.24590972e-02  5.14614459e-01
 -1.55145514e-01 -1.75817118e-01 -1.75817118e-01 -1.75817118e-01
  6.81078106e-02 -1.75817118e-01 -1.75817118e-01 -1.22070947e-01
 -1.22070947e-01 -9.31307013e-02 -5.59218139e-02 -3.52502098e-02
  1.59062869e-01  5.15705273e-02 -1.51011193e-01 -1.55145514e-01
 -1.38608230e-01 -3.52502098e-02 -1.75817118e-01 -1.22070947e-01
 -1.75817118e-01 -1.30339589e-01 -1.05533664e-01 -7.24590972e-02
 -1.51011193e-01 -1.75817118e-01 -9.72650221e-02 -1.75817118e-01
 -1.75817118e-01 -1.22070947e-01 -1.01399343e-01 -1.63414155e-01
 -1.75817118e-01  2.37614964e-01 -1.32406749e-01 -9.31307013e-02
 -1.71682797e-01 -1.75817118e-01 -1.46876872e-01 -1.75817118e-01
 -1.38608230e-01 -1.75817118e-01 -2.69815682e-02 -1.67548476e-01
 -1.75817118e-01 -1.75817118e-01 -1.05533664e-01 -1.75817118e-01
 -1.75817118e-01 -1.75817118e-01  3.82316193e-01 -1.75817118e-01
 -1.05533664e-01 -1.63414155e-01 -1.75817118e-01 -2.17564331e-03
 -1.42742551e-01 -1.75817118e-01  7.22421314e-02 -9.72650221e-02
 -1.09667985e-01 -1.75817118e-01 -1.75817118e-01 -1.75817118e-01
  3.03764097e-01 -1.75817118e-01 -9.51978617e-02 -1.30339589e-01
  4.52599646e-01 -1.13802305e-01  2.88358029e+00 -2.69815682e-02
 -1.01399343e-01 -1.75817118e-01 -1.71682797e-01  5.80763592e-01
 -1.75817118e-01  8.74300370e-01]
Split # 2
MSE: 0.6789241880703906
MAE: 0.1186721627781096
MAPE: 0.9901606898105232
R2: 0.4215252142098954
      Topic  Frequency   Timestamp  Frequency_Next_Year     Lag-1    Diff-1  \
4       157  -0.093131  2021-01-01                  NaN -0.010444 -0.082686   
13      285  -0.093131  2021-01-01                  NaN -0.175817  0.082686   
93      146  -0.175817  2021-01-01                  NaN  0.072242 -0.248059   
117      23   1.643284  2021-01-01                  NaN  0.568361  1.074923   
118     148  -0.010444  2021-01-01                  NaN -0.175817  0.165373   
...     ...        ...         ...                  ...       ...       ...   
4903    270  -0.175817  2021-01-01                  NaN -0.175817  0.000000   
4914    166  -0.175817  2020-01-01                  NaN -0.093131 -0.082686   
4938     18   0.733733  2021-01-01                  NaN  0.237615  0.496118   
4940    310  -0.175817  2020-01-01                  NaN -0.175817  0.000000   
4953     45   0.651047  2021-01-01                  NaN  0.899106 -0.248059   

      Rolling-4  
4     -0.093131  
13    -0.134474  
93    -0.051787  
117    0.961121  
118   -0.072459  
...         ...  
4903  -0.175817  
4914  -0.155146  
4938   0.485674  
4940  -0.155146  
4953   0.320301  

[363 rows x 7 columns]
[-1.07600824e-01 -1.38608230e-01 -1.09667985e-01  9.61121107e-01
 -1.51011193e-01  8.46450938e-02 -1.17936626e-01 -1.38608230e-01
 -1.55145514e-01 -9.31307013e-02 -2.69815682e-02  7.04793216e-01
 -1.75817118e-01 -1.75817118e-01 -2.69815682e-02 -6.41904556e-02
 -1.71682797e-01 -1.30339589e-01  8.70166049e-01 -1.38608230e-01
 -1.75817118e-01 -1.75817118e-01 -1.75817118e-01 -1.51011193e-01
 -1.75817118e-01 -1.75817118e-01 -1.75817118e-01 -1.67548476e-01
 -1.26205268e-01 -1.75817118e-01 -1.71682797e-01 -1.75817118e-01
 -1.75817118e-01 -1.38608230e-01 -2.28472474e-02 -8.48620596e-02
 -9.93321825e-02 -1.75817118e-01 -1.42742551e-01 -8.69292200e-02
 -1.75817118e-01 -1.75817118e-01 -9.31307013e-02 -1.75817118e-01
 -1.75817118e-01 -1.42742551e-01 -1.75817118e-01  3.77659358e+00
 -1.75817118e-01 -1.75817118e-01 -1.51011193e-01 -9.31307013e-02
  8.46450938e-02 -9.72650221e-02 -1.75817118e-01 -1.71682797e-01
  6.38644083e-01 -1.05533664e-01 -1.59279834e-01 -9.31307013e-02
  9.61121107e-01  1.38391264e-01 -1.75817118e-01 -1.26205268e-01
 -1.59279834e-01 -1.75817118e-01  2.78849091e+00 -1.30339589e-01
 -1.01399343e-01 -1.26205268e-01 -1.13802305e-01 -1.71682797e-01
 -1.75817118e-01 -1.59279834e-01  9.29137355e-02  1.79734473e-01
 -1.75817118e-01 -9.31307013e-02 -1.38608230e-01 -1.59279834e-01
 -1.51011193e-01 -1.75817118e-01 -1.75817118e-01 -1.34473909e-01
 -1.75817118e-01 -9.31307013e-02 -1.22070947e-01 -1.75817118e-01
  1.21331468e+00 -1.75817118e-01 -1.67548476e-01 -1.75817118e-01
 -1.75817118e-01 -1.75817118e-01 -1.17936626e-01 -1.52389300e-01
 -9.31307013e-02 -1.75817118e-01  2.21077681e-01 -1.75817118e-01
 -4.35188515e-02 -1.75817118e-01 -1.34473909e-01  3.69913230e-01
 -1.26205268e-01 -1.75817118e-01 -1.75817118e-01  7.63764522e-02
 -1.26205268e-01 -1.75817118e-01  3.61535507e+00  1.42525585e-01
 -9.31307013e-02  6.39734897e-02 -1.38608230e-01 -1.51011193e-01
  7.62673708e-01 -1.75817118e-01  6.81078106e-02  1.59062869e-01
 -1.63414155e-01  1.18437443e+00 -9.72650221e-02  1.95867751e-03
 -1.01399343e-01 -3.93845307e-02 -1.75817118e-01  2.26302816e-02
 -1.75817118e-01  1.25465788e+00 -1.17936626e-01 -1.75817118e-01
  3.28570022e-01 -1.26205268e-01 -1.75817118e-01 -1.75817118e-01
 -1.71682797e-01  3.66083260e+00  3.20301380e-01 -1.75817118e-01
 -1.75817118e-01 -1.75817118e-01 -9.72650221e-02  7.42002104e-01
 -1.59279834e-01 -1.75817118e-01 -1.17936626e-01 -1.75817118e-01
 -9.31307013e-02 -1.75817118e-01 -9.31307013e-02 -9.31307013e-02
 -1.75817118e-01 -1.75817118e-01 -1.75817118e-01 -1.75817118e-01
  3.45107305e-01 -1.75817118e-01 -1.75817118e-01 -5.17874931e-02
 -9.31307013e-02 -1.52389300e-01 -9.72650221e-02 -8.07277388e-02
 -1.75817118e-01 -1.75817118e-01 -1.75817118e-01 -1.38608230e-01
  7.63764522e-02  2.36265586e+00 -4.76531723e-02 -1.66170369e-01
 -1.75817118e-01 -1.75817118e-01  8.46450938e-02 -1.75817118e-01
 -1.75817118e-01 -1.75817118e-01 -1.75817118e-01 -1.71682797e-01
 -1.75817118e-01 -1.51011193e-01 -6.83247764e-02 -1.05533664e-01
  1.17719660e-01  4.44331005e-01 -1.75817118e-01 -1.75817118e-01
 -9.31307013e-02  2.16943360e-01 -1.75817118e-01 -1.22070947e-01
 -1.71682797e-01 -1.42742551e-01  1.05316698e-01 -1.55145514e-01
 -1.75817118e-01  7.63764522e-02 -1.71682797e-01 -1.01399343e-01
 -8.89963804e-02 -1.67548476e-01 -1.75817118e-01  3.78899655e+00
 -1.51011193e-01 -1.75817118e-01  1.01182377e-01 -1.04442849e-02
  4.74362065e-02 -1.34473909e-01 -1.75817118e-01 -3.52502098e-02
 -1.71682797e-01 -1.75817118e-01 -9.31307013e-02 -1.22070947e-01
 -1.75817118e-01  3.16167060e-01 -9.72650221e-02  7.22421314e-02
 -1.46876872e-01 -1.28272428e-01 -1.75817118e-01 -4.76531723e-02
  1.15956851e+00 -1.75817118e-01 -1.05533664e-01 -1.75817118e-01
 -1.62036048e-01  3.12032739e-01  1.17719660e-01 -6.30996413e-03
 -9.31307013e-02 -1.75817118e-01 -1.34473909e-01 -1.48944032e-01
 -1.75817118e-01 -1.22070947e-01 -9.31307013e-02 -1.75817118e-01
  4.69136930e-01 -1.67548476e-01 -1.67548476e-01  1.30122623e-01
 -1.75817118e-01 -1.75817118e-01 -2.28472474e-02 -1.75817118e-01
  3.16167060e-01 -9.31307013e-02 -1.42742551e-01 -1.55145514e-01
  2.04540397e-01 -1.75817118e-01 -9.31307013e-02 -1.22070947e-01
 -1.75817118e-01 -1.30339589e-01 -1.46876872e-01 -1.26205268e-01
  1.06447913e+00  1.09341937e+00 -1.75817118e-01 -6.41904556e-02
 -1.62036048e-01 -1.09667985e-01 -1.75817118e-01  1.34256944e-01
 -3.11158890e-02  8.87794146e-02 -1.75817118e-01 -1.75817118e-01
 -6.30996413e-03 -1.75817118e-01 -9.31307013e-02 -1.71682797e-01
  1.43616400e-02 -1.75817118e-01 -1.71682797e-01 -1.75817118e-01
 -1.22070947e-01 -1.75817118e-01 -1.34473909e-01 -8.89963804e-02
  3.16167060e-01 -1.57212674e-01 -1.75817118e-01 -1.75817118e-01
 -1.75817118e-01  1.54928548e-01 -1.75817118e-01 -1.75817118e-01
 -9.31307013e-02 -1.01399343e-01 -1.63414155e-01  2.66555210e-01
 -1.42742551e-01  1.43616400e-02 -6.41904556e-02 -9.31307013e-02
 -1.38608230e-01 -1.67548476e-01 -9.31307013e-02 -1.75817118e-01
  5.98391689e-02 -8.07277388e-02 -9.31307013e-02 -1.51011193e-01
 -1.30339589e-01 -1.59279834e-01 -1.75817118e-01 -1.22070947e-01
 -1.75817118e-01 -1.63414155e-01 -1.26205268e-01 -1.67548476e-01
 -1.63414155e-01 -1.75817118e-01 -6.30996413e-03 -1.63414155e-01
 -6.41904556e-02 -1.75817118e-01 -1.75817118e-01 -1.01399343e-01
 -1.75817118e-01 -9.31307013e-02 -9.31307013e-02 -1.04442849e-02
 -1.01399343e-01 -1.71682797e-01 -1.04442849e-02 -1.71682797e-01
 -1.63414155e-01 -1.75817118e-01 -1.75817118e-01  3.32704343e-01
 -1.75817118e-01 -9.31307013e-02 -1.13802305e-01 -1.66170369e-01
 -2.17564331e-03 -1.75817118e-01 -1.75817118e-01 -1.67548476e-01
 -1.51011193e-01 -1.75817118e-01 -1.42742551e-01 -1.75817118e-01
 -1.75817118e-01  5.57048481e-02 -1.75817118e-01 -1.75817118e-01
 -1.51011193e-01  4.52599646e-01 -1.30339589e-01  3.66083260e+00
 -8.48620596e-02 -1.71682797e-01 -1.75817118e-01 -1.01399343e-01
  6.55181366e-01 -1.42742551e-01  3.65778909e-01]
Split # 3
MSE: 0.09403178140910178
MAE: 0.08513399166756322
MAPE: 1.0161045082074311
R2: 0.9042204429082125
      Topic  Frequency   Timestamp  Frequency_Next_Year     Lag-1    Diff-1  \
4       157  -0.093131  2021-01-01                  NaN -0.010444 -0.082686   
13      285  -0.093131  2021-01-01                  NaN -0.175817  0.082686   
93      146  -0.175817  2021-01-01                  NaN  0.072242 -0.248059   
117      23   1.643284  2021-01-01                  NaN  0.568361  1.074923   
118     148  -0.010444  2021-01-01                  NaN -0.175817  0.165373   
...     ...        ...         ...                  ...       ...       ...   
4903    270  -0.175817  2021-01-01                  NaN -0.175817  0.000000   
4914    166  -0.175817  2020-01-01                  NaN -0.093131 -0.082686   
4938     18   0.733733  2021-01-01                  NaN  0.237615  0.496118   
4940    310  -0.175817  2020-01-01                  NaN -0.175817  0.000000   
4953     45   0.651047  2021-01-01                  NaN  0.899106 -0.248059   

      Rolling-4  
4     -0.093131  
13    -0.134474  
93    -0.051787  
117    0.961121  
118   -0.072459  
...         ...  
4903  -0.175817  
4914  -0.155146  
4938   0.485674  
4940  -0.155146  
4953   0.320301  

[366 rows x 7 columns]
[-1.05533664e-01 -9.31307013e-02 -9.72650221e-02  1.09341937e+00
 -1.51011193e-01  2.00406077e-01 -1.34473909e-01 -1.75817118e-01
 -9.31307013e-02 -1.75817118e-01  1.01182377e-01  6.88255933e-01
 -1.75817118e-01 -1.75817118e-01  3.50332440e-02 -1.45786058e-02
 -7.65934180e-02 -1.05533664e-01  4.69136930e-01 -6.83247764e-02
 -1.75817118e-01 -9.31307013e-02 -1.75817118e-01 -1.01399343e-01
 -9.31307013e-02 -1.46876872e-01 -1.75817118e-01 -1.75817118e-01
 -1.55145514e-01 -1.75817118e-01 -1.75817118e-01 -9.31307013e-02
 -1.75817118e-01 -1.26205268e-01 -9.72650221e-02 -9.72650221e-02
 -1.75817118e-01  3.23499756e+00 -1.75817118e-01  1.34256944e-01
 -1.17936626e-01  2.67646024e-02 -1.75817118e-01 -1.75817118e-01
 -1.75817118e-01 -1.75817118e-01 -1.75817118e-01 -9.31307013e-02
 -1.75817118e-01 -1.75817118e-01 -1.75817118e-01 -1.75817118e-01
  1.42525585e-01 -1.75817118e-01  1.32907566e+00  2.25212002e-01
 -1.75817118e-01 -1.75817118e-01 -1.26205268e-01 -1.75817118e-01
 -6.41904556e-02 -1.75817118e-01 -1.42742551e-01 -1.38608230e-01
 -9.31307013e-02 -1.75817118e-01 -9.31307013e-02 -1.13802305e-01
 -1.75817118e-01  7.22421314e-02 -5.17874931e-02 -1.26205268e-01
 -1.75817118e-01 -7.65934180e-02  8.87794146e-02 -1.71682797e-01
 -1.75817118e-01 -6.00561347e-02 -2.69815682e-02 -1.17936626e-01
  2.70689531e-01 -1.75817118e-01 -1.75817118e-01 -9.31307013e-02
 -1.75817118e-01 -1.75817118e-01 -1.75817118e-01 -1.75817118e-01
 -1.34473909e-01 -1.75817118e-01 -1.75817118e-01  7.99882595e-01
 -1.75817118e-01 -1.75817118e-01 -7.65934180e-02 -1.75817118e-01
 -1.51011193e-01 -2.17564331e-03 -1.13802305e-01 -9.31307013e-02
 -1.75817118e-01 -7.24590972e-02 -1.75817118e-01  6.81078106e-02
 -1.75817118e-01 -1.38608230e-01  3.03764097e-01 -9.31307013e-02
 -1.75817118e-01 -1.75817118e-01  1.17719660e-01  6.81078106e-02
 -1.75817118e-01  5.67838116e+00  1.59062869e-01 -1.67548476e-01
 -8.89963804e-02 -9.31307013e-02 -1.75817118e-01  7.04793216e-01
 -1.75817118e-01  7.22421314e-02 -9.72650221e-02 -9.31307013e-02
  7.99882595e-01 -1.71682797e-01 -1.30339589e-01 -8.07277388e-02
  6.81078106e-02 -1.75817118e-01 -1.09667985e-01 -1.75817118e-01
  1.21744900e+00 -8.48620596e-02 -1.75817118e-01  3.86450513e-01
 -1.17936626e-01 -1.75817118e-01 -1.75817118e-01 -9.31307013e-02
  5.88096288e+00  3.20301380e-01 -1.75817118e-01 -1.75817118e-01
 -1.75817118e-01 -9.31307013e-02  9.98329994e-01  9.70480563e-02
 -1.75817118e-01 -1.55145514e-01 -1.75817118e-01 -1.38608230e-01
 -1.75817118e-01 -1.75817118e-01 -1.75817118e-01 -1.75817118e-01
 -1.75817118e-01 -9.31307013e-02 -1.75817118e-01  5.55957667e-01
 -1.75817118e-01 -1.75817118e-01 -1.45786058e-02 -9.72650221e-02
 -9.31307013e-02  6.09299832e-03  2.26302816e-02 -1.75817118e-01
 -1.75817118e-01 -1.75817118e-01 -9.31307013e-02  4.33018857e-02
  1.63501540e+00 -9.72650221e-02 -1.75817118e-01 -1.46876872e-01
 -1.75817118e-01  9.70480563e-02 -1.75817118e-01 -1.75817118e-01
 -1.75817118e-01 -1.75817118e-01 -1.75817118e-01 -9.31307013e-02
 -9.31307013e-02 -1.26205268e-01 -1.05533664e-01  1.42525585e-01
  5.27017421e-01 -1.75817118e-01 -1.75817118e-01 -9.31307013e-02
  7.63764522e-02 -1.71682797e-01 -6.83247764e-02 -1.71682797e-01
 -7.24590972e-02  3.40972984e-01 -1.55145514e-01 -1.75817118e-01
  7.22421314e-02 -9.72650221e-02 -6.83247764e-02 -5.59218139e-02
  1.30122623e-01 -1.75817118e-01  2.97866967e+00 -1.13802305e-01
 -1.75817118e-01  8.87794146e-02  1.05316698e-01 -5.17874931e-02
 -1.59279834e-01 -1.51011193e-01 -1.63414155e-01 -1.05533664e-01
 -1.75817118e-01 -1.67548476e-01 -1.75817118e-01 -1.75817118e-01
  4.77405571e-01 -1.75817118e-01  1.46659906e-01 -1.42742551e-01
 -2.69815682e-02 -1.75817118e-01 -1.75817118e-01  8.70166049e-01
 -1.75817118e-01 -6.41904556e-02 -1.75817118e-01 -1.75817118e-01
  2.99629776e-01  1.21853981e-01 -1.45786058e-02 -1.75817118e-01
 -1.75817118e-01 -5.17874931e-02 -1.75817118e-01 -1.75817118e-01
 -1.67548476e-01 -1.67548476e-01 -1.75817118e-01  6.88255933e-01
 -1.26205268e-01 -1.26205268e-01  6.39734897e-02 -1.75817118e-01
 -1.75817118e-01  1.38391264e-01 -1.75817118e-01  2.58286568e-01
 -1.75817118e-01 -1.75817118e-01 -1.01399343e-01 -5.59218139e-02
 -1.75817118e-01 -9.72650221e-02 -1.75817118e-01 -1.75817118e-01
 -1.71682797e-01  6.81078106e-02 -1.09667985e-01  9.15643578e-01
  9.44583824e-01 -1.75817118e-01  1.83868793e-01 -1.75817118e-01
 -9.72650221e-02 -1.67548476e-01  1.38391264e-01 -9.31307013e-02
  1.54928548e-01 -1.75817118e-01 -1.75817118e-01 -3.11158890e-02
 -1.75817118e-01  8.46450938e-02 -7.65934180e-02 -8.48620596e-02
 -1.75817118e-01 -1.75817118e-01 -1.75817118e-01 -1.75817118e-01
 -1.75817118e-01 -1.46876872e-01 -1.71682797e-01  3.94719155e-01
 -1.04442849e-02 -1.75817118e-01 -1.71682797e-01 -1.75817118e-01
  1.79734473e-01 -9.31307013e-02 -1.75817118e-01 -1.75817118e-01
 -1.71682797e-01  1.25988302e-01 -4.35188515e-02 -3.52502098e-02
 -2.28472474e-02  9.29137355e-02 -1.05533664e-01 -1.75817118e-01
 -1.09667985e-01 -4.76531723e-02 -1.75817118e-01 -7.65934180e-02
 -9.72650221e-02 -3.11158890e-02 -1.09667985e-01 -7.24590972e-02
 -8.89963804e-02 -1.75817118e-01 -9.31307013e-02 -1.75817118e-01
 -1.67548476e-01 -1.71682797e-01 -1.75817118e-01 -1.46876872e-01
 -9.31307013e-02  1.67331510e-01 -1.71682797e-01 -8.48620596e-02
 -1.71682797e-01 -1.63414155e-01 -1.17936626e-01 -1.75817118e-01
 -1.13802305e-01 -9.31307013e-02 -3.52502098e-02 -1.75817118e-01
 -1.75817118e-01 -1.75817118e-01 -1.75817118e-01 -1.75817118e-01
 -1.75817118e-01 -9.31307013e-02  4.31928042e-01 -1.75817118e-01
 -1.75817118e-01 -5.17874931e-02 -1.75817118e-01  5.57048481e-02
 -1.75817118e-01 -1.75817118e-01  1.25988302e-01  4.33018857e-02
 -1.67548476e-01 -1.75817118e-01 -1.75817118e-01 -1.75817118e-01
  3.03764097e-01 -1.75817118e-01 -9.72650221e-02 -8.48620596e-02
  6.01435196e-01 -1.05533664e-01  2.05040556e+01  1.84959608e-02
 -1.04442849e-02 -1.75817118e-01 -1.75817118e-01  5.55957667e-01
 -1.75817118e-01  6.30375442e-01]
Split # 4
MSE: 0.057039914304615476
MAE: 0.0822498061718909
MAPE: 0.987794248487971
R2: 0.9407333234260725
      Topic  Frequency   Timestamp  Frequency_Next_Year     Lag-1    Diff-1  \
4       157  -0.093131  2021-01-01                  NaN -0.010444 -0.082686   
13      285  -0.093131  2021-01-01                  NaN -0.175817  0.082686   
93      146  -0.175817  2021-01-01                  NaN  0.072242 -0.248059   
117      23   1.643284  2021-01-01                  NaN  0.568361  1.074923   
118     148  -0.010444  2021-01-01                  NaN -0.175817  0.165373   
...     ...        ...         ...                  ...       ...       ...   
4903    270  -0.175817  2021-01-01                  NaN -0.175817  0.000000   
4914    166  -0.175817  2020-01-01                  NaN -0.093131 -0.082686   
4938     18   0.733733  2021-01-01                  NaN  0.237615  0.496118   
4940    310  -0.175817  2020-01-01                  NaN -0.175817  0.000000   
4953     45   0.651047  2021-01-01                  NaN  0.899106 -0.248059   

      Rolling-4  
4     -0.093131  
13    -0.134474  
93    -0.051787  
117    0.961121  
118   -0.072459  
...         ...  
4903  -0.175817  
4914  -0.155146  
4938   0.485674  
4940  -0.155146  
4953   0.320301  

[372 rows x 7 columns]
[-8.48620596e-02 -1.75817118e-01 -7.65934180e-02  7.13061858e-01
 -4.35188515e-02  1.01182377e-01 -1.75817118e-01 -9.31307013e-02
 -1.75817118e-01 -1.75817118e-01  5.98391689e-02  4.85674213e-01
 -1.75817118e-01 -1.75817118e-01 -8.48620596e-02 -1.22070947e-01
 -5.17874931e-02 -1.01399343e-01  4.15390759e-01 -8.48620596e-02
 -1.75817118e-01 -1.75817118e-01 -1.75817118e-01 -1.59279834e-01
 -1.75817118e-01 -1.59279834e-01 -1.09667985e-01 -1.75817118e-01
 -1.51011193e-01 -1.75817118e-01 -9.31307013e-02 -1.75817118e-01
 -1.75817118e-01 -3.11158890e-02 -7.65934180e-02 -7.65934180e-02
 -1.75817118e-01  2.25929784e+00 -1.75817118e-01  2.25212002e-01
 -1.75817118e-01  1.59062869e-01 -9.31307013e-02 -6.41904556e-02
 -1.75817118e-01 -1.01399343e-01 -1.75817118e-01 -8.07277388e-02
 -1.75817118e-01 -1.75817118e-01 -1.75817118e-01 -1.75817118e-01
  2.25212002e-01 -1.75817118e-01  1.72597046e+00  2.16943360e-01
 -1.63414155e-01 -1.75817118e-01 -1.75817118e-01 -1.75817118e-01
 -1.75817118e-01 -1.75817118e-01 -1.75817118e-01 -1.04442849e-02
 -1.75817118e-01 -6.00561347e-02 -1.75817118e-01 -9.31307013e-02
 -1.75817118e-01 -3.11158890e-02 -1.75817118e-01 -1.75817118e-01
 -9.31307013e-02 -4.35188515e-02  1.79734473e-01 -1.67548476e-01
 -9.72650221e-02 -1.17936626e-01  1.17719660e-01 -9.72650221e-02
  1.92137435e-01 -1.75817118e-01 -1.75817118e-01 -9.31307013e-02
 -1.67548476e-01 -8.89963804e-02 -1.75817118e-01 -6.00561347e-02
 -5.17874931e-02 -1.75817118e-01 -1.75817118e-01 -2.28472474e-02
 -1.75817118e-01 -1.75817118e-01 -1.01399343e-01 -1.75817118e-01
  8.27886895e+00 -1.75817118e-01 -1.75817118e-01 -6.30996413e-03
 -6.21232951e-02  1.42525585e-01 -1.67548476e-01 -1.75817118e-01
 -1.75817118e-01  7.21330500e-01 -1.75817118e-01 -1.04442849e-02
 -8.89963804e-02  1.99470131e+00  2.91361135e-01 -1.75817118e-01
 -1.67548476e-01 -6.83247764e-02 -1.75817118e-01  2.32131266e+00
 -1.09667985e-01 -1.34473909e-01 -1.59279834e-01 -1.01399343e-01
 -1.75817118e-01 -1.75817118e-01 -1.75817118e-01  4.19525080e-01
 -1.04442849e-02 -1.46876872e-01 -1.42742551e-01 -2.28472474e-02
  1.96271756e-01 -4.35188515e-02  2.05671612e+00 -9.31307013e-02
 -3.52502098e-02 -4.35188515e-02  3.50332440e-02 -1.75817118e-01
 -6.83247764e-02 -1.75817118e-01  1.72597046e+00 -1.05533664e-01
 -1.75817118e-01  3.28570022e-01 -1.75817118e-01 -1.75817118e-01
 -1.75817118e-01 -1.71682797e-01  8.79565905e+00  3.28570022e-01
 -1.75817118e-01 -1.75817118e-01 -1.75817118e-01 -9.31307013e-02
  1.82519416e+00  2.21077681e-01 -1.75817118e-01 -1.75817118e-01
 -1.75817118e-01 -1.71682797e-01 -1.75817118e-01 -1.22070947e-01
 -1.75817118e-01 -1.75817118e-01 -1.75817118e-01 -9.31307013e-02
 -1.75817118e-01  4.69136930e-01 -1.75817118e-01 -1.75817118e-01
 -8.89963804e-02 -1.75817118e-01 -6.41904556e-02  1.05316698e-01
  1.63197189e-01 -1.75817118e-01 -1.38608230e-01 -1.75817118e-01
 -1.75817118e-01 -1.87129266e-02  2.63138672e+00 -1.17936626e-01
 -9.72650221e-02 -1.75817118e-01 -1.75817118e-01  2.41749285e-01
 -1.75817118e-01 -1.75817118e-01 -1.75817118e-01 -1.75817118e-01
 -1.75817118e-01 -1.75817118e-01 -9.31307013e-02 -9.31307013e-02
 -9.31307013e-02  1.79734473e-01  5.27017421e-01 -1.75817118e-01
 -1.75817118e-01 -1.63414155e-01  2.26302816e-02 -1.75817118e-01
 -6.83247764e-02 -9.31307013e-02 -6.41904556e-02  1.21853981e-01
 -1.71682797e-01 -1.75817118e-01  2.87226814e-01 -1.04442849e-02
 -3.52502098e-02 -1.30339589e-01  2.37614964e-01 -1.75817118e-01
  3.19778867e+00 -1.75817118e-01 -1.75817118e-01 -5.17874931e-02
 -1.09667985e-01 -5.17874931e-02 -9.31307013e-02 -1.75817118e-01
 -1.75817118e-01 -1.42742551e-01 -1.75817118e-01 -1.45786058e-02
 -1.75817118e-01 -1.75817118e-01  4.27793722e-01 -1.75817118e-01
  1.43616400e-02 -1.75817118e-01 -1.09667985e-01 -1.75817118e-01
 -1.46876872e-01  1.76317935e+00 -1.75817118e-01 -1.09667985e-01
 -1.75817118e-01 -1.75817118e-01  3.86450513e-01  2.29346322e-01
 -2.17564331e-03 -1.45786058e-02 -1.75817118e-01 -1.09667985e-01
 -6.00561347e-02 -1.75817118e-01 -9.72650221e-02  1.95867751e-03
 -1.75817118e-01  6.05569517e-01 -1.42742551e-01 -1.75817118e-01
  1.01182377e-01 -9.31307013e-02 -1.75817118e-01  1.95867751e-03
 -1.75817118e-01  4.77405571e-01 -1.75817118e-01 -1.01399343e-01
 -6.00561347e-02 -8.07277388e-02 -1.75817118e-01 -1.75817118e-01
 -1.75817118e-01 -1.75817118e-01 -7.65934180e-02  7.22421314e-02
 -1.26205268e-01  8.28822841e-01  8.90837653e-01 -1.75817118e-01
  3.28570022e-01 -1.75817118e-01 -9.72650221e-02 -1.05533664e-01
  1.96271756e-01 -1.01399343e-01 -1.13802305e-01 -1.75817118e-01
 -1.75817118e-01 -6.83247764e-02 -1.75817118e-01  1.17719660e-01
 -1.75817118e-01 -6.41904556e-02 -1.75817118e-01 -9.31307013e-02
 -1.75817118e-01 -1.75817118e-01 -1.75817118e-01 -1.55145514e-01
 -9.31307013e-02  5.89032233e-01 -1.75817118e-01 -1.67548476e-01
 -1.75817118e-01 -1.75817118e-01  1.42525585e-01 -1.75817118e-01
 -1.75817118e-01 -1.75817118e-01 -8.48620596e-02  2.21077681e-01
 -1.59279834e-01  1.02273191e-02  7.22421314e-02  1.79734473e-01
 -6.83247764e-02 -5.59218139e-02 -9.72650221e-02 -1.71682797e-01
 -1.75817118e-01 -1.34473909e-01 -1.09667985e-01 -1.67548476e-01
 -8.89963804e-02 -8.48620596e-02 -1.75817118e-01 -1.75817118e-01
 -1.75817118e-01 -1.75817118e-01 -1.75817118e-01 -1.17936626e-01
 -1.75817118e-01 -1.46876872e-01 -1.75817118e-01  2.74823851e-01
 -1.75817118e-01  3.91675649e-02 -1.75817118e-01 -1.75817118e-01
 -8.48620596e-02 -1.75817118e-01 -6.41904556e-02 -6.21232951e-02
  1.95867751e-03 -1.34473909e-01 -1.75817118e-01 -9.31307013e-02
 -9.31307013e-02 -1.75817118e-01 -1.75817118e-01 -1.75817118e-01
  4.77405571e-01 -1.75817118e-01 -1.75817118e-01 -1.75817118e-01
 -9.72650221e-02 -6.41904556e-02 -1.75817118e-01 -9.31307013e-02
  1.01182377e-01 -7.65934180e-02 -9.31307013e-02 -1.13802305e-01
 -1.75817118e-01 -1.75817118e-01  3.98853476e-01 -1.75817118e-01
 -1.75817118e-01 -1.75817118e-01  4.15390759e-01 -9.31307013e-02
  2.52089127e+01  1.92137435e-01 -1.17936626e-01 -1.75817118e-01
 -1.34473909e-01  6.96524575e-01 -1.01399343e-01  1.91201489e+00]
Split # 5
MSE: 0.17196307995305782
MAE: 0.10413965561808566
MAPE: 1.072917313865806
R2: 0.831802542598581
      Topic  Frequency   Timestamp  Frequency_Next_Year     Lag-1    Diff-1  \
4       157  -0.093131  2021-01-01                  NaN -0.010444 -0.082686   
13      285  -0.093131  2021-01-01                  NaN -0.175817  0.082686   
93      146  -0.175817  2021-01-01                  NaN  0.072242 -0.248059   
117      23   1.643284  2021-01-01                  NaN  0.568361  1.074923   
118     148  -0.010444  2021-01-01                  NaN -0.175817  0.165373   
...     ...        ...         ...                  ...       ...       ...   
4903    270  -0.175817  2021-01-01                  NaN -0.175817  0.000000   
4914    166  -0.175817  2020-01-01                  NaN -0.093131 -0.082686   
4938     18   0.733733  2021-01-01                  NaN  0.237615  0.496118   
4940    310  -0.175817  2020-01-01                  NaN -0.175817  0.000000   
4953     45   0.651047  2021-01-01                  NaN  0.899106 -0.248059   

      Rolling-4  
4     -0.093131  
13    -0.134474  
93    -0.051787  
117    0.961121  
118   -0.072459  
...         ...  
4903  -0.175817  
4914  -0.155146  
4938   0.485674  
4940  -0.155146  
4953   0.320301  

[367 rows x 7 columns]
[-5.17874931e-02 -1.46876872e-01 -1.34473909e-01  9.94195673e-01
 -1.63414155e-01  1.96271756e-01 -1.63414155e-01 -1.75817118e-01
 -1.67548476e-01 -1.38608230e-01  1.50794227e-01  6.09703837e-01
 -1.75817118e-01 -1.75817118e-01 -1.87129266e-02 -2.69815682e-02
 -1.42742551e-01 -1.75817118e-01  4.77405571e-01  6.39734897e-02
 -1.75817118e-01 -1.75817118e-01 -1.75817118e-01 -1.34473909e-01
 -1.75817118e-01 -1.46876872e-01 -1.38608230e-01 -1.75817118e-01
 -1.34473909e-01 -1.75817118e-01 -1.71682797e-01 -1.75817118e-01
 -1.75817118e-01  5.57048481e-02 -8.07277388e-02 -1.34473909e-01
 -1.75817118e-01  3.18125139e+00 -1.75817118e-01 -9.72650221e-02
 -1.05533664e-01 -1.22070947e-01 -1.71682797e-01 -9.72650221e-02
 -1.75817118e-01 -1.75817118e-01 -1.75817118e-01  7.22421314e-02
 -1.75817118e-01 -1.75817118e-01 -1.75817118e-01 -1.75817118e-01
  2.21077681e-01 -1.75817118e-01  1.79211959e+00 -8.48620596e-02
 -1.75817118e-01 -1.75817118e-01 -1.71682797e-01 -1.75817118e-01
 -1.55145514e-01 -1.75817118e-01 -1.04442849e-02 -1.71682797e-01
 -1.75817118e-01 -1.75817118e-01 -1.05533664e-01 -1.75817118e-01
 -1.75817118e-01  5.57048481e-02 -1.75817118e-01 -1.75817118e-01
 -1.63414155e-01 -1.17936626e-01  1.21853981e-01 -1.71682797e-01
 -1.75817118e-01 -1.30339589e-01  1.02273191e-02 -1.67548476e-01
  8.46450938e-02 -1.75817118e-01 -1.75817118e-01 -1.01399343e-01
 -9.31307013e-02 -6.83247764e-02 -1.01399343e-01 -1.75817118e-01
 -1.67548476e-01 -1.75817118e-01 -1.75817118e-01  4.33018857e-02
 -1.34473909e-01 -1.75817118e-01 -1.42742551e-01 -1.75817118e-01
  4.78536786e+00 -1.75817118e-01 -9.72650221e-02 -1.01399343e-01
 -9.31307013e-02  1.01182377e-01 -1.22070947e-01 -1.75817118e-01
 -1.75817118e-01  6.67584329e-01 -1.75817118e-01 -7.24590972e-02
 -4.35188515e-02  1.08101641e+00  1.09451019e-01 -9.31307013e-02
 -1.22070947e-01 -1.13802305e-01 -1.75817118e-01  2.25102920e+00
 -1.26205268e-01 -5.17874931e-02 -1.26205268e-01 -1.51011193e-01
 -7.65934180e-02 -1.75817118e-01 -1.71682797e-01  7.22421314e-02
  6.81078106e-02 -1.75817118e-01 -6.83247764e-02 -1.42742551e-01
 -1.01399343e-01 -1.38608230e-01 -1.75817118e-01 -1.71682797e-01
 -1.75817118e-01 -1.75817118e-01 -1.75817118e-01 -1.75817118e-01
 -1.75817118e-01  1.01073296e+00 -1.75817118e-01 -1.70304690e-01
 -1.75817118e-01 -1.75817118e-01 -9.31307013e-02 -9.72650221e-02
 -1.75817118e-01 -9.31307013e-02 -1.75817118e-01  6.81078106e-02
 -1.75817118e-01  1.02273191e-02 -1.67548476e-01 -1.75817118e-01
  2.37614964e-01  3.08989232e-02 -1.75817118e-01 -1.75817118e-01
  9.70480563e-02  1.02273191e-02 -1.75817118e-01  4.01224987e+00
  6.81078106e-02 -1.71682797e-01  2.67646024e-02  1.42525585e-01
 -1.75817118e-01  1.16783715e+00 -1.04442849e-02  3.91675649e-02
  6.39734897e-02 -1.75817118e-01 -1.75817118e-01 -1.46876872e-01
  2.67646024e-02  1.96576107e+00 -1.75817118e-01 -1.75817118e-01
 -1.75817118e-01 -1.75817118e-01  2.04540397e-01 -1.75817118e-01
 -1.75817118e-01 -1.75817118e-01 -1.34473909e-01 -1.75817118e-01
 -1.75817118e-01 -1.75817118e-01 -1.71682797e-01 -1.75817118e-01
 -3.52502098e-02  3.12032739e-01 -1.75817118e-01 -1.75817118e-01
 -1.75817118e-01  1.63197189e-01 -1.75817118e-01  8.87794146e-02
 -7.24590972e-02  5.98391689e-02  2.16943360e-01 -1.59279834e-01
 -1.75817118e-01  2.37614964e-01 -1.75817118e-01 -9.31307013e-02
 -4.76531723e-02 -1.05533664e-01 -1.75817118e-01  2.65205832e+00
 -1.51011193e-01 -1.75817118e-01 -2.69815682e-02 -1.34473909e-01
 -5.17874931e-02 -1.75817118e-01 -1.75817118e-01 -1.75817118e-01
 -1.71682797e-01 -1.34473909e-01 -9.31307013e-02 -1.75817118e-01
 -1.75817118e-01  1.59062869e-01 -9.31307013e-02  2.67646024e-02
 -1.67548476e-01 -5.59218139e-02 -1.75817118e-01 -1.75817118e-01
  1.00246432e+00 -1.75817118e-01 -1.01399343e-01 -1.75817118e-01
 -1.75817118e-01  1.83868793e-01 -2.17564331e-03  6.81078106e-02
 -1.75817118e-01 -1.75817118e-01 -9.72650221e-02 -1.59279834e-01
 -1.75817118e-01 -1.34473909e-01 -1.22070947e-01 -1.75817118e-01
  4.65002609e-01 -1.55145514e-01 -1.26205268e-01  3.50332440e-02
 -1.75817118e-01 -9.31307013e-02  1.71465831e-01 -1.75817118e-01
  3.61644589e-01 -1.75817118e-01 -1.59279834e-01 -1.75817118e-01
  7.63764522e-02 -1.75817118e-01 -1.75817118e-01 -1.75817118e-01
 -1.75817118e-01 -1.55145514e-01  1.95867751e-03  1.38391264e-01
  1.03967320e+00  1.08101641e+00 -1.75817118e-01  9.29137355e-02
 -1.75817118e-01 -1.63414155e-01 -1.75817118e-01 -3.52502098e-02
 -1.67548476e-01 -4.76531723e-02 -1.75817118e-01 -1.75817118e-01
  2.67646024e-02 -1.75817118e-01 -1.13802305e-01 -7.24590972e-02
 -6.83247764e-02 -1.75817118e-01 -1.75817118e-01 -1.75817118e-01
 -1.71682797e-01 -1.75817118e-01 -1.75817118e-01 -1.67548476e-01
  3.53375947e-01 -1.04442849e-02 -1.75817118e-01 -9.72650221e-02
 -1.75817118e-01  1.21853981e-01 -1.75817118e-01 -1.75817118e-01
 -1.75817118e-01 -1.46876872e-01 -8.07277388e-02  1.50794227e-01
 -6.00561347e-02  3.08989232e-02  1.38391264e-01 -6.41904556e-02
 -1.75817118e-01 -1.67548476e-01 -9.31307013e-02 -1.75817118e-01
  5.15705273e-02 -1.75817118e-01 -9.31307013e-02 -1.75817118e-01
 -1.55145514e-01 -1.46876872e-01 -1.75817118e-01 -9.72650221e-02
 -1.75817118e-01 -8.89963804e-02 -1.75817118e-01 -1.46876872e-01
 -1.55145514e-01 -1.75817118e-01  1.67331510e-01 -1.71682797e-01
 -3.52502098e-02 -1.75817118e-01 -1.71682797e-01 -1.09667985e-01
 -1.75817118e-01 -1.75817118e-01 -9.31307013e-02  6.81078106e-02
 -5.17874931e-02 -1.75817118e-01 -1.30339589e-01 -1.75817118e-01
 -1.13802305e-01 -1.75817118e-01 -1.75817118e-01  1.30122623e-01
 -1.75817118e-01 -1.38608230e-01 -1.75817118e-01 -1.75817118e-01
  1.63197189e-01 -1.75817118e-01 -1.75817118e-01 -9.72650221e-02
  7.22421314e-02 -6.83247764e-02 -2.69815682e-02 -1.75817118e-01
 -1.75817118e-01  5.15705273e-02 -1.75817118e-01 -1.34473909e-01
 -1.17936626e-01  3.36838664e-01 -1.75817118e-01  2.68626410e+01
 -1.13802305e-01 -9.31307013e-02 -1.75817118e-01 -5.17874931e-02
  8.66031728e-01 -1.75817118e-01  3.36838664e-01]
Split # 6
MSE: 0.07720472533069053
MAE: 0.08299429127766708
MAPE: 0.9859403857385354
R2: 0.9159664656245328
      Topic  Frequency   Timestamp  Frequency_Next_Year     Lag-1    Diff-1  \
4       157  -0.093131  2021-01-01                  NaN -0.010444 -0.082686   
13      285  -0.093131  2021-01-01                  NaN -0.175817  0.082686   
93      146  -0.175817  2021-01-01                  NaN  0.072242 -0.248059   
117      23   1.643284  2021-01-01                  NaN  0.568361  1.074923   
118     148  -0.010444  2021-01-01                  NaN -0.175817  0.165373   
...     ...        ...         ...                  ...       ...       ...   
4903    270  -0.175817  2021-01-01                  NaN -0.175817  0.000000   
4914    166  -0.175817  2020-01-01                  NaN -0.093131 -0.082686   
4938     18   0.733733  2021-01-01                  NaN  0.237615  0.496118   
4940    310  -0.175817  2020-01-01                  NaN -0.175817  0.000000   
4953     45   0.651047  2021-01-01                  NaN  0.899106 -0.248059   

      Rolling-4  
4     -0.093131  
13    -0.134474  
93    -0.051787  
117    0.961121  
118   -0.072459  
...         ...  
4903  -0.175817  
4914  -0.155146  
4938   0.485674  
4940  -0.155146  
4953   0.320301  

[368 rows x 7 columns]
[-6.83247764e-02 -9.72650221e-02 -4.35188515e-02  4.89808534e-01
  1.43616400e-02  1.32189783e-01 -1.75817118e-01 -1.42742551e-01
 -1.75817118e-01 -1.75817118e-01  8.87794146e-02  7.79210991e-01
 -1.75817118e-01 -1.75817118e-01 -1.26205268e-01 -1.22070947e-01
 -1.75817118e-01 -1.75817118e-01  3.07898418e-01 -1.26205268e-01
 -1.75817118e-01 -1.75817118e-01 -1.75817118e-01 -1.17936626e-01
 -1.75817118e-01 -1.04442849e-02 -1.75817118e-01 -1.09667985e-01
 -1.55145514e-01 -1.75817118e-01  1.13585340e-01 -1.75817118e-01
 -1.75817118e-01 -1.63414155e-01 -7.24590972e-02 -1.22070947e-01
 -1.75817118e-01  3.18125139e+00 -1.75817118e-01 -1.87129266e-02
 -9.31307013e-02  1.95867751e-03 -1.75817118e-01 -1.75817118e-01
 -1.63414155e-01 -1.05533664e-01 -1.75817118e-01 -9.31307013e-02
 -1.75817118e-01 -1.75817118e-01 -1.75817118e-01 -1.75817118e-01
  2.37614964e-01 -1.71682797e-01  1.80865687e+00 -1.01399343e-01
 -1.75817118e-01 -1.07600824e-01 -1.71682797e-01 -1.75817118e-01
 -1.38608230e-01 -1.75817118e-01 -1.75817118e-01 -1.75817118e-01
 -1.75817118e-01 -1.01399343e-01 -1.75817118e-01 -1.46876872e-01
 -1.75817118e-01 -6.30996413e-03 -1.75817118e-01 -1.34473909e-01
 -4.35188515e-02 -9.72650221e-02  9.29137355e-02 -1.75817118e-01
 -9.31307013e-02 -3.11158890e-02 -1.45786058e-02 -1.63414155e-01
  3.28570022e-01 -1.75817118e-01 -1.63414155e-01 -1.75817118e-01
 -1.30339589e-01 -1.46876872e-01 -1.75817118e-01 -1.75817118e-01
 -1.75817118e-01 -1.75817118e-01 -1.75817118e-01 -1.22070947e-01
 -1.01399343e-01 -1.75817118e-01 -1.75817118e-01 -1.75817118e-01
  5.71559005e+00 -1.75817118e-01 -1.38608230e-01 -9.72650221e-02
 -9.31307013e-02  3.40972984e-01 -1.38608230e-01 -1.75817118e-01
 -1.75817118e-01  3.61644589e-01 -1.75817118e-01 -9.72650221e-02
 -2.28472474e-02  1.20504604e+00  3.53375947e-01 -9.72650221e-02
 -1.46876872e-01 -1.55145514e-01 -1.75817118e-01  2.13113390e+00
 -6.83247764e-02 -1.75817118e-01 -1.01399343e-01 -1.63414155e-01
 -8.07277388e-02 -1.75817118e-01 -1.75817118e-01  4.02987797e-01
  5.57048481e-02 -1.75817118e-01 -1.13802305e-01 -1.22070947e-01
 -3.11158890e-02 -1.75817118e-01 -1.75817118e-01 -1.75817118e-01
 -1.75817118e-01 -1.75817118e-01 -1.75817118e-01 -1.75817118e-01
 -1.75817118e-01  1.13889690e+00 -1.75817118e-01 -1.13802305e-01
 -1.75817118e-01 -1.75817118e-01 -9.72650221e-02 -1.59279834e-01
 -1.34473909e-01 -9.31307013e-02 -1.75817118e-01 -1.01399343e-01
 -1.75817118e-01  2.26302816e-02 -1.75817118e-01 -1.42742551e-01
  2.87226814e-01 -1.17936626e-01 -1.75817118e-01 -1.75817118e-01
  4.74362065e-02  6.09299832e-03 -1.75817118e-01  2.17247711e+00
  2.54152247e-01 -1.59279834e-01 -8.48620596e-02 -1.55145514e-01
 -1.09667985e-01  7.46136424e-01 -1.75817118e-01 -1.87129266e-02
 -1.09667985e-01 -1.63414155e-01  1.09755369e+00 -1.05533664e-01
 -1.59279834e-01 -1.46876872e-01  2.67646024e-02 -1.75817118e-01
 -1.59279834e-01 -9.31307013e-02  1.08515073e+00 -1.30339589e-01
 -1.75817118e-01  2.68622370e-01 -1.75817118e-01 -1.75817118e-01
 -1.75817118e-01 -1.75817118e-01  6.20343990e+00  3.24435701e-01
 -1.75817118e-01 -1.75817118e-01 -1.75817118e-01 -1.73749957e-01
  1.08928505e+00 -1.87129266e-02 -1.75817118e-01 -1.75817118e-01
 -1.71682797e-01 -9.31307013e-02 -1.75817118e-01 -4.14516911e-02
 -1.75817118e-01 -1.75817118e-01 -1.75817118e-01 -1.75817118e-01
 -1.75817118e-01  3.57510268e-01 -1.75817118e-01 -1.75817118e-01
 -9.72650221e-02 -1.75817118e-01 -1.34473909e-01 -2.17564331e-03
 -8.48620596e-02 -1.75817118e-01 -6.83247764e-02 -1.67548476e-01
 -1.46876872e-01 -1.71682797e-01 -1.75817118e-01 -1.75817118e-01
 -1.75817118e-01 -1.75817118e-01  2.87226814e-01 -1.75817118e-01
 -3.11158890e-02 -1.59279834e-01 -8.48620596e-02 -1.75817118e-01
 -1.75817118e-01  1.13889690e+00 -1.75817118e-01 -1.55145514e-01
 -1.75817118e-01 -1.75817118e-01  3.53375947e-01  2.26302816e-02
  4.33018857e-02 -1.75817118e-01 -1.75817118e-01 -6.41904556e-02
 -9.72650221e-02 -1.75817118e-01 -2.28472474e-02 -1.71682797e-01
 -1.75817118e-01  4.02987797e-01 -1.67548476e-01 -1.75817118e-01
 -2.28472474e-02 -1.75817118e-01 -1.75817118e-01  1.13585340e-01
 -1.75817118e-01  3.74047551e-01 -1.75817118e-01 -1.05533664e-01
 -1.46876872e-01 -1.51011193e-01 -9.31307013e-02 -1.67548476e-01
 -1.75817118e-01 -1.75817118e-01 -2.69815682e-02 -1.87129266e-02
 -1.13802305e-01  1.05207616e+00  1.07688209e+00 -1.75817118e-01
  3.45107305e-01 -1.75817118e-01 -1.75817118e-01 -1.75817118e-01
  8.87794146e-02 -1.75817118e-01 -1.22070947e-01 -1.75817118e-01
 -1.75817118e-01 -1.30339589e-01 -1.75817118e-01 -9.72650221e-02
 -9.31307013e-02  6.81078106e-02 -1.71682797e-01 -1.75817118e-01
 -1.75817118e-01 -1.75817118e-01 -1.75817118e-01 -1.42742551e-01
 -8.89963804e-02  3.78181872e-01 -8.48620596e-02 -1.17936626e-01
 -8.07277388e-02 -1.75817118e-01  2.12809039e-01 -1.75817118e-01
 -1.75817118e-01 -1.75817118e-01 -1.75817118e-01 -1.45786058e-02
 -1.05533664e-01 -3.11158890e-02 -3.73173702e-02 -6.00561347e-02
 -1.46876872e-01 -1.75817118e-01 -1.55145514e-01 -6.83247764e-02
 -1.75817118e-01 -1.05533664e-01 -1.04442849e-02 -1.38608230e-01
 -1.75817118e-01 -1.30339589e-01 -9.31307013e-02 -1.75817118e-01
 -1.34473909e-01 -1.75817118e-01 -8.48620596e-02 -1.75817118e-01
 -1.46876872e-01 -1.75817118e-01 -1.75817118e-01  2.70689531e-01
 -1.34473909e-01 -8.89963804e-02 -1.75817118e-01 -1.75817118e-01
 -1.75817118e-01 -1.75817118e-01 -1.51011193e-01 -9.31307013e-02
 -3.52502098e-02 -1.75817118e-01 -1.75817118e-01 -1.75817118e-01
 -9.31307013e-02 -1.38608230e-01 -1.75817118e-01 -1.75817118e-01
  3.24435701e-01 -1.75817118e-01 -1.75817118e-01 -1.75817118e-01
 -1.67548476e-01 -1.05533664e-01 -9.72650221e-02 -1.75817118e-01
 -5.59218139e-02 -8.89963804e-02 -1.75817118e-01 -1.13802305e-01
 -1.75817118e-01 -1.75817118e-01  3.49241626e-01 -1.75817118e-01
 -1.26205268e-01 -1.09667985e-01  3.65778909e-01 -1.75817118e-01
  2.99220384e+01 -2.17564331e-03 -1.75817118e-01 -1.75817118e-01
 -1.38608230e-01  3.61644589e-01 -9.51978617e-02  4.69136930e-01]
Split # 7
MSE: 0.3132305832909457
MAE: 0.09293224402600596
MAPE: 0.9822918034222093
R2: 0.7299901055345535
      Topic  Frequency   Timestamp  Frequency_Next_Year     Lag-1    Diff-1  \
4       157  -0.093131  2021-01-01                  NaN -0.010444 -0.082686   
13      285  -0.093131  2021-01-01                  NaN -0.175817  0.082686   
93      146  -0.175817  2021-01-01                  NaN  0.072242 -0.248059   
117      23   1.643284  2021-01-01                  NaN  0.568361  1.074923   
118     148  -0.010444  2021-01-01                  NaN -0.175817  0.165373   
...     ...        ...         ...                  ...       ...       ...   
4903    270  -0.175817  2021-01-01                  NaN -0.175817  0.000000   
4914    166  -0.175817  2020-01-01                  NaN -0.093131 -0.082686   
4938     18   0.733733  2021-01-01                  NaN  0.237615  0.496118   
4940    310  -0.175817  2020-01-01                  NaN -0.175817  0.000000   
4953     45   0.651047  2021-01-01                  NaN  0.899106 -0.248059   

      Rolling-4  
4     -0.093131  
13    -0.134474  
93    -0.051787  
117    0.961121  
118   -0.072459  
...         ...  
4903  -0.175817  
4914  -0.155146  
4938   0.485674  
4940  -0.155146  
4953   0.320301  

[379 rows x 7 columns]
[-1.71682797e-01 -1.51011193e-01 -6.83247764e-02  1.14716554e+00
 -9.31307013e-02  2.16943360e-01 -1.75817118e-01 -1.67548476e-01
 -1.13802305e-01 -1.75817118e-01  2.21077681e-01  1.52752306e+00
 -1.75817118e-01 -1.75817118e-01 -1.09667985e-01 -8.48620596e-02
 -1.26205268e-01 -1.22070947e-01  4.65002609e-01 -3.93845307e-02
 -1.75817118e-01 -1.75817118e-01 -1.75817118e-01 -3.11158890e-02
 -1.75817118e-01 -1.51011193e-01 -1.75817118e-01 -6.00561347e-02
 -1.46876872e-01 -1.75817118e-01 -1.38608230e-01 -1.75817118e-01
 -1.75817118e-01 -1.87129266e-02 -1.87129266e-02 -6.41904556e-02
 -1.75817118e-01  3.13990818e+00 -1.75817118e-01 -1.01399343e-01
 -1.01399343e-01 -2.69815682e-02 -1.75817118e-01 -1.75817118e-01
 -1.75817118e-01 -1.01399343e-01 -1.75817118e-01 -2.69815682e-02
 -1.75817118e-01 -1.75817118e-01 -1.75817118e-01 -1.75817118e-01
  1.63197189e-01 -1.75817118e-01  2.47014820e+00  2.67646024e-02
 -9.31307013e-02 -1.75817118e-01 -1.04442849e-02 -1.75817118e-01
 -1.75817118e-01 -1.75817118e-01 -1.03466503e-01 -1.05533664e-01
 -1.75817118e-01 -1.01399343e-01 -1.71682797e-01 -1.59279834e-01
 -1.75817118e-01  1.96271756e-01 -1.51011193e-01 -1.71682797e-01
 -1.17936626e-01 -1.51011193e-01  2.00406077e-01 -1.75817118e-01
 -9.31307013e-02 -8.48620596e-02 -6.00561347e-02 -1.05533664e-01
  2.45883606e-01 -1.75817118e-01 -1.75817118e-01 -9.31307013e-02
 -1.13802305e-01 -5.59218139e-02 -1.75817118e-01 -1.01399343e-01
 -1.09667985e-01 -1.75817118e-01 -1.75817118e-01 -1.75817118e-01
 -9.31307013e-02 -1.75817118e-01 -1.01399343e-01 -1.75817118e-01
  8.72124128e+00 -1.75817118e-01 -1.71682797e-01 -5.59218139e-02
 -1.01399343e-01  2.54152247e-01 -1.71682797e-01 -9.31307013e-02
 -1.75817118e-01  4.69136930e-01 -1.59279834e-01 -7.24590972e-02
 -7.65934180e-02  1.40349343e+00  2.74823851e-01 -1.75817118e-01
 -1.71682797e-01 -5.59218139e-02 -1.75817118e-01  3.05722176e+00
 -7.24590972e-02 -1.75817118e-01 -1.01399343e-01 -1.26205268e-01
 -4.76531723e-02 -1.75817118e-01 -1.75817118e-01  4.52599646e-01
 -3.93845307e-02 -1.63414155e-01 -6.00561347e-02 -1.45786058e-02
  4.74362065e-02 -1.75817118e-01 -1.34473909e-01 -1.75817118e-01
 -1.17936626e-01 -1.75817118e-01 -1.05533664e-01 -1.75817118e-01
 -1.75817118e-01  1.84173144e+00 -1.75817118e-01 -1.30339589e-01
 -1.55145514e-01 -1.75817118e-01 -1.67548476e-01 -1.45786058e-02
 -1.75817118e-01 -1.13802305e-01 -1.75817118e-01 -2.69815682e-02
 -1.75817118e-01  1.43616400e-02 -1.75817118e-01 -1.17936626e-01
  2.87226814e-01 -2.69815682e-02 -1.75817118e-01 -1.75817118e-01
  1.46659906e-01 -1.87129266e-02 -1.75817118e-01  3.18125139e+00
  3.53375947e-01 -9.31307013e-02 -5.17874931e-02 -9.31307013e-02
 -9.72650221e-02  9.23912220e-01 -1.75817118e-01 -5.17874931e-02
 -1.45786058e-02 -1.09667985e-01  1.89134329e+00 -9.31307013e-02
 -1.04442849e-02 -2.28472474e-02 -2.17564331e-03 -1.75817118e-01
 -6.00561347e-02 -1.75817118e-01  2.03604452e+00 -2.28472474e-02
 -1.75817118e-01  4.15390759e-01 -9.31307013e-02 -1.75817118e-01
 -1.75817118e-01 -1.30339589e-01  5.67011252e+00  2.66555210e-01
 -1.75817118e-01 -1.75817118e-01 -1.75817118e-01 -1.71682797e-01
  1.48617985e+00  3.91675649e-02 -1.75817118e-01 -1.75817118e-01
 -1.75817118e-01 -3.11158890e-02 -1.75817118e-01 -9.31307013e-02
 -1.75817118e-01 -1.75817118e-01 -1.75817118e-01 -1.75817118e-01
 -1.75817118e-01  6.42778404e-01 -1.75817118e-01 -1.75817118e-01
 -9.31307013e-02 -1.05533664e-01 -1.75817118e-01 -7.65934180e-02
 -6.41904556e-02 -1.75817118e-01 -1.75817118e-01 -1.75817118e-01
 -1.51011193e-01 -5.59218139e-02  2.93319214e+00 -1.75817118e-01
 -9.72650221e-02 -1.75817118e-01 -1.75817118e-01  1.59062869e-01
 -1.75817118e-01 -9.31307013e-02 -1.75817118e-01 -1.75817118e-01
 -1.75817118e-01 -9.31307013e-02 -1.26205268e-01 -1.13802305e-01
 -9.31307013e-02  1.63197189e-01  3.49241626e-01 -1.75817118e-01
 -1.75817118e-01 -1.17936626e-01  6.39734897e-02 -1.75817118e-01
 -5.17874931e-02 -1.34473909e-01 -5.17874931e-02  2.62420889e-01
 -1.38608230e-01 -1.75817118e-01  4.65002609e-01 -1.30339589e-01
 -1.01399343e-01 -2.69815682e-02 -1.09667985e-01 -1.75817118e-01
  3.18952003e+00 -1.75817118e-01 -1.75817118e-01 -5.17874931e-02
 -1.04442849e-02 -3.52502098e-02 -1.71682797e-01  2.50017926e-01
 -1.75817118e-01 -1.75817118e-01  2.29346322e-01 -1.75817118e-01
  4.15390759e-01 -1.75817118e-01 -1.01399343e-01 -1.67548476e-01
 -3.11158890e-02 -1.75817118e-01 -1.75817118e-01 -1.71682797e-01
 -1.75817118e-01 -1.26205268e-01 -3.11158890e-02 -5.17874931e-02
  1.73010478e+00  1.65568700e+00 -1.75817118e-01  1.71465831e-01
 -1.75817118e-01 -9.31307013e-02 -1.75817118e-01  2.08674718e-01
 -9.31307013e-02 -7.65934180e-02 -9.31307013e-02 -1.75817118e-01
 -5.59218139e-02 -9.31307013e-02 -6.41904556e-02 -3.52502098e-02
 -3.93845307e-02 -1.75817118e-01 -1.75817118e-01 -1.75817118e-01
 -1.75817118e-01 -1.75817118e-01 -1.26205268e-01 -8.89963804e-02
  3.24435701e-01 -5.17874931e-02 -1.75817118e-01 -1.75817118e-01
 -1.75817118e-01  1.42525585e-01 -1.75817118e-01 -1.75817118e-01
 -1.09667985e-01 -1.71682797e-01 -1.01399343e-01 -3.11158890e-02
 -1.04442849e-02  1.67331510e-01  1.17719660e-01 -7.65934180e-02
 -9.72650221e-02 -1.09667985e-01 -1.04442849e-02 -1.75817118e-01
 -1.87129266e-02 -1.75817118e-01 -8.07277388e-02 -1.87129266e-02
 -1.26205268e-01 -1.55145514e-01 -1.75817118e-01 -1.55145514e-01
 -1.75817118e-01 -1.71682797e-01 -1.55145514e-01 -1.75817118e-01
 -1.75817118e-01 -1.75817118e-01  2.74823851e-01 -1.22070947e-01
 -4.35188515e-02 -1.75817118e-01 -1.75817118e-01 -1.75817118e-01
 -1.75817118e-01 -1.75817118e-01 -1.01399343e-01 -2.17564331e-03
 -1.75817118e-01 -1.75817118e-01 -9.31307013e-02 -1.75817118e-01
 -1.75817118e-01 -1.75817118e-01 -9.31307013e-02  3.32704343e-01
 -1.75817118e-01 -1.75817118e-01 -1.59279834e-01 -9.72650221e-02
  6.39734897e-02 -1.75817118e-01 -1.75817118e-01 -6.41904556e-02
 -2.69815682e-02 -1.75817118e-01  1.02273191e-02 -1.75817118e-01
 -1.75817118e-01  3.24435701e-01 -1.75817118e-01 -1.59279834e-01
 -1.05533664e-01  2.45883606e-01 -1.26205268e-01  1.00772985e+01
 -2.28472474e-02 -1.67548476e-01 -1.75817118e-01 -1.75817118e-01
  7.08927537e-01 -1.01399343e-01  1.02727024e+00]
Split # 8
MSE: 0.41750285135064163
MAE: 0.09691857327708964
MAPE: 1.0413121852983143
R2: 0.6374284659669023
      Topic  Frequency   Timestamp  Frequency_Next_Year     Lag-1    Diff-1  \
4       157  -0.093131  2021-01-01                  NaN -0.010444 -0.082686   
13      285  -0.093131  2021-01-01                  NaN -0.175817  0.082686   
93      146  -0.175817  2021-01-01                  NaN  0.072242 -0.248059   
117      23   1.643284  2021-01-01                  NaN  0.568361  1.074923   
118     148  -0.010444  2021-01-01                  NaN -0.175817  0.165373   
...     ...        ...         ...                  ...       ...       ...   
4903    270  -0.175817  2021-01-01                  NaN -0.175817  0.000000   
4914    166  -0.175817  2020-01-01                  NaN -0.093131 -0.082686   
4938     18   0.733733  2021-01-01                  NaN  0.237615  0.496118   
4940    310  -0.175817  2020-01-01                  NaN -0.175817  0.000000   
4953     45   0.651047  2021-01-01                  NaN  0.899106 -0.248059   

      Rolling-4  
4     -0.093131  
13    -0.134474  
93    -0.051787  
117    0.961121  
118   -0.072459  
...         ...  
4903  -0.175817  
4914  -0.155146  
4938   0.485674  
4940  -0.155146  
4953   0.320301  

[370 rows x 7 columns]
[-1.46876872e-01 -1.75817118e-01 -8.48620596e-02  1.59780651e+00
 -9.31307013e-02  3.61644589e-01 -1.75817118e-01 -1.75817118e-01
 -1.75817118e-01 -1.75817118e-01  2.33480643e-01  5.55957667e-01
 -1.75817118e-01 -1.75817118e-01 -1.67548476e-01 -1.17936626e-01
 -1.05533664e-01 -1.05533664e-01  7.25464820e-01 -1.22070947e-01
 -1.75817118e-01 -1.75817118e-01 -1.75817118e-01 -3.11158890e-02
 -1.75817118e-01 -5.17874931e-02 -1.75817118e-01 -1.45786058e-02
 -1.22070947e-01 -9.31307013e-02 -1.59279834e-01 -1.75817118e-01
 -1.75817118e-01 -1.46876872e-01 -1.75817118e-01 -2.69815682e-02
 -1.75817118e-01  2.65619264e+00 -1.75817118e-01 -6.41904556e-02
 -1.75817118e-01 -1.67548476e-01 -1.75817118e-01 -1.71682797e-01
 -1.75817118e-01 -1.75817118e-01 -9.31307013e-02 -1.38608230e-01
 -1.75817118e-01 -1.75817118e-01 -1.75817118e-01 -1.75817118e-01
  3.28570022e-01 -1.75817118e-01  2.07738773e+00 -1.22070947e-01
 -1.75817118e-01 -9.31307013e-02 -5.59218139e-02 -1.75817118e-01
 -1.22070947e-01 -1.75817118e-01 -1.75817118e-01 -1.75817118e-01
 -1.75817118e-01 -1.75817118e-01 -1.75817118e-01 -1.59279834e-01
 -1.75817118e-01  3.12032739e-01 -1.17936626e-01 -1.26205268e-01
 -1.01399343e-01 -5.17874931e-02  4.56733967e-01 -1.71682797e-01
 -1.67548476e-01 -1.05533664e-01  6.81078106e-02 -1.13802305e-01
  4.31928042e-01 -1.75817118e-01 -1.75817118e-01 -1.75817118e-01
 -9.31307013e-02 -1.51011193e-01 -1.75817118e-01 -1.75817118e-01
 -1.75817118e-01 -1.75817118e-01 -1.75817118e-01 -9.31307013e-02
 -9.31307013e-02 -1.75817118e-01 -1.75817118e-01 -1.75817118e-01
  5.66597820e+00 -1.75817118e-01 -1.59279834e-01 -9.31307013e-02
 -9.31307013e-02  4.36062363e-01 -1.42742551e-01 -1.75817118e-01
 -1.75817118e-01  5.68360629e-01 -1.59279834e-01 -9.31307013e-02
 -6.00561347e-02  9.23912220e-01  4.52599646e-01 -1.75817118e-01
 -1.38608230e-01 -1.59279834e-01 -1.75817118e-01  2.42053635e+00
 -1.17936626e-01 -1.01399343e-01 -1.17936626e-01 -1.71682797e-01
 -1.34473909e-01 -1.75817118e-01 -1.75817118e-01  1.71465831e-01
  3.36838664e-01 -1.75817118e-01 -6.00561347e-02 -1.46876872e-01
 -1.59279834e-01 -9.31307013e-02 -1.75817118e-01 -9.31307013e-02
 -1.05533664e-01 -1.75817118e-01 -1.75817118e-01 -1.75817118e-01
 -1.75817118e-01  9.61121107e-01 -1.75817118e-01 -9.72650221e-02
 -1.51011193e-01 -1.75817118e-01 -1.38608230e-01  1.84959608e-02
 -1.67548476e-01 -9.31307013e-02 -1.75817118e-01  2.67646024e-02
 -1.75817118e-01 -4.76531723e-02 -1.75817118e-01 -1.30339589e-01
  2.83092493e-01 -1.17936626e-01 -1.75817118e-01 -1.75817118e-01
  1.88003114e-01 -1.09667985e-01 -1.75817118e-01  3.99157827e+00
  5.18748780e-01 -1.75817118e-01 -7.24590972e-02 -9.31307013e-02
 -1.01399343e-01  7.58539387e-01 -1.75817118e-01 -4.35188515e-02
  3.08989232e-02 -1.38608230e-01  1.28359813e+00 -1.75817118e-01
 -1.42742551e-01 -2.17564331e-03 -4.35188515e-02 -1.75817118e-01
  1.02273191e-02 -9.31307013e-02  1.27532949e+00 -1.34473909e-01
 -1.75817118e-01  3.07898418e-01 -1.22070947e-01 -1.75817118e-01
 -1.04442849e-02 -1.75817118e-01  5.24014315e+00  3.74047551e-01
 -1.75817118e-01 -1.75817118e-01 -1.75817118e-01 -1.75817118e-01
  8.53628766e-01 -1.59279834e-01 -1.17936626e-01 -1.75817118e-01
 -9.31307013e-02 -1.04442849e-02 -1.75817118e-01 -1.30339589e-01
 -7.65934180e-02 -1.75817118e-01 -9.31307013e-02 -1.75817118e-01
 -1.75817118e-01  4.77405571e-01 -1.75817118e-01 -1.75817118e-01
 -1.75817118e-01 -1.75817118e-01 -1.67548476e-01 -3.52502098e-02
 -1.42742551e-01 -1.75817118e-01 -1.75817118e-01 -1.75817118e-01
 -1.75817118e-01 -6.41904556e-02  2.54456598e+00 -1.59279834e-01
 -1.01399343e-01 -1.67548476e-01 -1.75817118e-01  2.45883606e-01
 -1.75817118e-01 -1.75817118e-01 -1.75817118e-01 -1.75817118e-01
 -1.75817118e-01 -1.75817118e-01 -1.17936626e-01 -9.72650221e-02
 -3.11158890e-02  3.50332440e-02  5.14614459e-01 -1.75817118e-01
 -1.63414155e-01 -1.75817118e-01  1.38391264e-01 -1.75817118e-01
 -1.05533664e-01 -1.59279834e-01 -9.31307013e-02  1.96271756e-01
 -1.63414155e-01 -1.75817118e-01  3.20301380e-01 -1.42742551e-01
 -8.89963804e-02  1.84959608e-02 -6.00561347e-02 -1.75817118e-01
  3.07375904e+00 -1.75817118e-01 -1.75817118e-01 -5.59218139e-02
 -9.31307013e-02  7.22421314e-02 -1.75817118e-01 -1.67548476e-01
 -1.34473909e-01 -1.13802305e-01 -1.75817118e-01 -9.31307013e-02
 -1.67548476e-01 -1.75817118e-01  4.65002609e-01 -1.75817118e-01
  8.05107730e-02 -1.75817118e-01 -1.59279834e-01 -1.75817118e-01
 -1.59279834e-01  9.07374936e-01 -1.75817118e-01 -1.59279834e-01
 -1.75817118e-01 -1.01399343e-01  3.94719155e-01  8.05107730e-02
  2.21077681e-01 -9.31307013e-02 -1.75817118e-01 -1.17936626e-01
 -1.55145514e-01 -1.75817118e-01 -3.52502098e-02 -1.75817118e-01
 -1.75817118e-01  4.77405571e-01 -7.65934180e-02  5.10480138e-01
 -1.09667985e-01 -1.75817118e-01 -1.71682797e-01 -1.75817118e-01
  1.92137435e-01 -1.75817118e-01 -1.75817118e-01 -1.17936626e-01
 -1.75817118e-01 -6.00561347e-02  3.12032739e-01 -7.65934180e-02
  2.45883606e-01  2.45883606e-01 -1.04442849e-02 -1.75817118e-01
 -1.26205268e-01  3.91675649e-02 -1.75817118e-01 -1.04442849e-02
 -1.75817118e-01 -9.31307013e-02 -5.59218139e-02 -1.34473909e-01
 -1.71682797e-01 -1.75817118e-01 -1.59279834e-01 -1.75817118e-01
 -1.38608230e-01 -1.71682797e-01 -1.75817118e-01 -8.48620596e-02
 -1.75817118e-01  2.87226814e-01 -1.55145514e-01 -4.35188515e-02
 -1.75817118e-01 -1.59279834e-01 -1.75817118e-01 -1.75817118e-01
 -1.75817118e-01 -9.31307013e-02  1.38391264e-01 -1.01399343e-01
 -1.75817118e-01 -1.04442849e-02 -1.05533664e-01 -1.59279834e-01
 -1.75817118e-01 -1.75817118e-01  4.98077175e-01 -9.31307013e-02
 -1.75817118e-01 -1.63414155e-01 -1.01399343e-01  1.34256944e-01
 -9.31307013e-02 -1.75817118e-01 -6.41904556e-02 -1.75817118e-01
 -9.31307013e-02 -1.13802305e-01 -1.75817118e-01 -1.75817118e-01
  2.04540397e-01 -9.31307013e-02 -1.05533664e-01 -1.55145514e-01
  3.94719155e-01 -1.30339589e-01  7.33624381e+00 -1.75817118e-01
 -8.89963804e-02 -1.75817118e-01 -1.01399343e-01  6.75852971e-01
 -1.75817118e-01  4.27793722e-01]
Split # 9
MSE: 0.1829661910663858
MAE: 0.10739313547645629
MAPE: 1.160553106336178
R2: 0.836157599684149
      Topic  Frequency   Timestamp  Frequency_Next_Year     Lag-1    Diff-1  \
4       157  -0.093131  2021-01-01                  NaN -0.010444 -0.082686   
13      285  -0.093131  2021-01-01                  NaN -0.175817  0.082686   
93      146  -0.175817  2021-01-01                  NaN  0.072242 -0.248059   
117      23   1.643284  2021-01-01                  NaN  0.568361  1.074923   
118     148  -0.010444  2021-01-01                  NaN -0.175817  0.165373   
...     ...        ...         ...                  ...       ...       ...   
4903    270  -0.175817  2021-01-01                  NaN -0.175817  0.000000   
4914    166  -0.175817  2020-01-01                  NaN -0.093131 -0.082686   
4938     18   0.733733  2021-01-01                  NaN  0.237615  0.496118   
4940    310  -0.175817  2020-01-01                  NaN -0.175817  0.000000   
4953     45   0.651047  2021-01-01                  NaN  0.899106 -0.248059   

      Rolling-4  
4     -0.093131  
13    -0.134474  
93    -0.051787  
117    0.961121  
118   -0.072459  
...         ...  
4903  -0.175817  
4914  -0.155146  
4938   0.485674  
4940  -0.155146  
4953   0.320301  

[369 rows x 7 columns]
[-1.05533664e-01 -1.38608230e-01 -4.35188515e-02  1.15129986e+00
 -1.75817118e-01  1.63197189e-01 -1.75817118e-01 -1.34473909e-01
 -1.67548476e-01 -1.75817118e-01  1.96271756e-01  3.82316193e-01
 -1.75817118e-01 -1.75817118e-01 -9.31307013e-02  1.02273191e-02
 -1.71682797e-01 -1.55145514e-01  1.88003114e-01 -2.69815682e-02
 -1.75817118e-01 -1.75817118e-01 -1.75817118e-01 -2.69815682e-02
 -1.75817118e-01 -4.35188515e-02 -1.67548476e-01 -1.63414155e-01
 -7.24590972e-02 -1.75817118e-01 -1.55145514e-01 -1.75817118e-01
 -1.75817118e-01 -4.35188515e-02 -6.00561347e-02  1.43616400e-02
 -1.75817118e-01  2.80089387e+00 -1.75817118e-01 -2.28472474e-02
 -1.75817118e-01  3.91675649e-02 -1.75817118e-01 -1.75817118e-01
 -1.75817118e-01 -1.75817118e-01 -1.75817118e-01 -8.89963804e-02
 -9.31307013e-02 -1.75817118e-01 -1.75817118e-01 -1.75817118e-01
  4.60868288e-01 -1.75817118e-01  2.07325341e+00  5.98391689e-02
 -1.59279834e-01 -1.75817118e-01 -9.72650221e-02 -1.75817118e-01
 -1.75817118e-01 -1.75817118e-01 -1.75817118e-01 -1.75817118e-01
 -1.75817118e-01 -9.31307013e-02 -1.75817118e-01 -1.46876872e-01
 -1.75817118e-01 -3.93845307e-02 -1.75817118e-01 -7.24590972e-02
 -1.42742551e-01 -1.59279834e-01  1.92137435e-01 -1.75817118e-01
 -1.01399343e-01  3.08989232e-02  2.54152247e-01 -1.75817118e-01
  9.70480563e-02 -1.75817118e-01 -1.75817118e-01 -1.75817118e-01
 -1.45786058e-02 -8.48620596e-02 -1.75817118e-01 -9.31307013e-02
 -1.75817118e-01 -1.75817118e-01 -1.75817118e-01  2.26302816e-02
 -1.75817118e-01 -1.75817118e-01 -9.31307013e-02 -1.75817118e-01
  3.15644546e+00 -1.75817118e-01 -1.51011193e-01  7.63764522e-02
 -9.31307013e-02  8.46450938e-02 -1.87129266e-02 -1.05533664e-01
 -1.75817118e-01  3.94719155e-01 -1.26205268e-01  7.63764522e-02
 -2.28472474e-02  1.42003072e+00  1.59062869e-01 -9.31307013e-02
 -1.87129266e-02 -1.48944032e-01 -1.75817118e-01  2.34198426e+00
 -5.59218139e-02 -1.75817118e-01 -7.65934180e-02 -3.52502098e-02
 -1.46876872e-01 -1.75817118e-01 -9.31307013e-02  2.70689531e-01
 -2.28472474e-02 -1.55145514e-01 -7.24590972e-02 -1.87129266e-02
 -4.35188515e-02 -1.01399343e-01 -1.75817118e-01 -1.75817118e-01
 -9.31307013e-02 -1.75817118e-01 -1.59279834e-01 -1.75817118e-01
 -9.31307013e-02  1.33734430e+00 -1.75817118e-01 -1.51011193e-01
  1.96271756e-01 -1.75817118e-01 -1.87129266e-02 -6.41904556e-02
 -1.75817118e-01 -3.11158890e-02 -1.75817118e-01  1.17719660e-01
 -1.75817118e-01  2.87226814e-01 -1.75817118e-01 -1.75817118e-01
  3.32704343e-01 -6.00561347e-02 -1.75817118e-01 -1.75817118e-01
  1.88003114e-01  6.81078106e-02 -1.75817118e-01  3.13163954e+00
  2.12809039e-01 -1.51011193e-01 -1.45786058e-02 -1.09667985e-01
 -1.01399343e-01  1.14303122e+00 -1.75817118e-01  7.22421314e-02
 -3.11158890e-02 -1.42742551e-01  1.98643267e+00 -1.38608230e-01
 -5.17874931e-02 -6.41904556e-02  2.87226814e-01 -1.75817118e-01
 -8.48620596e-02 -1.46876872e-01  1.33734430e+00 -9.31307013e-02
 -1.75817118e-01  3.16167060e-01 -1.55145514e-01 -9.72650221e-02
 -1.75817118e-01 -1.42742551e-01  3.46238520e+00  3.40972984e-01
 -1.75817118e-01 -1.75817118e-01 -1.75817118e-01 -1.34473909e-01
  1.34561294e+00 -4.35188515e-02 -1.75817118e-01 -1.75817118e-01
 -5.17874931e-02 -5.59218139e-02 -9.31307013e-02 -1.75817118e-01
 -1.75817118e-01 -1.75817118e-01 -1.75817118e-01 -1.71682797e-01
 -1.75817118e-01  2.70689531e-01 -1.75817118e-01 -1.75817118e-01
 -2.28472474e-02 -1.75817118e-01 -1.75817118e-01  1.96271756e-01
  5.57048481e-02 -1.75817118e-01 -1.75817118e-01 -1.75817118e-01
 -1.38608230e-01 -3.52502098e-02  1.95335810e+00 -1.75817118e-01
 -4.76531723e-02 -9.31307013e-02 -1.75817118e-01  2.04540397e-01
 -1.75817118e-01 -1.75817118e-01 -9.31307013e-02 -1.75817118e-01
 -1.75817118e-01 -1.09667985e-01 -1.67548476e-01 -1.34473909e-01
 -1.75817118e-01 -1.45786058e-02  3.03764097e-01 -9.31307013e-02
 -1.75817118e-01 -8.48620596e-02  2.67646024e-02 -1.75817118e-01
 -7.65934180e-02 -1.75817118e-01 -7.24590972e-02  1.75600152e-01
 -1.22070947e-01 -1.75817118e-01  3.49241626e-01 -9.31307013e-02
 -7.24590972e-02 -7.65934180e-02 -2.28472474e-02 -1.75817118e-01
  3.05722176e+00 -1.75817118e-01 -1.75817118e-01  1.43616400e-02
 -1.34473909e-01  5.57048481e-02 -1.46876872e-01 -9.31307013e-02
 -1.75817118e-01 -1.34473909e-01 -1.75817118e-01 -1.01399343e-01
 -1.75817118e-01 -1.75817118e-01  3.49241626e-01 -1.75817118e-01
  1.05316698e-01 -1.75817118e-01 -9.31307013e-02 -1.75817118e-01
 -1.75817118e-01  1.26292653e+00 -1.75817118e-01 -1.34473909e-01
 -1.75817118e-01 -1.75817118e-01  3.65778909e-01  5.15705273e-02
  1.01182377e-01 -7.65934180e-02 -1.75817118e-01 -5.59218139e-02
 -4.76531723e-02 -9.31307013e-02 -2.17564331e-03 -1.75817118e-01
 -1.75817118e-01  3.40972984e-01 -7.24590972e-02 -8.89963804e-02
  1.38391264e-01 -1.75817118e-01 -1.75817118e-01  1.79734473e-01
 -1.75817118e-01  3.36838664e-01 -1.75817118e-01 -1.75817118e-01
 -1.42742551e-01 -2.17564331e-03 -1.75817118e-01 -1.75817118e-01
 -1.75817118e-01 -1.75817118e-01 -1.04442849e-02  1.50794227e-01
 -7.65934180e-02  1.31253838e+00  1.19264307e+00 -1.75817118e-01
  1.34256944e-01 -1.75817118e-01 -9.31307013e-02 -1.75817118e-01
  1.67331510e-01 -1.59279834e-01 -2.28472474e-02 -1.75817118e-01
 -1.75817118e-01 -8.07277388e-02 -1.75817118e-01  1.09451019e-01
 -1.42742551e-01 -1.87129266e-02 -1.75817118e-01 -1.71682797e-01
 -1.75817118e-01 -1.75817118e-01 -1.75817118e-01 -1.75817118e-01
 -1.63414155e-01  1.46659906e-01 -1.75817118e-01 -1.75817118e-01
 -1.75817118e-01 -1.75817118e-01 -8.27948992e-02 -1.75817118e-01
 -1.75817118e-01  3.74047551e-01 -1.75817118e-01 -1.75817118e-01
 -1.26205268e-01 -4.76531723e-02  2.16943360e-01 -9.31307013e-02
 -1.75817118e-01 -3.52502098e-02 -6.83247764e-02 -1.75817118e-01
 -9.72650221e-02 -1.75817118e-01 -1.75817118e-01  2.54152247e-01
 -1.75817118e-01 -1.75817118e-01 -1.63414155e-01  4.23659401e-01
 -1.55145514e-01  1.40669181e+01  1.01182377e-01 -1.55145514e-01
 -1.75817118e-01 -1.75817118e-01  3.78181872e-01 -1.75817118e-01
  4.15390759e-01]
Split # 10
MSE: 0.1297994627218528
MAE: 0.08957035720377399
MAPE: 0.9924604699569849
R2: 0.8821408826511455
      Topic  Frequency   Timestamp  Frequency_Next_Year     Lag-1    Diff-1  \
4       157  -0.093131  2021-01-01                  NaN -0.010444 -0.082686   
13      285  -0.093131  2021-01-01                  NaN -0.175817  0.082686   
93      146  -0.175817  2021-01-01                  NaN  0.072242 -0.248059   
117      23   1.643284  2021-01-01                  NaN  0.568361  1.074923   
118     148  -0.010444  2021-01-01                  NaN -0.175817  0.165373   
...     ...        ...         ...                  ...       ...       ...   
4903    198  -0.175817  2021-01-01                  NaN -0.175817  0.000000   
4912    350  -0.175817  2021-01-01                  NaN -0.175817  0.000000   
4930    239  -0.175817  2020-01-01                  NaN -0.175817  0.000000   
4933    337  -0.175817  2021-01-01                  NaN -0.175817  0.000000   
4960     93  -0.093131  2021-01-01                  NaN -0.093131  0.000000   

      Rolling-4  
4     -0.093131  
13    -0.134474  
93    -0.051787  
117    0.961121  
118   -0.072459  
...         ...  
4903  -0.175817  
4912  -0.155146  
4930  -0.175817  
4933  -0.155146  
4960  -0.093131  

[376 rows x 7 columns]
[-0.0931307  -0.06419046 -0.10139934  1.49858281 -0.1716828   0.25001793
 -0.17581712 -0.10966798 -0.09726502 -0.15101119  0.14665991  0.63864408
 -0.17581712 -0.17581712 -0.08486206  0.05570485 -0.08899638 -0.1716828
  0.36577891 -0.11380231 -0.17581712 -0.17581712 -0.17581712 -0.17581712
 -0.17581712 -0.16754848 -0.16754848 -0.17581712 -0.10139934 -0.17581712
 -0.03111589 -0.17581712 -0.17581712 -0.10966798 -0.11793663 -0.01457861
 -0.17581712  3.00347559 -0.17581712 -0.06832478 -0.17581712 -0.06832478
 -0.17581712 -0.17581712 -0.17581712 -0.17581712 -0.09726502 -0.10139934
 -0.17581712 -0.17581712 -0.0931307  -0.17581712  0.21280904 -0.17581712
  1.56059763 -0.02698157 -0.17581712 -0.17581712 -0.14687687 -0.17581712
 -0.16341416 -0.17581712 -0.17581712 -0.09726502 -0.17581712 -0.17581712
 -0.17581712 -0.11380231 -0.17581712  0.12185398 -0.16754848 -0.12620527
 -0.11380231 -0.13447391  0.20867472 -0.15514551 -0.17581712 -0.08899638
 -0.0724591  -0.16754848  0.14252559 -0.17581712 -0.17581712 -0.17581712
 -0.0931307  -0.11380231 -0.0931307  -0.17581712 -0.11793663 -0.17581712
 -0.17581712  0.03916756 -0.13447391 -0.17581712 -0.17581712 -0.17581712
  8.02254106 -0.17581712 -0.15101119 -0.11793663 -0.11793663  0.22107768
 -0.12207095 -0.0931307  -0.17581712  0.6221068  -0.13860823 -0.12207095
 -0.15514551  0.79574827  0.23348064 -0.17581712 -0.13033959 -0.15101119
 -0.17581712  1.78385095 -0.0931307  -0.09726502 -0.11380231 -0.08072774
 -0.0931307  -0.17581712 -0.0931307   0.18800311  0.09291374 -0.17581712
 -0.15927983 -0.13033959 -0.04765317 -0.17581712 -0.17581712 -0.17581712
 -0.01044428 -0.1716828  -0.15101119 -0.17581712 -0.17581712  0.71306186
 -0.17581712 -0.17581712 -0.16754848 -0.17581712 -0.13860823 -0.03938453
 -0.12207095 -0.0931307  -0.17581712 -0.01044428 -0.17581712 -0.08486206
 -0.17581712 -0.11380231  0.26242089 -0.10139934 -0.17581712 -0.17581712
  0.15492855 -0.05592181 -0.17581712  5.23600883  0.28309249 -0.17581712
 -0.06832478 -0.13033959 -0.15927983  0.89083765 -0.17581712 -0.01457861
 -0.02698157 -0.13447391  1.6143438  -0.09726502 -0.09726502 -0.07659342
 -0.06832478 -0.0931307  -0.01871293 -0.17581712  1.46137393 -0.09726502
 -0.17581712  0.11358534 -0.13447391 -0.17581712 -0.0931307  -0.17581712
  7.25355739  0.25415225 -0.17581712 -0.17581712 -0.17581712 -0.14687687
  0.77921099 -0.04765317 -0.0931307  -0.11793663 -0.15376741 -0.17581712
 -0.17581712 -0.10139934 -0.17374996 -0.17581712 -0.17581712 -0.01044428
 -0.17581712  0.34097298 -0.17581712 -0.17581712 -0.03111589 -0.17581712
 -0.12207095 -0.10553366 -0.09933218 -0.17581712 -0.17581712 -0.17581712
 -0.08072774  0.03916756  2.26343216 -0.17581712 -0.17581712 -0.12620527
 -0.17581712  0.08877941 -0.17581712 -0.17581712 -0.17581712 -0.17581712
 -0.17581712 -0.16754848 -0.12620527 -0.1716828  -0.17374996  0.07224213
  0.32030138 -0.17581712 -0.17581712 -0.1716828   0.15079423 -0.0931307
 -0.10139934 -0.14274255 -0.10139934  0.15492855 -0.15927983 -0.17581712
  0.14665991 -0.14687687 -0.0931307  -0.03938453 -0.06832478 -0.17581712
  2.94146078 -0.15514551 -0.17581712  0.08464509 -0.10553366  0.0267646
 -0.11380231 -0.12620527 -0.16754848 -0.17581712 -0.17581712 -0.10966798
 -0.17581712 -0.17581712  0.23761496 -0.17581712  0.03089892 -0.17581712
 -0.10139934 -0.17581712 -0.0931307   0.7006589  -0.17581712 -0.15927983
 -0.17581712 -0.17581712  0.13839126  0.05983917 -0.0931307  -0.10139934
 -0.17581712 -0.09726502 -0.0931307  -0.17581712 -0.16754848 -0.03111589
 -0.17581712  0.3037641  -0.1716828  -0.17581712  0.20040608 -0.17581712
 -0.17581712  0.19627176 -0.17581712  0.29549546 -0.17581712 -0.17581712
 -0.13860823  0.10118238 -0.17581712 -0.13447391 -0.17581712 -0.17581712
 -0.16754848 -0.15514551 -0.10139934  1.45310528  0.49394285 -0.17581712
  0.20867472 -0.09726502 -0.14274255 -0.17581712  0.04330189 -0.17581712
 -0.05178749 -0.17581712 -0.17581712 -0.09726502 -0.17581712 -0.11380231
 -0.06832478 -0.10966798 -0.17581712 -0.0931307  -0.17581712 -0.17581712
 -0.17581712 -0.11380231 -0.0931307   0.28309249 -0.08899638 -0.17581712
 -0.0931307  -0.17581712  0.17560015 -0.17581712 -0.17581712 -0.13033959
 -0.15101119 -0.08072774  0.15079423 -0.03525021  0.28722681  0.16319719
 -0.08486206 -0.0931307  -0.11380231  0.0267646  -0.17581712  0.09291374
 -0.17581712 -0.10966798 -0.11380231 -0.08486206 -0.17581712 -0.17581712
 -0.0931307  -0.17581712 -0.0931307  -0.13033959 -0.17581712 -0.17581712
 -0.17581712  0.27895817 -0.12207095 -0.08486206 -0.17581712 -0.15376741
 -0.17581712 -0.17581712 -0.12207095 -0.11793663]
