The 10K report of MSFT from 2008 is already in the DB
The 10K report of MSFT from 2021 is already in the DB
The 10K report of MSFT from 2015 is already in the DB
The 10K report of MSFT from 2016 is already in the DB
The 10K report of MSFT from 2010 is already in the DB
The 10K report of MSFT from 2014 is already in the DB
The 10K report of MSFT from 2011 is already in the DB
The 10K report of MSFT from 2019 is already in the DB
The 10K report of MSFT from 2013 is already in the DB
The 10K report of MSFT from 2012 is already in the DB
The 10K report of MSFT from 2017 is already in the DB
The 10K report of MSFT from 2009 is already in the DB
The 10K report of MSFT from 2020 is already in the DB
The 10K report of MSFT from 2018 is already in the DB
The 10K report of AAPL from 2008 is already in the DB
The 10K report of AAPL from 2019 is already in the DB
The 10K report of AAPL from 2012 is already in the DB
The 10K report of AAPL from 2017 is already in the DB
The 10K report of AAPL from 2009 is already in the DB
The 10K report of AAPL from 2015 is already in the DB
The 10K report of AAPL from 2016 is already in the DB
The 10K report of AAPL from 2021 is already in the DB
The 10K report of AAPL from 2018 is already in the DB
The 10K report of AAPL from 2020 is already in the DB
The 10K report of AAPL from 2011 is already in the DB
The 10K report of AAPL from 2010 is already in the DB
The 10K report of AAPL from 2014 is already in the DB
The 10K report of AAPL from 2013 is already in the DB
The 10K report of AMZN from 2008 is already in the DB
The 10K report of AMZN from 2013 is already in the DB
The 10K report of AMZN from 2012 is already in the DB
The 10K report of AMZN from 2020 is already in the DB
The 10K report of AMZN from 2015 is already in the DB
The 10K report of AMZN from 2018 is already in the DB
The 10K report of AMZN from 2010 is already in the DB
The 10K report of AMZN from 2009 is already in the DB
The 10K report of AMZN from 2011 is already in the DB
The 10K report of AMZN from 2017 is already in the DB
The 10K report of AMZN from 2021 is already in the DB
The 10K report of AMZN from 2016 is already in the DB
The 10K report of AMZN from 2019 is already in the DB
The 10K report of AMZN from 2014 is already in the DB
The 10K report of FB from 2017 is already in the DB
The 10K report of FB from 2016 is already in the DB
The 10K report of FB from 2019 is already in the DB
The 10K report of FB from 2019 is already in the DB
The 10K report of FB from 2015 is already in the DB
The 10K report of FB from 2020 is already in the DB
The 10K report of FB from 2017 is already in the DB
The 10K report of FB from 2020 is already in the DB
GE does not have 10K reports in 08
GE does not have 10K reports in 08
GE does not have 10K reports in 09
BRK-A  does not have 10K reports in the selected timeframe
TSM  does not have 10K reports in the selected timeframe
TCEHY  does not have 10K reports in the selected timeframe
V does not have 10K reports in 08
V does not have 10K reports in 09
V does not have 10K reports in 08
V does not have 10K reports in 09
V does not have 10K reports in 09
V does not have 10K reports in 09
V does not have 10K reports in 08
V does not have 10K reports in 08
V does not have 10K reports in 09
